#
# There is insufficient memory for the Java Runtime Environment to continue.
# Native memory allocation (malloc) failed to allocate 32744 bytes for ChunkPool::allocate
# Possible reasons:
#   The system is out of physical RAM or swap space
#   The process is running with CompressedOops enabled, and the Java Heap may be blocking the growth of the native heap
# Possible solutions:
#   Reduce memory load on the system
#   Increase physical memory or swap space
#   Check if swap backing store is full
#   Decrease Java heap size (-Xmx/-Xms)
#   Decrease number of Java threads
#   Decrease Java thread stack sizes (-Xss)
#   Set larger code cache with -XX:ReservedCodeCacheSize=
#   JVM is running with Unscaled Compressed Oops mode in which the Java heap is
#     placed in the first 4GB address space. The Java Heap base address is the
#     maximum limit for the native heap growth. Please use -XX:HeapBaseMinAddress
#     to set the Java Heap base and to place the Java Heap above 4GB virtual address.
# This output file may be truncated or incomplete.
#
#  Out of Memory Error (arena.cpp:79), pid=65192, tid=65316
#
# JRE version: Java(TM) SE Runtime Environment (16.0.2+7) (build 16.0.2+7-67)
# Java VM: Java HotSpot(TM) 64-Bit Server VM (16.0.2+7-67, mixed mode, sharing, tiered, compressed oops, compressed class ptrs, g1 gc, windows-amd64)
# No core dump will be written. Minidumps are not enabled by default on client versions of Windows
#

---------------  S U M M A R Y ------------

Command Line: -Dfile.encoding=UTF-8 -agentlib:jdwp=transport=dt_shmem,address=javadebug --module-path=C:\Users\admin\Documents\NetBeansProjects\bank management system\build\classes bank.management.system.Signup2

Host: Intel(R) Core(TM) i5-8265U CPU @ 1.60GHz, 8 cores, 7G,  Windows 10 , 64 bit Build 19041 (10.0.19041.1741)
Time: Sat Jul 16 20:19:54 2022 India Standard Time elapsed time: 10282.591474 seconds (0d 2h 51m 22s)

---------------  T H R E A D  ---------------

Current thread (0x0000019a7fddb6e0):  JavaThread "C2 CompilerThread0" daemon [_thread_in_native, id=65316, stack(0x00000011cc100000,0x00000011cc200000)]


Current CompileTask:
C2:10282591 1315       4       sun.java2d.loops.GraphicsPrimitiveMgr::locate (104 bytes)

Stack: [0x00000011cc100000,0x00000011cc200000]
Native frames: (J=compiled Java code, j=interpreted, Vv=VM code, C=native code)
V  [jvm.dll+0x6681ca]
V  [jvm.dll+0x7c9e69]
V  [jvm.dll+0x7cb61e]
V  [jvm.dll+0x7cbc73]
V  [jvm.dll+0x242c55]
V  [jvm.dll+0xae10f]
V  [jvm.dll+0xae45c]
V  [jvm.dll+0x11b8d8]
V  [jvm.dll+0x691cdb]
V  [jvm.dll+0x1b9d8d]
V  [jvm.dll+0x215e16]
V  [jvm.dll+0x215100]
V  [jvm.dll+0x1a1beb]
V  [jvm.dll+0x225158]
V  [jvm.dll+0x22319c]
V  [jvm.dll+0x77fa62]
V  [jvm.dll+0x7795aa]
V  [jvm.dll+0x667066]
C  [ucrtbase.dll+0x21bb2]
C  [KERNEL32.DLL+0x17034]
C  [ntdll.dll+0x52651]


---------------  P R O C E S S  ---------------

Threads class SMR info:
_java_thread_list=0x0000019a0f9dd9f0, length=18, elements={
0x0000019a7fdc6700, 0x0000019a7fdc75c0, 0x0000019a7fdd14c0, 0x0000019a7fdd6000,
0x0000019a7fdd6a00, 0x0000019a7fdd7400, 0x0000019a7fddb6e0, 0x0000019a7fde41e0,
0x0000019a7fdfb020, 0x0000019a0f899870, 0x0000019a0f971360, 0x0000019a0fa40940,
0x0000019a0fba6a90, 0x0000019a0fba9fe0, 0x0000019a0fbb6010, 0x0000019a107b49e0,
0x0000019a0f9d9340, 0x0000019a108e4f20
}

Java Threads: ( => current thread )
  0x0000019a7fdc6700 JavaThread "Reference Handler" daemon [_thread_blocked, id=65292, stack(0x00000011cbb00000,0x00000011cbc00000)]
  0x0000019a7fdc75c0 JavaThread "Finalizer" daemon [_thread_blocked, id=65296, stack(0x00000011cbc00000,0x00000011cbd00000)]
  0x0000019a7fdd14c0 JavaThread "Signal Dispatcher" daemon [_thread_blocked, id=65300, stack(0x00000011cbd00000,0x00000011cbe00000)]
  0x0000019a7fdd6000 JavaThread "Attach Listener" daemon [_thread_blocked, id=65304, stack(0x00000011cbe00000,0x00000011cbf00000)]
  0x0000019a7fdd6a00 JavaThread "Service Thread" daemon [_thread_blocked, id=65308, stack(0x00000011cbf00000,0x00000011cc000000)]
  0x0000019a7fdd7400 JavaThread "Monitor Deflation Thread" daemon [_thread_blocked, id=65312, stack(0x00000011cc000000,0x00000011cc100000)]
=>0x0000019a7fddb6e0 JavaThread "C2 CompilerThread0" daemon [_thread_in_native, id=65316, stack(0x00000011cc100000,0x00000011cc200000)]
  0x0000019a7fde41e0 JavaThread "C1 CompilerThread0" daemon [_thread_blocked, id=65320, stack(0x00000011cc200000,0x00000011cc300000)]
  0x0000019a7fdfb020 JavaThread "Sweeper thread" daemon [_thread_blocked, id=65324, stack(0x00000011cc300000,0x00000011cc400000)]
  0x0000019a0f899870 JavaThread "Common-Cleaner" daemon [_thread_blocked, id=65328, stack(0x00000011cc400000,0x00000011cc500000)]
  0x0000019a0f971360 JavaThread "JDWP Event Helper Thread" daemon [_thread_blocked, id=65344, stack(0x00000011cc700000,0x00000011cc800000)]
  0x0000019a0fa40940 JavaThread "Notification Thread" daemon [_thread_blocked, id=65360, stack(0x00000011cc900000,0x00000011cca00000)]
  0x0000019a0fba6a90 JavaThread "Java2D Disposer" daemon [_thread_blocked, id=65368, stack(0x00000011cc500000,0x00000011cc600000)]
  0x0000019a0fba9fe0 JavaThread "AWT-Shutdown" [_thread_blocked, id=65372, stack(0x00000011ccb00000,0x00000011ccc00000)]
  0x0000019a0fbb6010 JavaThread "AWT-Windows" daemon [_thread_in_native, id=65376, stack(0x00000011ccc00000,0x00000011ccd00000)]
  0x0000019a107b49e0 JavaThread "AWT-EventQueue-0" [_thread_blocked, id=65380, stack(0x00000011ccd00000,0x00000011cce00000)]
  0x0000019a0f9d9340 JavaThread "org.netbeans.modules.debugger.jpda.visual AWT Access Loop" daemon [_thread_blocked, id=65384, stack(0x00000011cce00000,0x00000011ccf00000)]
  0x0000019a108e4f20 JavaThread "DestroyJavaVM" [_thread_blocked, id=65264, stack(0x00000011cb400000,0x00000011cb500000)]

Other Threads:
  0x0000019a7fdbfcd0 VMThread "VM Thread" [stack: 0x00000011cba00000,0x00000011cbb00000] [id=65288]
  0x0000019a0f99de50 WatcherThread [stack: 0x00000011cca00000,0x00000011ccb00000] [id=65364]
  0x0000019a6ee70bf0 GCTaskThread "GC Thread#0" [stack: 0x00000011cb500000,0x00000011cb600000] [id=65268]
  0x0000019a6ee82d80 ConcurrentGCThread "G1 Main Marker" [stack: 0x00000011cb600000,0x00000011cb700000] [id=65272]
  0x0000019a6ee84010 ConcurrentGCThread "G1 Conc#0" [stack: 0x00000011cb700000,0x00000011cb800000] [id=65276]
  0x0000019a7fc720c0 ConcurrentGCThread "G1 Refine#0" [stack: 0x00000011cb800000,0x00000011cb900000] [id=65280]
  0x0000019a7fc72bc0 ConcurrentGCThread "G1 Service" [stack: 0x00000011cb900000,0x00000011cba00000] [id=65284]

Threads with active compile tasks:
C2 CompilerThread0  10282647 1315       4       sun.java2d.loops.GraphicsPrimitiveMgr::locate (104 bytes)

VM state: not at safepoint (normal execution)

VM Mutex/Monitor currently owned by a thread: None

Heap address: 0x0000000081e00000, size: 2018 MB, Compressed Oops mode: 32-bit

CDS archive(s) mapped at: [0x0000000800000000-0x0000000800bb0000-0x0000000800bb0000), size 12255232, SharedBaseAddress: 0x0000000800000000, ArchiveRelocationMode: 0.
Compressed class space mapped at: 0x0000000800c00000-0x0000000840c00000, reserved size: 1073741824
Narrow klass base: 0x0000000800000000, Narrow klass shift: 3, Narrow klass range: 0x100000000

GC Precious Log:
 CPUs: 8 total, 8 available
 Memory: 8071M
 Large Page Support: Disabled
 NUMA Support: Disabled
 Compressed Oops: Enabled (32-bit)
 Heap Region Size: 1M
 Heap Min Capacity: 8M
 Heap Initial Capacity: 128M
 Heap Max Capacity: 2018M
 Pre-touch: Disabled
 Parallel Workers: 8
 Concurrent Workers: 2
 Concurrent Refinement Workers: 8
 Periodic GC: Disabled

Heap:
 garbage-first heap   total 131072K, used 20480K [0x0000000081e00000, 0x0000000100000000)
  region size 1024K, 17 young (17408K), 0 survivors (0K)
 Metaspace       used 9652K, committed 9920K, reserved 1064960K
  class space    used 1089K, committed 1216K, reserved 1048576K

Heap Regions: E=young(eden), S=young(survivor), O=old, HS=humongous(starts), HC=humongous(continues), CS=collection set, F=free, OA=open archive, CA=closed archive, TAMS=top-at-mark-start (previous, next)
|   0|0x0000000081e00000, 0x0000000081f00000, 0x0000000081f00000|100%|HS|  |TAMS 0x0000000081e00000, 0x0000000081e00000| Complete 
|   1|0x0000000081f00000, 0x0000000082000000, 0x0000000082000000|100%|HC|  |TAMS 0x0000000081f00000, 0x0000000081f00000| Complete 
|   2|0x0000000082000000, 0x0000000082100000, 0x0000000082100000|100%|HC|  |TAMS 0x0000000082000000, 0x0000000082000000| Complete 
|   3|0x0000000082100000, 0x0000000082200000, 0x0000000082200000|100%|HC|  |TAMS 0x0000000082100000, 0x0000000082100000| Complete 
|   4|0x0000000082200000, 0x0000000082200000, 0x0000000082300000|  0%| F|  |TAMS 0x0000000082200000, 0x0000000082200000| Untracked 
|   5|0x0000000082300000, 0x0000000082300000, 0x0000000082400000|  0%| F|  |TAMS 0x0000000082300000, 0x0000000082300000| Untracked 
|   6|0x0000000082400000, 0x0000000082400000, 0x0000000082500000|  0%| F|  |TAMS 0x0000000082400000, 0x0000000082400000| Untracked 
|   7|0x0000000082500000, 0x0000000082500000, 0x0000000082600000|  0%| F|  |TAMS 0x0000000082500000, 0x0000000082500000| Untracked 
|   8|0x0000000082600000, 0x0000000082600000, 0x0000000082700000|  0%| F|  |TAMS 0x0000000082600000, 0x0000000082600000| Untracked 
|   9|0x0000000082700000, 0x0000000082700000, 0x0000000082800000|  0%| F|  |TAMS 0x0000000082700000, 0x0000000082700000| Untracked 
|  10|0x0000000082800000, 0x0000000082800000, 0x0000000082900000|  0%| F|  |TAMS 0x0000000082800000, 0x0000000082800000| Untracked 
|  11|0x0000000082900000, 0x0000000082900000, 0x0000000082a00000|  0%| F|  |TAMS 0x0000000082900000, 0x0000000082900000| Untracked 
|  12|0x0000000082a00000, 0x0000000082a00000, 0x0000000082b00000|  0%| F|  |TAMS 0x0000000082a00000, 0x0000000082a00000| Untracked 
|  13|0x0000000082b00000, 0x0000000082b00000, 0x0000000082c00000|  0%| F|  |TAMS 0x0000000082b00000, 0x0000000082b00000| Untracked 
|  14|0x0000000082c00000, 0x0000000082c00000, 0x0000000082d00000|  0%| F|  |TAMS 0x0000000082c00000, 0x0000000082c00000| Untracked 
|  15|0x0000000082d00000, 0x0000000082d00000, 0x0000000082e00000|  0%| F|  |TAMS 0x0000000082d00000, 0x0000000082d00000| Untracked 
|  16|0x0000000082e00000, 0x0000000082e00000, 0x0000000082f00000|  0%| F|  |TAMS 0x0000000082e00000, 0x0000000082e00000| Untracked 
|  17|0x0000000082f00000, 0x0000000082f00000, 0x0000000083000000|  0%| F|  |TAMS 0x0000000082f00000, 0x0000000082f00000| Untracked 
|  18|0x0000000083000000, 0x0000000083000000, 0x0000000083100000|  0%| F|  |TAMS 0x0000000083000000, 0x0000000083000000| Untracked 
|  19|0x0000000083100000, 0x0000000083100000, 0x0000000083200000|  0%| F|  |TAMS 0x0000000083100000, 0x0000000083100000| Untracked 
|  20|0x0000000083200000, 0x0000000083200000, 0x0000000083300000|  0%| F|  |TAMS 0x0000000083200000, 0x0000000083200000| Untracked 
|  21|0x0000000083300000, 0x0000000083300000, 0x0000000083400000|  0%| F|  |TAMS 0x0000000083300000, 0x0000000083300000| Untracked 
|  22|0x0000000083400000, 0x0000000083400000, 0x0000000083500000|  0%| F|  |TAMS 0x0000000083400000, 0x0000000083400000| Untracked 
|  23|0x0000000083500000, 0x0000000083500000, 0x0000000083600000|  0%| F|  |TAMS 0x0000000083500000, 0x0000000083500000| Untracked 
|  24|0x0000000083600000, 0x0000000083600000, 0x0000000083700000|  0%| F|  |TAMS 0x0000000083600000, 0x0000000083600000| Untracked 
|  25|0x0000000083700000, 0x0000000083700000, 0x0000000083800000|  0%| F|  |TAMS 0x0000000083700000, 0x0000000083700000| Untracked 
|  26|0x0000000083800000, 0x0000000083800000, 0x0000000083900000|  0%| F|  |TAMS 0x0000000083800000, 0x0000000083800000| Untracked 
|  27|0x0000000083900000, 0x0000000083900000, 0x0000000083a00000|  0%| F|  |TAMS 0x0000000083900000, 0x0000000083900000| Untracked 
|  28|0x0000000083a00000, 0x0000000083a00000, 0x0000000083b00000|  0%| F|  |TAMS 0x0000000083a00000, 0x0000000083a00000| Untracked 
|  29|0x0000000083b00000, 0x0000000083b00000, 0x0000000083c00000|  0%| F|  |TAMS 0x0000000083b00000, 0x0000000083b00000| Untracked 
|  30|0x0000000083c00000, 0x0000000083c00000, 0x0000000083d00000|  0%| F|  |TAMS 0x0000000083c00000, 0x0000000083c00000| Untracked 
|  31|0x0000000083d00000, 0x0000000083d00000, 0x0000000083e00000|  0%| F|  |TAMS 0x0000000083d00000, 0x0000000083d00000| Untracked 
|  32|0x0000000083e00000, 0x0000000083e00000, 0x0000000083f00000|  0%| F|  |TAMS 0x0000000083e00000, 0x0000000083e00000| Untracked 
|  33|0x0000000083f00000, 0x0000000083f00000, 0x0000000084000000|  0%| F|  |TAMS 0x0000000083f00000, 0x0000000083f00000| Untracked 
|  34|0x0000000084000000, 0x0000000084000000, 0x0000000084100000|  0%| F|  |TAMS 0x0000000084000000, 0x0000000084000000| Untracked 
|  35|0x0000000084100000, 0x0000000084100000, 0x0000000084200000|  0%| F|  |TAMS 0x0000000084100000, 0x0000000084100000| Untracked 
|  36|0x0000000084200000, 0x0000000084200000, 0x0000000084300000|  0%| F|  |TAMS 0x0000000084200000, 0x0000000084200000| Untracked 
|  37|0x0000000084300000, 0x0000000084300000, 0x0000000084400000|  0%| F|  |TAMS 0x0000000084300000, 0x0000000084300000| Untracked 
|  38|0x0000000084400000, 0x0000000084400000, 0x0000000084500000|  0%| F|  |TAMS 0x0000000084400000, 0x0000000084400000| Untracked 
|  39|0x0000000084500000, 0x0000000084500000, 0x0000000084600000|  0%| F|  |TAMS 0x0000000084500000, 0x0000000084500000| Untracked 
|  40|0x0000000084600000, 0x0000000084600000, 0x0000000084700000|  0%| F|  |TAMS 0x0000000084600000, 0x0000000084600000| Untracked 
|  41|0x0000000084700000, 0x0000000084700000, 0x0000000084800000|  0%| F|  |TAMS 0x0000000084700000, 0x0000000084700000| Untracked 
|  42|0x0000000084800000, 0x0000000084800000, 0x0000000084900000|  0%| F|  |TAMS 0x0000000084800000, 0x0000000084800000| Untracked 
|  43|0x0000000084900000, 0x0000000084900000, 0x0000000084a00000|  0%| F|  |TAMS 0x0000000084900000, 0x0000000084900000| Untracked 
|  44|0x0000000084a00000, 0x0000000084a00000, 0x0000000084b00000|  0%| F|  |TAMS 0x0000000084a00000, 0x0000000084a00000| Untracked 
|  45|0x0000000084b00000, 0x0000000084b00000, 0x0000000084c00000|  0%| F|  |TAMS 0x0000000084b00000, 0x0000000084b00000| Untracked 
|  46|0x0000000084c00000, 0x0000000084c00000, 0x0000000084d00000|  0%| F|  |TAMS 0x0000000084c00000, 0x0000000084c00000| Untracked 
|  47|0x0000000084d00000, 0x0000000084d00000, 0x0000000084e00000|  0%| F|  |TAMS 0x0000000084d00000, 0x0000000084d00000| Untracked 
|  48|0x0000000084e00000, 0x0000000084e00000, 0x0000000084f00000|  0%| F|  |TAMS 0x0000000084e00000, 0x0000000084e00000| Untracked 
|  49|0x0000000084f00000, 0x0000000084f00000, 0x0000000085000000|  0%| F|  |TAMS 0x0000000084f00000, 0x0000000084f00000| Untracked 
|  50|0x0000000085000000, 0x0000000085000000, 0x0000000085100000|  0%| F|  |TAMS 0x0000000085000000, 0x0000000085000000| Untracked 
|  51|0x0000000085100000, 0x0000000085100000, 0x0000000085200000|  0%| F|  |TAMS 0x0000000085100000, 0x0000000085100000| Untracked 
|  52|0x0000000085200000, 0x0000000085200000, 0x0000000085300000|  0%| F|  |TAMS 0x0000000085200000, 0x0000000085200000| Untracked 
|  53|0x0000000085300000, 0x0000000085300000, 0x0000000085400000|  0%| F|  |TAMS 0x0000000085300000, 0x0000000085300000| Untracked 
|  54|0x0000000085400000, 0x0000000085400000, 0x0000000085500000|  0%| F|  |TAMS 0x0000000085400000, 0x0000000085400000| Untracked 
|  55|0x0000000085500000, 0x0000000085500000, 0x0000000085600000|  0%| F|  |TAMS 0x0000000085500000, 0x0000000085500000| Untracked 
|  56|0x0000000085600000, 0x0000000085600000, 0x0000000085700000|  0%| F|  |TAMS 0x0000000085600000, 0x0000000085600000| Untracked 
|  57|0x0000000085700000, 0x0000000085700000, 0x0000000085800000|  0%| F|  |TAMS 0x0000000085700000, 0x0000000085700000| Untracked 
|  58|0x0000000085800000, 0x0000000085800000, 0x0000000085900000|  0%| F|  |TAMS 0x0000000085800000, 0x0000000085800000| Untracked 
|  59|0x0000000085900000, 0x0000000085900000, 0x0000000085a00000|  0%| F|  |TAMS 0x0000000085900000, 0x0000000085900000| Untracked 
|  60|0x0000000085a00000, 0x0000000085a00000, 0x0000000085b00000|  0%| F|  |TAMS 0x0000000085a00000, 0x0000000085a00000| Untracked 
|  61|0x0000000085b00000, 0x0000000085b00000, 0x0000000085c00000|  0%| F|  |TAMS 0x0000000085b00000, 0x0000000085b00000| Untracked 
|  62|0x0000000085c00000, 0x0000000085c00000, 0x0000000085d00000|  0%| F|  |TAMS 0x0000000085c00000, 0x0000000085c00000| Untracked 
|  63|0x0000000085d00000, 0x0000000085d00000, 0x0000000085e00000|  0%| F|  |TAMS 0x0000000085d00000, 0x0000000085d00000| Untracked 
|  64|0x0000000085e00000, 0x0000000085e00000, 0x0000000085f00000|  0%| F|  |TAMS 0x0000000085e00000, 0x0000000085e00000| Untracked 
|  65|0x0000000085f00000, 0x0000000085f00000, 0x0000000086000000|  0%| F|  |TAMS 0x0000000085f00000, 0x0000000085f00000| Untracked 
|  66|0x0000000086000000, 0x0000000086000000, 0x0000000086100000|  0%| F|  |TAMS 0x0000000086000000, 0x0000000086000000| Untracked 
|  67|0x0000000086100000, 0x0000000086100000, 0x0000000086200000|  0%| F|  |TAMS 0x0000000086100000, 0x0000000086100000| Untracked 
|  68|0x0000000086200000, 0x0000000086200000, 0x0000000086300000|  0%| F|  |TAMS 0x0000000086200000, 0x0000000086200000| Untracked 
|  69|0x0000000086300000, 0x0000000086300000, 0x0000000086400000|  0%| F|  |TAMS 0x0000000086300000, 0x0000000086300000| Untracked 
|  70|0x0000000086400000, 0x0000000086400000, 0x0000000086500000|  0%| F|  |TAMS 0x0000000086400000, 0x0000000086400000| Untracked 
|  71|0x0000000086500000, 0x0000000086500000, 0x0000000086600000|  0%| F|  |TAMS 0x0000000086500000, 0x0000000086500000| Untracked 
|  72|0x0000000086600000, 0x0000000086600000, 0x0000000086700000|  0%| F|  |TAMS 0x0000000086600000, 0x0000000086600000| Untracked 
|  73|0x0000000086700000, 0x0000000086700000, 0x0000000086800000|  0%| F|  |TAMS 0x0000000086700000, 0x0000000086700000| Untracked 
|  74|0x0000000086800000, 0x0000000086800000, 0x0000000086900000|  0%| F|  |TAMS 0x0000000086800000, 0x0000000086800000| Untracked 
|  75|0x0000000086900000, 0x0000000086900000, 0x0000000086a00000|  0%| F|  |TAMS 0x0000000086900000, 0x0000000086900000| Untracked 
|  76|0x0000000086a00000, 0x0000000086a00000, 0x0000000086b00000|  0%| F|  |TAMS 0x0000000086a00000, 0x0000000086a00000| Untracked 
|  77|0x0000000086b00000, 0x0000000086b00000, 0x0000000086c00000|  0%| F|  |TAMS 0x0000000086b00000, 0x0000000086b00000| Untracked 
|  78|0x0000000086c00000, 0x0000000086c00000, 0x0000000086d00000|  0%| F|  |TAMS 0x0000000086c00000, 0x0000000086c00000| Untracked 
|  79|0x0000000086d00000, 0x0000000086d00000, 0x0000000086e00000|  0%| F|  |TAMS 0x0000000086d00000, 0x0000000086d00000| Untracked 
|  80|0x0000000086e00000, 0x0000000086e00000, 0x0000000086f00000|  0%| F|  |TAMS 0x0000000086e00000, 0x0000000086e00000| Untracked 
|  81|0x0000000086f00000, 0x0000000086f00000, 0x0000000087000000|  0%| F|  |TAMS 0x0000000086f00000, 0x0000000086f00000| Untracked 
|  82|0x0000000087000000, 0x0000000087000000, 0x0000000087100000|  0%| F|  |TAMS 0x0000000087000000, 0x0000000087000000| Untracked 
|  83|0x0000000087100000, 0x0000000087100000, 0x0000000087200000|  0%| F|  |TAMS 0x0000000087100000, 0x0000000087100000| Untracked 
|  84|0x0000000087200000, 0x0000000087200000, 0x0000000087300000|  0%| F|  |TAMS 0x0000000087200000, 0x0000000087200000| Untracked 
|  85|0x0000000087300000, 0x0000000087300000, 0x0000000087400000|  0%| F|  |TAMS 0x0000000087300000, 0x0000000087300000| Untracked 
|  86|0x0000000087400000, 0x0000000087400000, 0x0000000087500000|  0%| F|  |TAMS 0x0000000087400000, 0x0000000087400000| Untracked 
|  87|0x0000000087500000, 0x0000000087500000, 0x0000000087600000|  0%| F|  |TAMS 0x0000000087500000, 0x0000000087500000| Untracked 
|  88|0x0000000087600000, 0x0000000087600000, 0x0000000087700000|  0%| F|  |TAMS 0x0000000087600000, 0x0000000087600000| Untracked 
|  89|0x0000000087700000, 0x0000000087700000, 0x0000000087800000|  0%| F|  |TAMS 0x0000000087700000, 0x0000000087700000| Untracked 
|  90|0x0000000087800000, 0x0000000087800000, 0x0000000087900000|  0%| F|  |TAMS 0x0000000087800000, 0x0000000087800000| Untracked 
|  91|0x0000000087900000, 0x0000000087900000, 0x0000000087a00000|  0%| F|  |TAMS 0x0000000087900000, 0x0000000087900000| Untracked 
|  92|0x0000000087a00000, 0x0000000087a00000, 0x0000000087b00000|  0%| F|  |TAMS 0x0000000087a00000, 0x0000000087a00000| Untracked 
|  93|0x0000000087b00000, 0x0000000087b00000, 0x0000000087c00000|  0%| F|  |TAMS 0x0000000087b00000, 0x0000000087b00000| Untracked 
|  94|0x0000000087c00000, 0x0000000087c00000, 0x0000000087d00000|  0%| F|  |TAMS 0x0000000087c00000, 0x0000000087c00000| Untracked 
|  95|0x0000000087d00000, 0x0000000087d00000, 0x0000000087e00000|  0%| F|  |TAMS 0x0000000087d00000, 0x0000000087d00000| Untracked 
|  96|0x0000000087e00000, 0x0000000087e00000, 0x0000000087f00000|  0%| F|  |TAMS 0x0000000087e00000, 0x0000000087e00000| Untracked 
|  97|0x0000000087f00000, 0x0000000087f00000, 0x0000000088000000|  0%| F|  |TAMS 0x0000000087f00000, 0x0000000087f00000| Untracked 
|  98|0x0000000088000000, 0x0000000088000000, 0x0000000088100000|  0%| F|  |TAMS 0x0000000088000000, 0x0000000088000000| Untracked 
|  99|0x0000000088100000, 0x0000000088100000, 0x0000000088200000|  0%| F|  |TAMS 0x0000000088100000, 0x0000000088100000| Untracked 
| 100|0x0000000088200000, 0x0000000088200000, 0x0000000088300000|  0%| F|  |TAMS 0x0000000088200000, 0x0000000088200000| Untracked 
| 101|0x0000000088300000, 0x0000000088300000, 0x0000000088400000|  0%| F|  |TAMS 0x0000000088300000, 0x0000000088300000| Untracked 
| 102|0x0000000088400000, 0x0000000088400000, 0x0000000088500000|  0%| F|  |TAMS 0x0000000088400000, 0x0000000088400000| Untracked 
| 103|0x0000000088500000, 0x0000000088500000, 0x0000000088600000|  0%| F|  |TAMS 0x0000000088500000, 0x0000000088500000| Untracked 
| 104|0x0000000088600000, 0x0000000088600000, 0x0000000088700000|  0%| F|  |TAMS 0x0000000088600000, 0x0000000088600000| Untracked 
| 105|0x0000000088700000, 0x0000000088700000, 0x0000000088800000|  0%| F|  |TAMS 0x0000000088700000, 0x0000000088700000| Untracked 
| 106|0x0000000088800000, 0x0000000088800000, 0x0000000088900000|  0%| F|  |TAMS 0x0000000088800000, 0x0000000088800000| Untracked 
| 107|0x0000000088900000, 0x0000000088900000, 0x0000000088a00000|  0%| F|  |TAMS 0x0000000088900000, 0x0000000088900000| Untracked 
| 108|0x0000000088a00000, 0x0000000088a00000, 0x0000000088b00000|  0%| F|  |TAMS 0x0000000088a00000, 0x0000000088a00000| Untracked 
| 109|0x0000000088b00000, 0x0000000088b00000, 0x0000000088c00000|  0%| F|  |TAMS 0x0000000088b00000, 0x0000000088b00000| Untracked 
| 110|0x0000000088c00000, 0x0000000088c00000, 0x0000000088d00000|  0%| F|  |TAMS 0x0000000088c00000, 0x0000000088c00000| Untracked 
| 111|0x0000000088d00000, 0x0000000088d76440, 0x0000000088e00000| 46%| E|  |TAMS 0x0000000088d00000, 0x0000000088d00000| Complete 
| 112|0x0000000088e00000, 0x0000000088f00000, 0x0000000088f00000|100%| E|CS|TAMS 0x0000000088e00000, 0x0000000088e00000| Complete 
| 113|0x0000000088f00000, 0x0000000089000000, 0x0000000089000000|100%| E|CS|TAMS 0x0000000088f00000, 0x0000000088f00000| Complete 
| 114|0x0000000089000000, 0x0000000089100000, 0x0000000089100000|100%| E|CS|TAMS 0x0000000089000000, 0x0000000089000000| Complete 
| 115|0x0000000089100000, 0x0000000089200000, 0x0000000089200000|100%| E|CS|TAMS 0x0000000089100000, 0x0000000089100000| Complete 
| 116|0x0000000089200000, 0x0000000089300000, 0x0000000089300000|100%| E|CS|TAMS 0x0000000089200000, 0x0000000089200000| Complete 
| 117|0x0000000089300000, 0x0000000089400000, 0x0000000089400000|100%| E|CS|TAMS 0x0000000089300000, 0x0000000089300000| Complete 
| 118|0x0000000089400000, 0x0000000089500000, 0x0000000089500000|100%| E|CS|TAMS 0x0000000089400000, 0x0000000089400000| Complete 
| 119|0x0000000089500000, 0x0000000089600000, 0x0000000089600000|100%| E|CS|TAMS 0x0000000089500000, 0x0000000089500000| Complete 
| 120|0x0000000089600000, 0x0000000089700000, 0x0000000089700000|100%| E|CS|TAMS 0x0000000089600000, 0x0000000089600000| Complete 
| 121|0x0000000089700000, 0x0000000089800000, 0x0000000089800000|100%| E|CS|TAMS 0x0000000089700000, 0x0000000089700000| Complete 
| 122|0x0000000089800000, 0x0000000089900000, 0x0000000089900000|100%| E|CS|TAMS 0x0000000089800000, 0x0000000089800000| Complete 
| 123|0x0000000089900000, 0x0000000089a00000, 0x0000000089a00000|100%| E|CS|TAMS 0x0000000089900000, 0x0000000089900000| Complete 
| 124|0x0000000089a00000, 0x0000000089b00000, 0x0000000089b00000|100%| E|CS|TAMS 0x0000000089a00000, 0x0000000089a00000| Complete 
| 125|0x0000000089b00000, 0x0000000089c00000, 0x0000000089c00000|100%| E|CS|TAMS 0x0000000089b00000, 0x0000000089b00000| Complete 
| 126|0x0000000089c00000, 0x0000000089d00000, 0x0000000089d00000|100%| E|CS|TAMS 0x0000000089c00000, 0x0000000089c00000| Complete 
| 127|0x0000000089d00000, 0x0000000089e00000, 0x0000000089e00000|100%| E|CS|TAMS 0x0000000089d00000, 0x0000000089d00000| Complete 

Card table byte_map: [0x0000019a78c00000,0x0000019a79000000] _byte_map_base: 0x0000019a787f1000

Marking Bits (Prev, Next): (CMBitMap*) 0x0000019a6ee726f0, (CMBitMap*) 0x0000019a6ee72730
 Prev Bits: [0x0000019a79400000, 0x0000019a7b388000)
 Next Bits: [0x0000019a7b390000, 0x0000019a7d318000)

Polling page: 0x0000019a6ef10000

Metaspace:

Usage:
  Non-class:      8.36 MB used.
      Class:      1.06 MB used.
       Both:      9.43 MB used.

Virtual space:
  Non-class space:       16.00 MB reserved,       8.50 MB ( 53%) committed,  2 nodes.
      Class space:        1.00 GB reserved,       1.19 MB ( <1%) committed,  1 nodes.
              Both:        1.02 GB reserved,       9.69 MB ( <1%) committed. 

Chunk freelists:
   Non-Class:  2.98 MB
       Class:  2.73 MB
        Both:  5.72 MB

MaxMetaspaceSize: 17179869184.00 GB
CompressedClassSpaceSize: 1.00 GB
 - commit_granule_bytes: 65536.
 - commit_granule_words: 8192.
 - virtual_space_node_default_size: 1048576.
 - enlarge_chunks_in_place: 1.
 - new_chunks_are_fully_committed: 0.
 - uncommit_free_chunks: 1.
 - use_allocation_guard: 0.
 - handle_deallocations: 1.


Internal statistics:

num_allocs_failed_limit: 0.
num_arena_births: 114.
num_arena_deaths: 0.
num_vsnodes_births: 3.
num_vsnodes_deaths: 0.
num_space_committed: 155.
num_space_uncommitted: 0.
num_chunks_returned_to_freelist: 0.
num_chunks_taken_from_freelist: 157.
num_chunk_merges: 0.
num_chunk_splits: 94.
num_chunks_enlarged: 47.
num_purges: 0.

CodeHeap 'non-profiled nmethods': size=120000Kb used=410Kb max_used=410Kb free=119590Kb
 bounds [0x0000019a07ad0000, 0x0000019a07d40000, 0x0000019a0f000000]
CodeHeap 'profiled nmethods': size=120000Kb used=2220Kb max_used=2220Kb free=117779Kb
 bounds [0x0000019a005a0000, 0x0000019a00810000, 0x0000019a07ad0000]
CodeHeap 'non-nmethods': size=5760Kb used=1372Kb max_used=1416Kb free=4387Kb
 bounds [0x0000019a00000000, 0x0000019a00270000, 0x0000019a005a0000]
 total_blobs=1942 nmethods=1313 adapters=542
 compilation: enabled
              stopped_count=0, restarted_count=0
 full_count=0

Compilation events (20 events):
Event: 8808.231 Thread 0x0000019a7fde41e0 nmethod 1305 0x0000019a007c5190 code [0x0000019a007c5360, 0x0000019a007c56c8]
Event: 8808.231 Thread 0x0000019a7fde41e0 1306       3       java.awt.EventQueue::getPriority (78 bytes)
Event: 8808.235 Thread 0x0000019a7fde41e0 nmethod 1306 0x0000019a007c5890 code [0x0000019a007c5a80, 0x0000019a007c60d8]
Event: 8808.235 Thread 0x0000019a7fde41e0 1307       3       java.awt.EventQueue::postEvent (172 bytes)
Event: 8808.244 Thread 0x0000019a7fde41e0 nmethod 1307 0x0000019a007c6210 code [0x0000019a007c6560, 0x0000019a007c79f8]
Event: 8808.339 Thread 0x0000019a7fde41e0 1308       3       java.awt.Container::updateChildGraphicsData (55 bytes)
Event: 8808.341 Thread 0x0000019a7fde41e0 nmethod 1308 0x0000019a007c8110 code [0x0000019a007c8340, 0x0000019a007c8b18]
Event: 8808.341 Thread 0x0000019a7fde41e0 1310       3       java.awt.geom.AffineTransform::equals (92 bytes)
Event: 8808.342 Thread 0x0000019a7fde41e0 nmethod 1310 0x0000019a007c8e10 code [0x0000019a007c8fe0, 0x0000019a007c95f8]
Event: 8808.342 Thread 0x0000019a7fde41e0 1309       1       sun.awt.NullComponentPeer::updateGraphicsData (2 bytes)
Event: 8808.342 Thread 0x0000019a7fde41e0 nmethod 1309 0x0000019a07b35f10 code [0x0000019a07b360a0, 0x0000019a07b36178]
Event: 8808.418 Thread 0x0000019a7fde41e0 1311       3       java.util.IdentityHashMap$IdentityHashMapIterator::nextIndex (72 bytes)
Event: 8808.418 Thread 0x0000019a7fde41e0 nmethod 1311 0x0000019a007c9710 code [0x0000019a007c9900, 0x0000019a007c9ca8]
Event: 8808.423 Thread 0x0000019a7fde41e0 1313  s    3       sun.java2d.loops.GraphicsPrimitiveMgr::locatePrim (95 bytes)
Event: 8808.423 Thread 0x0000019a7fddb6e0 1312  s    4       sun.java2d.loops.GraphicsPrimitive::makeUniqueID (26 bytes)
Event: 8808.425 Thread 0x0000019a7fddb6e0 nmethod 1312 0x0000019a07b36210 code [0x0000019a07b363a0, 0x0000019a07b36678]
Event: 8808.425 Thread 0x0000019a7fde41e0 nmethod 1313 0x0000019a007c9e10 code [0x0000019a007ca040, 0x0000019a007ca8e8]
Event: 8808.425 Thread 0x0000019a7fde41e0 1314       3       sun.awt.Win32GraphicsConfig::getDefaultTransform (24 bytes)
Event: 8808.426 Thread 0x0000019a7fde41e0 nmethod 1314 0x0000019a007cad10 code [0x0000019a007caec0, 0x0000019a007cb168]
Event: 10282.580 Thread 0x0000019a7fddb6e0 1315       4       sun.java2d.loops.GraphicsPrimitiveMgr::locate (104 bytes)

GC Heap History (0 events):
No events

Deoptimization events (20 events):
Event: 1.290 Thread 0x0000019a107b49e0 DEOPT PACKING pc=0x0000019a005b94ea sp=0x00000011ccdfd0a0
Event: 1.290 Thread 0x0000019a107b49e0 DEOPT UNPACKING pc=0x0000019a0004dece sp=0x00000011ccdfc4c0 mode 0
Event: 1.560 Thread 0x0000019a107b49e0 Uncommon trap: trap_request=0xffffff45 fr.pc=0x0000019a07adba0c relative=0x000000000000026c
Event: 1.560 Thread 0x0000019a107b49e0 Uncommon trap: reason=unstable_if action=reinterpret pc=0x0000019a07adba0c method=java.lang.String.hashCode()I @ 20 c2
Event: 1.560 Thread 0x0000019a107b49e0 DEOPT PACKING pc=0x0000019a07adba0c sp=0x00000011ccdfd1d0
Event: 1.560 Thread 0x0000019a107b49e0 DEOPT UNPACKING pc=0x0000019a0004d72e sp=0x00000011ccdfd170 mode 2
Event: 1.597 Thread 0x0000019a107b49e0 Uncommon trap: trap_request=0xffffff45 fr.pc=0x0000019a07b1a00c relative=0x000000000000064c
Event: 1.597 Thread 0x0000019a107b49e0 Uncommon trap: reason=unstable_if action=reinterpret pc=0x0000019a07b1a00c method=java.lang.Character.isSurrogate(C)Z @ 3 c2
Event: 1.597 Thread 0x0000019a107b49e0 DEOPT PACKING pc=0x0000019a07b1a00c sp=0x00000011ccdfce50
Event: 1.597 Thread 0x0000019a107b49e0 DEOPT UNPACKING pc=0x0000019a0004d72e sp=0x00000011ccdfcd78 mode 2
Event: 1.698 Thread 0x0000019a107b49e0 Uncommon trap: trap_request=0xffffff45 fr.pc=0x0000019a07b163fc relative=0x000000000000015c
Event: 1.698 Thread 0x0000019a107b49e0 Uncommon trap: reason=unstable_if action=reinterpret pc=0x0000019a07b163fc method=java.lang.ThreadLocal$ThreadLocalMap.getEntry(Ljava/lang/ThreadLocal;)Ljava/lang/ThreadLocal$ThreadLocalMap$Entry; @ 21 c2
Event: 1.698 Thread 0x0000019a107b49e0 DEOPT PACKING pc=0x0000019a07b163fc sp=0x00000011ccdfd7a0
Event: 1.698 Thread 0x0000019a107b49e0 DEOPT UNPACKING pc=0x0000019a0004d72e sp=0x00000011ccdfd6c8 mode 2
Event: 1.809 Thread 0x0000019a0fbb6010 DEOPT PACKING pc=0x0000019a0077df02 sp=0x00000011cccfdfe0
Event: 1.809 Thread 0x0000019a0fbb6010 DEOPT UNPACKING pc=0x0000019a0004dece sp=0x00000011cccfd488 mode 3
Event: 15.233 Thread 0x0000019a107b49e0 Uncommon trap: trap_request=0xffffff45 fr.pc=0x0000019a07b2fae0 relative=0x00000000000000c0
Event: 15.233 Thread 0x0000019a107b49e0 Uncommon trap: reason=unstable_if action=reinterpret pc=0x0000019a07b2fae0 method=java.awt.Component.inside(II)Z @ 1 c2
Event: 15.233 Thread 0x0000019a107b49e0 DEOPT PACKING pc=0x0000019a07b2fae0 sp=0x00000011ccdfeaf0
Event: 15.233 Thread 0x0000019a107b49e0 DEOPT UNPACKING pc=0x0000019a0004d72e sp=0x00000011ccdfe9b0 mode 2

Classes unloaded (0 events):
No events

Classes redefined (0 events):
No events

Internal exceptions (18 events):
Event: 0.240 Thread 0x0000019a6ee31cf0 Exception <a 'sun/nio/fs/WindowsException'{0x0000000089c40890}> (0x0000000089c40890) 
thrown [t:\workspace\open\src\hotspot\share\prims\jni.cpp, line 579]
Event: 0.241 Thread 0x0000019a6ee31cf0 Exception <a 'sun/nio/fs/WindowsException'{0x0000000089c40e08}> (0x0000000089c40e08) 
thrown [t:\workspace\open\src\hotspot\share\prims\jni.cpp, line 579]
Event: 0.249 Thread 0x0000019a6ee31cf0 Exception <a 'sun/nio/fs/WindowsException'{0x0000000089c43218}> (0x0000000089c43218) 
thrown [t:\workspace\open\src\hotspot\share\prims\jni.cpp, line 579]
Event: 0.250 Thread 0x0000019a6ee31cf0 Exception <a 'sun/nio/fs/WindowsException'{0x0000000089c43d18}> (0x0000000089c43d18) 
thrown [t:\workspace\open\src\hotspot\share\prims\jni.cpp, line 579]
Event: 0.603 Thread 0x0000019a6ee31cf0 Exception <a 'java/lang/NoSuchMethodError'{0x0000000089b1b1c8}: 'void java.lang.invoke.DirectMethodHandle$Holder.invokeSpecial(java.lang.Object, java.lang.Object, java.lang.Object)'> (0x0000000089b1b1c8) 
thrown [t:\workspace\open\src\hotspot\share\interpreter\linkResolver.cpp, line 790]
Event: 0.633 Thread 0x0000019a6ee31cf0 Exception <a 'java/lang/ClassNotFoundException'{0x0000000089b31fc0}: sun/awt/resources/spi/awtProvider> (0x0000000089b31fc0) 
thrown [t:\workspace\open\src\hotspot\share\classfile\systemDictionary.cpp, line 256]
Event: 0.669 Thread 0x0000019a6ee31cf0 Exception <a 'java/io/FileNotFoundException'{0x0000000089b86678}> (0x0000000089b86678) 
thrown [t:\workspace\open\src\hotspot\share\prims\jni.cpp, line 579]
Event: 0.682 Thread 0x0000019a6ee31cf0 Exception <a 'java/io/FileNotFoundException'{0x0000000089bb52b8}> (0x0000000089bb52b8) 
thrown [t:\workspace\open\src\hotspot\share\prims\jni.cpp, line 579]
Event: 0.683 Thread 0x0000019a6ee31cf0 Exception <a 'java/lang/NoSuchMethodError'{0x0000000089bb63b0}: 'java.lang.Object java.lang.invoke.DirectMethodHandle$Holder.invokeStatic(java.lang.Object)'> (0x0000000089bb63b0) 
thrown [t:\workspace\open\src\hotspot\share\interpreter\linkResolver.cpp, line 790]
Event: 0.759 Thread 0x0000019a6ee31cf0 Exception <a 'java/lang/NoSuchMethodError'{0x0000000089a05e80}: 'java.lang.Object java.lang.invoke.DirectMethodHandle$Holder.invokeStaticInit(java.lang.Object)'> (0x0000000089a05e80) 
thrown [t:\workspace\open\src\hotspot\share\interpreter\linkResolver.cpp, line 790]
Event: 0.821 Thread 0x0000019a6ee31cf0 Exception <a 'java/lang/NoSuchMethodError'{0x0000000089aecbc0}: 'java.lang.Object java.lang.invoke.DirectMethodHandle$Holder.newInvokeSpecial(java.lang.Object, java.lang.Object, java.lang.Object, java.lang.Object, java.lang.Object)'> (0x0000000089aecbc0) 
thrown [t:\workspace\open\src\hotspot\share\interpreter\linkResolver.cpp, line 790]
Event: 0.824 Thread 0x0000019a6ee31cf0 Exception <a 'java/lang/NoSuchMethodError'{0x0000000089af86a8}: 'java.lang.Object java.lang.invoke.DirectMethodHandle$Holder.invokeStatic(java.lang.Object, int, java.lang.Object, java.lang.Object, java.lang.Object, java.lang.Object)'> (0x0000000089af86a8) 
thrown [t:\workspace\open\src\hotspot\share\interpreter\linkResolver.cpp, line 790]
Event: 0.833 Thread 0x0000019a6ee31cf0 Exception <a 'java/lang/NoSuchMethodError'{0x000000008991ec10}: 'java.lang.Object java.lang.invoke.DirectMethodHandle$Holder.invokeStatic(java.lang.Object, int, java.lang.Object)'> (0x000000008991ec10) 
thrown [t:\workspace\open\src\hotspot\share\interpreter\linkResolver.cpp, line 790]
Event: 0.874 Thread 0x0000019a6ee31cf0 Exception <a 'java/lang/ClassNotFoundException'{0x00000000899d6fa0}: com/sun/swing/internal/plaf/metal/resources/spi/metalProvider> (0x00000000899d6fa0) 
thrown [t:\workspace\open\src\hotspot\share\classfile\systemDictionary.cpp, line 256]
Event: 0.876 Thread 0x0000019a6ee31cf0 Exception <a 'java/lang/ClassNotFoundException'{0x00000000899db248}: com/sun/swing/internal/plaf/basic/resources/spi/basicProvider> (0x00000000899db248) 
thrown [t:\workspace\open\src\hotspot\share\classfile\systemDictionary.cpp, line 256]
Event: 1.008 Thread 0x0000019a0fbb6010 Exception <a 'java/lang/NoSuchMethodError'{0x0000000089a85b98}: 'void java.lang.invoke.DirectMethodHandle$Holder.invokeVirtual(java.lang.Object, java.lang.Object)'> (0x0000000089a85b98) 
thrown [t:\workspace\open\src\hotspot\share\interpreter\linkResolver.cpp, line 790]
Event: 1.030 Thread 0x0000019a6ee31cf0 Exception <a 'java/lang/NoSuchMethodError'{0x000000008970b270}: 'void java.lang.invoke.DirectMethodHandle$Holder.invokeStaticInit(java.lang.Object)'> (0x000000008970b270) 
thrown [t:\workspace\open\src\hotspot\share\interpreter\linkResolver.cpp, line 790]
Event: 1.698 Thread 0x0000019a107b49e0 Implicit null exception at 0x0000019a07b16312 to 0x0000019a07b163dc

Events (20 events):
Event: 3282.265 loading class java/awt/desktop/SystemSleepListener
Event: 3282.268 loading class java/awt/desktop/SystemEventListener
Event: 3282.269 loading class java/awt/desktop/SystemEventListener done
Event: 3282.270 loading class java/awt/desktop/SystemSleepListener done
Event: 5614.418 Executing  VM operation: ChangeBreakpoints
Event: 5614.429 Executing  VM operation: ChangeBreakpoints done
Event: 5614.438 Thread 0x0000019a0fa40210 Thread exited: 0x0000019a0fa40210
Event: 5614.475 Thread 0x0000019a0f96e750 Thread exited: 0x0000019a0f96e750
Event: 7310.725 Executing  VM operation: Cleanup
Event: 7310.728 Executing  VM operation: Cleanup done
Event: 8796.651 loading class java/util/WeakHashMap$KeyIterator
Event: 8796.671 loading class java/util/WeakHashMap$HashIterator
Event: 8796.680 loading class java/util/WeakHashMap$HashIterator done
Event: 8796.680 loading class java/util/WeakHashMap$KeyIterator done
Event: 8796.702 loading class javax/swing/RepaintManager$DisplayChangedRunnable
Event: 8796.710 loading class javax/swing/RepaintManager$DisplayChangedRunnable done
Event: 8797.492 Executing  VM operation: Cleanup
Event: 8797.492 Executing  VM operation: Cleanup done
Event: 8808.585 Executing  VM operation: Cleanup
Event: 8808.585 Executing  VM operation: Cleanup done


Dynamic libraries:
0x00007ff707040000 - 0x00007ff707050000 	C:\Program Files\Java\jdk-16.0.2\bin\java.exe
0x00007fff62ff0000 - 0x00007fff631e7000 	C:\Windows\SYSTEM32\ntdll.dll
0x00007fff629c0000 - 0x00007fff62a7d000 	C:\Windows\System32\KERNEL32.DLL
0x00007fff60850000 - 0x00007fff60b1d000 	C:\Windows\System32\KERNELBASE.dll
0x00007fff60b20000 - 0x00007fff60c20000 	C:\Windows\System32\ucrtbase.dll
0x00007fff58dc0000 - 0x00007fff58dd9000 	C:\Program Files\Java\jdk-16.0.2\bin\VCRUNTIME140.dll
0x00007fff590d0000 - 0x00007fff590e8000 	C:\Program Files\Java\jdk-16.0.2\bin\jli.dll
0x00007fff61cc0000 - 0x00007fff61d6e000 	C:\Windows\System32\ADVAPI32.dll
0x00007fff61a60000 - 0x00007fff61afe000 	C:\Windows\System32\msvcrt.dll
0x00007fff61bb0000 - 0x00007fff61c4c000 	C:\Windows\System32\sechost.dll
0x00007fff61930000 - 0x00007fff61a55000 	C:\Windows\System32\RPCRT4.dll
0x00007fff612d0000 - 0x00007fff61470000 	C:\Windows\System32\USER32.dll
0x00007fff60820000 - 0x00007fff60842000 	C:\Windows\System32\win32u.dll
0x00007fff62980000 - 0x00007fff629aa000 	C:\Windows\System32\GDI32.dll
0x00007fff60f10000 - 0x00007fff6101b000 	C:\Windows\System32\gdi32full.dll
0x00007fff60710000 - 0x00007fff607ad000 	C:\Windows\System32\msvcp_win.dll
0x00007fff3ffc0000 - 0x00007fff4025a000 	C:\Windows\WinSxS\amd64_microsoft.windows.common-controls_6595b64144ccf1df_6.0.19041.1110_none_60b5254171f9507e\COMCTL32.dll
0x00007fff593d0000 - 0x00007fff593da000 	C:\Windows\SYSTEM32\VERSION.dll
0x00007fff61d70000 - 0x00007fff61da0000 	C:\Windows\System32\IMM32.DLL
0x00007fff5c150000 - 0x00007fff5c15c000 	C:\Program Files\Java\jdk-16.0.2\bin\vcruntime140_1.dll
0x00007fff33830000 - 0x00007fff338c1000 	C:\Program Files\Java\jdk-16.0.2\bin\msvcp140.dll
0x00007ffeef900000 - 0x00007ffef04ab000 	C:\Program Files\Java\jdk-16.0.2\bin\server\jvm.dll
0x00007fff621c0000 - 0x00007fff621c8000 	C:\Windows\System32\PSAPI.DLL
0x00007fff42050000 - 0x00007fff42059000 	C:\Windows\SYSTEM32\WSOCK32.dll
0x00007fff61c50000 - 0x00007fff61cbb000 	C:\Windows\System32\WS2_32.dll
0x00007fff4adb0000 - 0x00007fff4add7000 	C:\Windows\SYSTEM32\WINMM.dll
0x00007fff5efa0000 - 0x00007fff5efb2000 	C:\Windows\SYSTEM32\kernel.appcore.dll
0x00007fff58ac0000 - 0x00007fff58aca000 	C:\Program Files\Java\jdk-16.0.2\bin\jimage.dll
0x00007fff5e510000 - 0x00007fff5e6f4000 	C:\Windows\SYSTEM32\DBGHELP.DLL
0x00007fff4b2f0000 - 0x00007fff4b31c000 	C:\Windows\SYSTEM32\dbgcore.DLL
0x00007fff60c20000 - 0x00007fff60ca2000 	C:\Windows\System32\bcryptPrimitives.dll
0x00007fff2ced0000 - 0x00007fff2cf0b000 	C:\Program Files\Java\jdk-16.0.2\bin\jdwp.dll
0x00007fff343e0000 - 0x00007fff34405000 	C:\Program Files\Java\jdk-16.0.2\bin\java.dll
0x00007fff62230000 - 0x00007fff62974000 	C:\Windows\System32\SHELL32.dll
0x00007fff5e7f0000 - 0x00007fff5ef84000 	C:\Windows\SYSTEM32\windows.storage.dll
0x00007fff61500000 - 0x00007fff61854000 	C:\Windows\System32\combase.dll
0x00007fff600a0000 - 0x00007fff600cc000 	C:\Windows\SYSTEM32\Wldp.dll
0x00007fff61b00000 - 0x00007fff61bad000 	C:\Windows\System32\SHCORE.dll
0x00007fff62a80000 - 0x00007fff62ad5000 	C:\Windows\System32\shlwapi.dll
0x00007fff60650000 - 0x00007fff6066f000 	C:\Windows\SYSTEM32\profapi.dll
0x00007fff4ce40000 - 0x00007fff4ce59000 	C:\Program Files\Java\jdk-16.0.2\bin\net.dll
0x00007fff563c0000 - 0x00007fff564ca000 	C:\Windows\SYSTEM32\WINHTTP.dll
0x00007fff5fe00000 - 0x00007fff5fe6a000 	C:\Windows\system32\mswsock.dll
0x00007fff392c0000 - 0x00007fff392d3000 	C:\Program Files\Java\jdk-16.0.2\bin\nio.dll
0x00007fff593f0000 - 0x00007fff593fb000 	C:\Program Files\Java\jdk-16.0.2\bin\dt_shmem.dll
0x00007fff37310000 - 0x00007fff37328000 	C:\Program Files\Java\jdk-16.0.2\bin\zip.dll
0x00007fff16e20000 - 0x00007fff16fa0000 	C:\Program Files\Java\jdk-16.0.2\bin\awt.dll
0x00007fff61050000 - 0x00007fff6111d000 	C:\Windows\System32\OLEAUT32.dll
0x00007fff5dce0000 - 0x00007fff5dd70000 	C:\Windows\SYSTEM32\apphelp.dll
0x00007fff5df80000 - 0x00007fff5dfaf000 	C:\Windows\system32\DWMAPI.DLL
0x00007fff5dd90000 - 0x00007fff5de2e000 	C:\Windows\system32\uxtheme.dll
0x00007fff394a0000 - 0x00007fff395c6000 	C:\Windows\system32\opengl32.dll
0x00007fff4cc50000 - 0x00007fff4cc7c000 	C:\Windows\SYSTEM32\GLU32.dll
0x00007fff61da0000 - 0x00007fff61eb5000 	C:\Windows\System32\MSCTF.dll
0x00007fff62090000 - 0x00007fff621ba000 	C:\Windows\System32\ole32.dll
0x00007fff337a0000 - 0x00007fff33829000 	C:\Program Files\Java\jdk-16.0.2\bin\freetype.dll
0x00007fff16d20000 - 0x00007fff16e16000 	C:\Program Files\Java\jdk-16.0.2\bin\harfbuzz.dll
0x00007fff33780000 - 0x00007fff33792000 	C:\Program Files\Java\jdk-16.0.2\bin\fontmanager.dll
0x00007fff61880000 - 0x00007fff61929000 	C:\Windows\System32\clbcatq.dll
0x00007fff564f0000 - 0x00007fff566a4000 	C:\Windows\SYSTEM32\WindowsCodecs.dll
0x00007fff61020000 - 0x00007fff61047000 	C:\Windows\System32\bcrypt.dll
0x00007fff38460000 - 0x00007fff3849e000 	C:\Windows\system32\dataexchange.dll
0x00007fff5cd10000 - 0x00007fff5cf73000 	C:\Windows\system32\d3d11.dll
0x00007fff5cf80000 - 0x00007fff5d164000 	C:\Windows\system32\dcomp.dll
0x00007fff5f010000 - 0x00007fff5f103000 	C:\Windows\system32\dxgi.dll
0x00007fff58740000 - 0x00007fff58940000 	C:\Windows\system32\twinapi.appcore.dll
0x00007fff59460000 - 0x00007fff59559000 	C:\Windows\SYSTEM32\textinputframework.dll
0x00007fff5db90000 - 0x00007fff5dc82000 	C:\Windows\System32\CoreMessaging.dll
0x00007fff5d730000 - 0x00007fff5da8e000 	C:\Windows\System32\CoreUIComponents.dll
0x00007fff5f410000 - 0x00007fff5f443000 	C:\Windows\SYSTEM32\ntmarta.dll
0x00007fff5d5d0000 - 0x00007fff5d724000 	C:\Windows\SYSTEM32\wintypes.dll
0x00007fff33000000 - 0x00007fff330ac000 	C:\Windows\SYSTEM32\TextShaping.dll

dbghelp: loaded successfully - version: 4.0.5 - missing functions: none
symbol engine: initialized successfully - sym options: 0x614 - pdb path: .;C:\Program Files\Java\jdk-16.0.2\bin;C:\Windows\SYSTEM32;C:\Windows\WinSxS\amd64_microsoft.windows.common-controls_6595b64144ccf1df_6.0.19041.1110_none_60b5254171f9507e;C:\Program Files\Java\jdk-16.0.2\bin\server

VM Arguments:
jvm_args: -Dfile.encoding=UTF-8 -agentlib:jdwp=transport=dt_shmem,address=javadebug --module-path=C:\Users\admin\Documents\NetBeansProjects\bank management system\build\classes 
java_command: bank.management.system.Signup2
java_class_path (initial): C:\Users\admin\Downloads\jcalendar-1.1.4.jar;C:\Users\admin\Downloads\jcalendar-tz-1.3.3-4.jar\jcalendar-tz-1.3.3-4.jar;E:\JAR File\mysql-connector-java-8.0.17\mysql-connector-java-8.0.17.jar;C:\Users\admin\Documents\NetBeansProjects\bank management system\build\classes
Launcher Type: SUN_STANDARD

[Global flags]
     intx CICompilerCount                          = 4                                         {product} {ergonomic}
     uint ConcGCThreads                            = 2                                         {product} {ergonomic}
     uint G1ConcRefinementThreads                  = 8                                         {product} {ergonomic}
   size_t G1HeapRegionSize                         = 1048576                                   {product} {ergonomic}
    uintx GCDrainStackTargetSize                   = 64                                        {product} {ergonomic}
   size_t InitialHeapSize                          = 134217728                                 {product} {ergonomic}
   size_t MarkStackSize                            = 4194304                                   {product} {ergonomic}
   size_t MaxHeapSize                              = 2116026368                                {product} {ergonomic}
   size_t MaxNewSize                               = 1268776960                                {product} {ergonomic}
   size_t MinHeapDeltaBytes                        = 1048576                                   {product} {ergonomic}
   size_t MinHeapSize                              = 8388608                                   {product} {ergonomic}
    uintx NonNMethodCodeHeapSize                   = 5839372                                {pd product} {ergonomic}
    uintx NonProfiledCodeHeapSize                  = 122909434                              {pd product} {ergonomic}
    uintx ProfiledCodeHeapSize                     = 122909434                              {pd product} {ergonomic}
    uintx ReservedCodeCacheSize                    = 251658240                              {pd product} {ergonomic}
     bool SegmentedCodeCache                       = true                                      {product} {ergonomic}
   size_t SoftMaxHeapSize                          = 2116026368                             {manageable} {ergonomic}
     bool UseCompressedClassPointers               = true                           {product lp64_product} {ergonomic}
     bool UseCompressedOops                        = true                           {product lp64_product} {ergonomic}
     bool UseG1GC                                  = true                                      {product} {ergonomic}
     bool UseLargePagesIndividualAllocation        = false                                  {pd product} {ergonomic}

Logging:
Log output configuration:
 #0: stdout all=warning uptime,level,tags
 #1: stderr all=off uptime,level,tags

Environment Variables:
PATH=C:\Program Files\Common Files\Oracle\Java\javapath;C:\Users\admin\Downloads\WINDOWS.X64_193000_db_home\bin;C:\Program Files (x86)\Microchip\mplabc18\v3.45\mpasm;C:\Program Files (x86)\Microchip\mplabc18\v3.45\bin;C:\Program Files\Java\jdk-16.0.2\bin;C:\Program Files\Java\jdk-16.0.2;C:\Windows\system32;C:\Windows;C:\Windows\System32\Wbem;C:\Windows\System32\WindowsPowerShell\v1.0\;C:\Windows\System32\OpenSSH\;C:\Program Files (x86)\Microchip\MPLAB C32 Suite\bin;C:\Program Files\Pragma\Clients;C:\Program Files\Git\cmd;C:\Program Files (x86)\Microsoft SQL Server\100\Tools\Binn\;C:\Program Files\Microsoft SQL Server\100\Tools\Binn\;C:\Program Files\Microsoft SQL Server\100\DTS\Binn\;"C:\Windows\system32;C:\Windows;C:\Windows\System32\Wbem";C:\Users\admin\AppData\Local\Programs\Python\Python310\Scripts\;C:\Users\admin\AppData\Local\Programs\Python\Python310\;C:\Program Files (x86)\Microchip\mplabc18\v3.45\mpasm;C:\Program Files (x86)\Microchip\mplabc18\v3.45\bin;C:\Program Files\MySQL\MySQL Shell 8.0\bin\;C:\Users\admin\AppData\Local\Microsoft\WindowsApps;C:\Users\admin\AppData\Local\atom\bin;C:\Program Files\heroku\bin;C:\Users\admin\AppData\Local\Programs\Microsoft VS Code\bin;C:\Program Files\Git\bin;;C:\Program Files\JetBrains\PyCharm Community Edition 2021.3.1\bin;
USERNAME=admin
OS=Windows_NT
PROCESSOR_IDENTIFIER=Intel64 Family 6 Model 142 Stepping 12, GenuineIntel



---------------  S Y S T E M  ---------------

OS:
 Windows 10 , 64 bit Build 19041 (10.0.19041.1741)
OS uptime: 2 days 8:47 hours

CPU: total 8 (initial active 8) (4 cores per cpu, 2 threads per core) family 6 model 142 stepping 12 microcode 0xb8, cx8, cmov, fxsr, ht, mmx, 3dnowpref, sse, sse2, sse3, ssse3, sse4.1, sse4.2, popcnt, lzcnt, tsc, tscinvbit, avx, avx2, aes, erms, clmul, bmi1, bmi2, adx, fma, vzeroupper, clflush, clflushopt

Memory: 4k page, system-wide physical 8071M (476M free)
TotalPageFile size 32647M (AvailPageFile size 0M)
current process WorkingSet (physical memory assigned to process): 19M, peak: 88M
current process commit charge ("private bytes"): 230M, peak: 242M

vm_info: Java HotSpot(TM) 64-Bit Server VM (16.0.2+7-67) for windows-amd64 JRE (16.0.2+7-67), built on Jun  8 2021 23:24:19 by "mach5one" with MS VC++ 16.7 (VS2019)

END.
