#
# There is insufficient memory for the Java Runtime Environment to continue.
# Native memory allocation (malloc) failed to allocate 34416 bytes for Chunk::new
# Possible reasons:
#   The system is out of physical RAM or swap space
#   The process is running with CompressedOops enabled, and the Java Heap may be blocking the growth of the native heap
# Possible solutions:
#   Reduce memory load on the system
#   Increase physical memory or swap space
#   Check if swap backing store is full
#   Decrease Java heap size (-Xmx/-Xms)
#   Decrease number of Java threads
#   Decrease Java thread stack sizes (-Xss)
#   Set larger code cache with -XX:ReservedCodeCacheSize=
#   JVM is running with Unscaled Compressed Oops mode in which the Java heap is
#     placed in the first 4GB address space. The Java Heap base address is the
#     maximum limit for the native heap growth. Please use -XX:HeapBaseMinAddress
#     to set the Java Heap base and to place the Java Heap above 4GB virtual address.
# This output file may be truncated or incomplete.
#
#  Out of Memory Error (arena.cpp:195), pid=58272, tid=34768
#
# JRE version: Java(TM) SE Runtime Environment (16.0.2+7) (build 16.0.2+7-67)
# Java VM: Java HotSpot(TM) 64-Bit Server VM (16.0.2+7-67, mixed mode, sharing, tiered, compressed oops, compressed class ptrs, g1 gc, windows-amd64)
# No core dump will be written. Minidumps are not enabled by default on client versions of Windows
#

---------------  S U M M A R Y ------------

Command Line: -Dfile.encoding=UTF-8 --module-path=C:\Users\admin\Documents\NetBeansProjects\bank management system\build\classes bank.management.system.Signup1

Host: Intel(R) Core(TM) i5-8265U CPU @ 1.60GHz, 8 cores, 7G,  Windows 10 , 64 bit Build 19041 (10.0.19041.1741)
Time: Sat Jul 16 19:55:20 2022 India Standard Time elapsed time: 15975.043865 seconds (0d 4h 26m 15s)

---------------  T H R E A D  ---------------

Current thread (0x00000227069fe4d0):  JavaThread "C2 CompilerThread0" daemon [_thread_in_native, id=34768, stack(0x000000f360800000,0x000000f360900000)]


Current CompileTask:
C2:15975043 1610       4       sun.java2d.loops.GraphicsPrimitiveMgr::locate (104 bytes)

Stack: [0x000000f360800000,0x000000f360900000]
Native frames: (J=compiled Java code, j=interpreted, Vv=VM code, C=native code)
V  [jvm.dll+0x6681ca]
V  [jvm.dll+0x7c9e69]
V  [jvm.dll+0x7cb61e]
V  [jvm.dll+0x7cbc73]
V  [jvm.dll+0x242c55]
V  [jvm.dll+0xadeba]
V  [jvm.dll+0xae45c]
V  [jvm.dll+0x2a4cdf]
V  [jvm.dll+0x573c29]
V  [jvm.dll+0x21e48e]
V  [jvm.dll+0x21789c]
V  [jvm.dll+0x214ffc]
V  [jvm.dll+0x1a1beb]
V  [jvm.dll+0x225158]
V  [jvm.dll+0x22319c]
V  [jvm.dll+0x77fa62]
V  [jvm.dll+0x7795aa]
V  [jvm.dll+0x667066]
C  [ucrtbase.dll+0x21bb2]
C  [KERNEL32.DLL+0x17034]
C  [ntdll.dll+0x52651]


---------------  P R O C E S S  ---------------

Threads class SMR info:
_java_thread_list=0x0000022709c6dd20, length=17, elements={
0x00000227069e5f80, 0x00000227069e7360, 0x00000227069f3b30, 0x00000227069f5450,
0x00000227069f5d60, 0x00000227069f7fd0, 0x00000227069fe4d0, 0x0000022706a1fa30,
0x0000022706a32390, 0x000002270748bf80, 0x0000022707525810, 0x00000227076f7d40,
0x0000022707709d70, 0x000002270770a290, 0x00000227087880d0, 0x00000227689e8f80,
0x0000022708590010
}

Java Threads: ( => current thread )
  0x00000227069e5f80 JavaThread "Reference Handler" daemon [_thread_blocked, id=45112, stack(0x000000f360200000,0x000000f360300000)]
  0x00000227069e7360 JavaThread "Finalizer" daemon [_thread_blocked, id=53528, stack(0x000000f360300000,0x000000f360400000)]
  0x00000227069f3b30 JavaThread "Signal Dispatcher" daemon [_thread_blocked, id=51600, stack(0x000000f360400000,0x000000f360500000)]
  0x00000227069f5450 JavaThread "Attach Listener" daemon [_thread_blocked, id=43292, stack(0x000000f360500000,0x000000f360600000)]
  0x00000227069f5d60 JavaThread "Service Thread" daemon [_thread_blocked, id=50812, stack(0x000000f360600000,0x000000f360700000)]
  0x00000227069f7fd0 JavaThread "Monitor Deflation Thread" daemon [_thread_blocked, id=51648, stack(0x000000f360700000,0x000000f360800000)]
=>0x00000227069fe4d0 JavaThread "C2 CompilerThread0" daemon [_thread_in_native, id=34768, stack(0x000000f360800000,0x000000f360900000)]
  0x0000022706a1fa30 JavaThread "C1 CompilerThread0" daemon [_thread_blocked, id=58152, stack(0x000000f360900000,0x000000f360a00000)]
  0x0000022706a32390 JavaThread "Sweeper thread" daemon [_thread_blocked, id=46724, stack(0x000000f360a00000,0x000000f360b00000)]
  0x000002270748bf80 JavaThread "Common-Cleaner" daemon [_thread_blocked, id=54548, stack(0x000000f360b00000,0x000000f360c00000)]
  0x0000022707525810 JavaThread "Notification Thread" daemon [_thread_blocked, id=56648, stack(0x000000f360c00000,0x000000f360d00000)]
  0x00000227076f7d40 JavaThread "Java2D Disposer" daemon [_thread_blocked, id=45272, stack(0x000000f360e00000,0x000000f360f00000)]
  0x0000022707709d70 JavaThread "AWT-Shutdown" [_thread_blocked, id=56800, stack(0x000000f360f00000,0x000000f361000000)]
  0x000002270770a290 JavaThread "AWT-Windows" daemon [_thread_in_native, id=57516, stack(0x000000f361000000,0x000000f361100000)]
  0x00000227087880d0 JavaThread "AWT-EventQueue-0" [_thread_blocked, id=53576, stack(0x000000f361200000,0x000000f361300000)]
  0x00000227689e8f80 JavaThread "DestroyJavaVM" [_thread_blocked, id=57240, stack(0x000000f35fb00000,0x000000f35fc00000)]
  0x0000022708590010 JavaThread "TimerQueue" daemon [_thread_blocked, id=53028, stack(0x000000f361700000,0x000000f361800000)]

Other Threads:
  0x00000227069e0eb0 VMThread "VM Thread" [stack: 0x000000f360100000,0x000000f360200000] [id=55680]
  0x0000022707528150 WatcherThread [stack: 0x000000f360d00000,0x000000f360e00000] [id=57544]
  0x0000022768a299c0 GCTaskThread "GC Thread#0" [stack: 0x000000f35fc00000,0x000000f35fd00000] [id=57472]
  0x0000022768a3ca70 ConcurrentGCThread "G1 Main Marker" [stack: 0x000000f35fd00000,0x000000f35fe00000] [id=45140]
  0x0000022768a3d470 ConcurrentGCThread "G1 Conc#0" [stack: 0x000000f35fe00000,0x000000f35ff00000] [id=49448]
  0x00000227068920b0 ConcurrentGCThread "G1 Refine#0" [stack: 0x000000f35ff00000,0x000000f360000000] [id=52716]
  0x0000022706892a40 ConcurrentGCThread "G1 Service" [stack: 0x000000f360000000,0x000000f360100000] [id=47868]

Threads with active compile tasks:
C2 CompilerThread0  15975082 1610       4       sun.java2d.loops.GraphicsPrimitiveMgr::locate (104 bytes)

VM state: not at safepoint (normal execution)

VM Mutex/Monitor currently owned by a thread: None

Heap address: 0x0000000081e00000, size: 2018 MB, Compressed Oops mode: 32-bit

CDS archive(s) mapped at: [0x0000000800000000-0x0000000800bb0000-0x0000000800bb0000), size 12255232, SharedBaseAddress: 0x0000000800000000, ArchiveRelocationMode: 0.
Compressed class space mapped at: 0x0000000800c00000-0x0000000840c00000, reserved size: 1073741824
Narrow klass base: 0x0000000800000000, Narrow klass shift: 3, Narrow klass range: 0x100000000

GC Precious Log:
 CPUs: 8 total, 8 available
 Memory: 8071M
 Large Page Support: Disabled
 NUMA Support: Disabled
 Compressed Oops: Enabled (32-bit)
 Heap Region Size: 1M
 Heap Min Capacity: 8M
 Heap Initial Capacity: 128M
 Heap Max Capacity: 2018M
 Pre-touch: Disabled
 Parallel Workers: 8
 Concurrent Workers: 2
 Concurrent Refinement Workers: 8
 Periodic GC: Disabled

Heap:
 garbage-first heap   total 131072K, used 22528K [0x0000000081e00000, 0x0000000100000000)
  region size 1024K, 19 young (19456K), 0 survivors (0K)
 Metaspace       used 10941K, committed 11136K, reserved 1064960K
  class space    used 1288K, committed 1408K, reserved 1048576K

Heap Regions: E=young(eden), S=young(survivor), O=old, HS=humongous(starts), HC=humongous(continues), CS=collection set, F=free, OA=open archive, CA=closed archive, TAMS=top-at-mark-start (previous, next)
|   0|0x0000000081e00000, 0x0000000081f00000, 0x0000000081f00000|100%|HS|  |TAMS 0x0000000081e00000, 0x0000000081e00000| Complete 
|   1|0x0000000081f00000, 0x0000000082000000, 0x0000000082000000|100%|HC|  |TAMS 0x0000000081f00000, 0x0000000081f00000| Complete 
|   2|0x0000000082000000, 0x0000000082100000, 0x0000000082100000|100%|HC|  |TAMS 0x0000000082000000, 0x0000000082000000| Complete 
|   3|0x0000000082100000, 0x0000000082200000, 0x0000000082200000|100%|HC|  |TAMS 0x0000000082100000, 0x0000000082100000| Complete 
|   4|0x0000000082200000, 0x0000000082200000, 0x0000000082300000|  0%| F|  |TAMS 0x0000000082200000, 0x0000000082200000| Untracked 
|   5|0x0000000082300000, 0x0000000082300000, 0x0000000082400000|  0%| F|  |TAMS 0x0000000082300000, 0x0000000082300000| Untracked 
|   6|0x0000000082400000, 0x0000000082400000, 0x0000000082500000|  0%| F|  |TAMS 0x0000000082400000, 0x0000000082400000| Untracked 
|   7|0x0000000082500000, 0x0000000082500000, 0x0000000082600000|  0%| F|  |TAMS 0x0000000082500000, 0x0000000082500000| Untracked 
|   8|0x0000000082600000, 0x0000000082600000, 0x0000000082700000|  0%| F|  |TAMS 0x0000000082600000, 0x0000000082600000| Untracked 
|   9|0x0000000082700000, 0x0000000082700000, 0x0000000082800000|  0%| F|  |TAMS 0x0000000082700000, 0x0000000082700000| Untracked 
|  10|0x0000000082800000, 0x0000000082800000, 0x0000000082900000|  0%| F|  |TAMS 0x0000000082800000, 0x0000000082800000| Untracked 
|  11|0x0000000082900000, 0x0000000082900000, 0x0000000082a00000|  0%| F|  |TAMS 0x0000000082900000, 0x0000000082900000| Untracked 
|  12|0x0000000082a00000, 0x0000000082a00000, 0x0000000082b00000|  0%| F|  |TAMS 0x0000000082a00000, 0x0000000082a00000| Untracked 
|  13|0x0000000082b00000, 0x0000000082b00000, 0x0000000082c00000|  0%| F|  |TAMS 0x0000000082b00000, 0x0000000082b00000| Untracked 
|  14|0x0000000082c00000, 0x0000000082c00000, 0x0000000082d00000|  0%| F|  |TAMS 0x0000000082c00000, 0x0000000082c00000| Untracked 
|  15|0x0000000082d00000, 0x0000000082d00000, 0x0000000082e00000|  0%| F|  |TAMS 0x0000000082d00000, 0x0000000082d00000| Untracked 
|  16|0x0000000082e00000, 0x0000000082e00000, 0x0000000082f00000|  0%| F|  |TAMS 0x0000000082e00000, 0x0000000082e00000| Untracked 
|  17|0x0000000082f00000, 0x0000000082f00000, 0x0000000083000000|  0%| F|  |TAMS 0x0000000082f00000, 0x0000000082f00000| Untracked 
|  18|0x0000000083000000, 0x0000000083000000, 0x0000000083100000|  0%| F|  |TAMS 0x0000000083000000, 0x0000000083000000| Untracked 
|  19|0x0000000083100000, 0x0000000083100000, 0x0000000083200000|  0%| F|  |TAMS 0x0000000083100000, 0x0000000083100000| Untracked 
|  20|0x0000000083200000, 0x0000000083200000, 0x0000000083300000|  0%| F|  |TAMS 0x0000000083200000, 0x0000000083200000| Untracked 
|  21|0x0000000083300000, 0x0000000083300000, 0x0000000083400000|  0%| F|  |TAMS 0x0000000083300000, 0x0000000083300000| Untracked 
|  22|0x0000000083400000, 0x0000000083400000, 0x0000000083500000|  0%| F|  |TAMS 0x0000000083400000, 0x0000000083400000| Untracked 
|  23|0x0000000083500000, 0x0000000083500000, 0x0000000083600000|  0%| F|  |TAMS 0x0000000083500000, 0x0000000083500000| Untracked 
|  24|0x0000000083600000, 0x0000000083600000, 0x0000000083700000|  0%| F|  |TAMS 0x0000000083600000, 0x0000000083600000| Untracked 
|  25|0x0000000083700000, 0x0000000083700000, 0x0000000083800000|  0%| F|  |TAMS 0x0000000083700000, 0x0000000083700000| Untracked 
|  26|0x0000000083800000, 0x0000000083800000, 0x0000000083900000|  0%| F|  |TAMS 0x0000000083800000, 0x0000000083800000| Untracked 
|  27|0x0000000083900000, 0x0000000083900000, 0x0000000083a00000|  0%| F|  |TAMS 0x0000000083900000, 0x0000000083900000| Untracked 
|  28|0x0000000083a00000, 0x0000000083a00000, 0x0000000083b00000|  0%| F|  |TAMS 0x0000000083a00000, 0x0000000083a00000| Untracked 
|  29|0x0000000083b00000, 0x0000000083b00000, 0x0000000083c00000|  0%| F|  |TAMS 0x0000000083b00000, 0x0000000083b00000| Untracked 
|  30|0x0000000083c00000, 0x0000000083c00000, 0x0000000083d00000|  0%| F|  |TAMS 0x0000000083c00000, 0x0000000083c00000| Untracked 
|  31|0x0000000083d00000, 0x0000000083d00000, 0x0000000083e00000|  0%| F|  |TAMS 0x0000000083d00000, 0x0000000083d00000| Untracked 
|  32|0x0000000083e00000, 0x0000000083e00000, 0x0000000083f00000|  0%| F|  |TAMS 0x0000000083e00000, 0x0000000083e00000| Untracked 
|  33|0x0000000083f00000, 0x0000000083f00000, 0x0000000084000000|  0%| F|  |TAMS 0x0000000083f00000, 0x0000000083f00000| Untracked 
|  34|0x0000000084000000, 0x0000000084000000, 0x0000000084100000|  0%| F|  |TAMS 0x0000000084000000, 0x0000000084000000| Untracked 
|  35|0x0000000084100000, 0x0000000084100000, 0x0000000084200000|  0%| F|  |TAMS 0x0000000084100000, 0x0000000084100000| Untracked 
|  36|0x0000000084200000, 0x0000000084200000, 0x0000000084300000|  0%| F|  |TAMS 0x0000000084200000, 0x0000000084200000| Untracked 
|  37|0x0000000084300000, 0x0000000084300000, 0x0000000084400000|  0%| F|  |TAMS 0x0000000084300000, 0x0000000084300000| Untracked 
|  38|0x0000000084400000, 0x0000000084400000, 0x0000000084500000|  0%| F|  |TAMS 0x0000000084400000, 0x0000000084400000| Untracked 
|  39|0x0000000084500000, 0x0000000084500000, 0x0000000084600000|  0%| F|  |TAMS 0x0000000084500000, 0x0000000084500000| Untracked 
|  40|0x0000000084600000, 0x0000000084600000, 0x0000000084700000|  0%| F|  |TAMS 0x0000000084600000, 0x0000000084600000| Untracked 
|  41|0x0000000084700000, 0x0000000084700000, 0x0000000084800000|  0%| F|  |TAMS 0x0000000084700000, 0x0000000084700000| Untracked 
|  42|0x0000000084800000, 0x0000000084800000, 0x0000000084900000|  0%| F|  |TAMS 0x0000000084800000, 0x0000000084800000| Untracked 
|  43|0x0000000084900000, 0x0000000084900000, 0x0000000084a00000|  0%| F|  |TAMS 0x0000000084900000, 0x0000000084900000| Untracked 
|  44|0x0000000084a00000, 0x0000000084a00000, 0x0000000084b00000|  0%| F|  |TAMS 0x0000000084a00000, 0x0000000084a00000| Untracked 
|  45|0x0000000084b00000, 0x0000000084b00000, 0x0000000084c00000|  0%| F|  |TAMS 0x0000000084b00000, 0x0000000084b00000| Untracked 
|  46|0x0000000084c00000, 0x0000000084c00000, 0x0000000084d00000|  0%| F|  |TAMS 0x0000000084c00000, 0x0000000084c00000| Untracked 
|  47|0x0000000084d00000, 0x0000000084d00000, 0x0000000084e00000|  0%| F|  |TAMS 0x0000000084d00000, 0x0000000084d00000| Untracked 
|  48|0x0000000084e00000, 0x0000000084e00000, 0x0000000084f00000|  0%| F|  |TAMS 0x0000000084e00000, 0x0000000084e00000| Untracked 
|  49|0x0000000084f00000, 0x0000000084f00000, 0x0000000085000000|  0%| F|  |TAMS 0x0000000084f00000, 0x0000000084f00000| Untracked 
|  50|0x0000000085000000, 0x0000000085000000, 0x0000000085100000|  0%| F|  |TAMS 0x0000000085000000, 0x0000000085000000| Untracked 
|  51|0x0000000085100000, 0x0000000085100000, 0x0000000085200000|  0%| F|  |TAMS 0x0000000085100000, 0x0000000085100000| Untracked 
|  52|0x0000000085200000, 0x0000000085200000, 0x0000000085300000|  0%| F|  |TAMS 0x0000000085200000, 0x0000000085200000| Untracked 
|  53|0x0000000085300000, 0x0000000085300000, 0x0000000085400000|  0%| F|  |TAMS 0x0000000085300000, 0x0000000085300000| Untracked 
|  54|0x0000000085400000, 0x0000000085400000, 0x0000000085500000|  0%| F|  |TAMS 0x0000000085400000, 0x0000000085400000| Untracked 
|  55|0x0000000085500000, 0x0000000085500000, 0x0000000085600000|  0%| F|  |TAMS 0x0000000085500000, 0x0000000085500000| Untracked 
|  56|0x0000000085600000, 0x0000000085600000, 0x0000000085700000|  0%| F|  |TAMS 0x0000000085600000, 0x0000000085600000| Untracked 
|  57|0x0000000085700000, 0x0000000085700000, 0x0000000085800000|  0%| F|  |TAMS 0x0000000085700000, 0x0000000085700000| Untracked 
|  58|0x0000000085800000, 0x0000000085800000, 0x0000000085900000|  0%| F|  |TAMS 0x0000000085800000, 0x0000000085800000| Untracked 
|  59|0x0000000085900000, 0x0000000085900000, 0x0000000085a00000|  0%| F|  |TAMS 0x0000000085900000, 0x0000000085900000| Untracked 
|  60|0x0000000085a00000, 0x0000000085a00000, 0x0000000085b00000|  0%| F|  |TAMS 0x0000000085a00000, 0x0000000085a00000| Untracked 
|  61|0x0000000085b00000, 0x0000000085b00000, 0x0000000085c00000|  0%| F|  |TAMS 0x0000000085b00000, 0x0000000085b00000| Untracked 
|  62|0x0000000085c00000, 0x0000000085c00000, 0x0000000085d00000|  0%| F|  |TAMS 0x0000000085c00000, 0x0000000085c00000| Untracked 
|  63|0x0000000085d00000, 0x0000000085d00000, 0x0000000085e00000|  0%| F|  |TAMS 0x0000000085d00000, 0x0000000085d00000| Untracked 
|  64|0x0000000085e00000, 0x0000000085e00000, 0x0000000085f00000|  0%| F|  |TAMS 0x0000000085e00000, 0x0000000085e00000| Untracked 
|  65|0x0000000085f00000, 0x0000000085f00000, 0x0000000086000000|  0%| F|  |TAMS 0x0000000085f00000, 0x0000000085f00000| Untracked 
|  66|0x0000000086000000, 0x0000000086000000, 0x0000000086100000|  0%| F|  |TAMS 0x0000000086000000, 0x0000000086000000| Untracked 
|  67|0x0000000086100000, 0x0000000086100000, 0x0000000086200000|  0%| F|  |TAMS 0x0000000086100000, 0x0000000086100000| Untracked 
|  68|0x0000000086200000, 0x0000000086200000, 0x0000000086300000|  0%| F|  |TAMS 0x0000000086200000, 0x0000000086200000| Untracked 
|  69|0x0000000086300000, 0x0000000086300000, 0x0000000086400000|  0%| F|  |TAMS 0x0000000086300000, 0x0000000086300000| Untracked 
|  70|0x0000000086400000, 0x0000000086400000, 0x0000000086500000|  0%| F|  |TAMS 0x0000000086400000, 0x0000000086400000| Untracked 
|  71|0x0000000086500000, 0x0000000086500000, 0x0000000086600000|  0%| F|  |TAMS 0x0000000086500000, 0x0000000086500000| Untracked 
|  72|0x0000000086600000, 0x0000000086600000, 0x0000000086700000|  0%| F|  |TAMS 0x0000000086600000, 0x0000000086600000| Untracked 
|  73|0x0000000086700000, 0x0000000086700000, 0x0000000086800000|  0%| F|  |TAMS 0x0000000086700000, 0x0000000086700000| Untracked 
|  74|0x0000000086800000, 0x0000000086800000, 0x0000000086900000|  0%| F|  |TAMS 0x0000000086800000, 0x0000000086800000| Untracked 
|  75|0x0000000086900000, 0x0000000086900000, 0x0000000086a00000|  0%| F|  |TAMS 0x0000000086900000, 0x0000000086900000| Untracked 
|  76|0x0000000086a00000, 0x0000000086a00000, 0x0000000086b00000|  0%| F|  |TAMS 0x0000000086a00000, 0x0000000086a00000| Untracked 
|  77|0x0000000086b00000, 0x0000000086b00000, 0x0000000086c00000|  0%| F|  |TAMS 0x0000000086b00000, 0x0000000086b00000| Untracked 
|  78|0x0000000086c00000, 0x0000000086c00000, 0x0000000086d00000|  0%| F|  |TAMS 0x0000000086c00000, 0x0000000086c00000| Untracked 
|  79|0x0000000086d00000, 0x0000000086d00000, 0x0000000086e00000|  0%| F|  |TAMS 0x0000000086d00000, 0x0000000086d00000| Untracked 
|  80|0x0000000086e00000, 0x0000000086e00000, 0x0000000086f00000|  0%| F|  |TAMS 0x0000000086e00000, 0x0000000086e00000| Untracked 
|  81|0x0000000086f00000, 0x0000000086f00000, 0x0000000087000000|  0%| F|  |TAMS 0x0000000086f00000, 0x0000000086f00000| Untracked 
|  82|0x0000000087000000, 0x0000000087000000, 0x0000000087100000|  0%| F|  |TAMS 0x0000000087000000, 0x0000000087000000| Untracked 
|  83|0x0000000087100000, 0x0000000087100000, 0x0000000087200000|  0%| F|  |TAMS 0x0000000087100000, 0x0000000087100000| Untracked 
|  84|0x0000000087200000, 0x0000000087200000, 0x0000000087300000|  0%| F|  |TAMS 0x0000000087200000, 0x0000000087200000| Untracked 
|  85|0x0000000087300000, 0x0000000087300000, 0x0000000087400000|  0%| F|  |TAMS 0x0000000087300000, 0x0000000087300000| Untracked 
|  86|0x0000000087400000, 0x0000000087400000, 0x0000000087500000|  0%| F|  |TAMS 0x0000000087400000, 0x0000000087400000| Untracked 
|  87|0x0000000087500000, 0x0000000087500000, 0x0000000087600000|  0%| F|  |TAMS 0x0000000087500000, 0x0000000087500000| Untracked 
|  88|0x0000000087600000, 0x0000000087600000, 0x0000000087700000|  0%| F|  |TAMS 0x0000000087600000, 0x0000000087600000| Untracked 
|  89|0x0000000087700000, 0x0000000087700000, 0x0000000087800000|  0%| F|  |TAMS 0x0000000087700000, 0x0000000087700000| Untracked 
|  90|0x0000000087800000, 0x0000000087800000, 0x0000000087900000|  0%| F|  |TAMS 0x0000000087800000, 0x0000000087800000| Untracked 
|  91|0x0000000087900000, 0x0000000087900000, 0x0000000087a00000|  0%| F|  |TAMS 0x0000000087900000, 0x0000000087900000| Untracked 
|  92|0x0000000087a00000, 0x0000000087a00000, 0x0000000087b00000|  0%| F|  |TAMS 0x0000000087a00000, 0x0000000087a00000| Untracked 
|  93|0x0000000087b00000, 0x0000000087b00000, 0x0000000087c00000|  0%| F|  |TAMS 0x0000000087b00000, 0x0000000087b00000| Untracked 
|  94|0x0000000087c00000, 0x0000000087c00000, 0x0000000087d00000|  0%| F|  |TAMS 0x0000000087c00000, 0x0000000087c00000| Untracked 
|  95|0x0000000087d00000, 0x0000000087d00000, 0x0000000087e00000|  0%| F|  |TAMS 0x0000000087d00000, 0x0000000087d00000| Untracked 
|  96|0x0000000087e00000, 0x0000000087e00000, 0x0000000087f00000|  0%| F|  |TAMS 0x0000000087e00000, 0x0000000087e00000| Untracked 
|  97|0x0000000087f00000, 0x0000000087f00000, 0x0000000088000000|  0%| F|  |TAMS 0x0000000087f00000, 0x0000000087f00000| Untracked 
|  98|0x0000000088000000, 0x0000000088000000, 0x0000000088100000|  0%| F|  |TAMS 0x0000000088000000, 0x0000000088000000| Untracked 
|  99|0x0000000088100000, 0x0000000088100000, 0x0000000088200000|  0%| F|  |TAMS 0x0000000088100000, 0x0000000088100000| Untracked 
| 100|0x0000000088200000, 0x0000000088200000, 0x0000000088300000|  0%| F|  |TAMS 0x0000000088200000, 0x0000000088200000| Untracked 
| 101|0x0000000088300000, 0x0000000088300000, 0x0000000088400000|  0%| F|  |TAMS 0x0000000088300000, 0x0000000088300000| Untracked 
| 102|0x0000000088400000, 0x0000000088400000, 0x0000000088500000|  0%| F|  |TAMS 0x0000000088400000, 0x0000000088400000| Untracked 
| 103|0x0000000088500000, 0x0000000088500000, 0x0000000088600000|  0%| F|  |TAMS 0x0000000088500000, 0x0000000088500000| Untracked 
| 104|0x0000000088600000, 0x0000000088600000, 0x0000000088700000|  0%| F|  |TAMS 0x0000000088600000, 0x0000000088600000| Untracked 
| 105|0x0000000088700000, 0x0000000088700000, 0x0000000088800000|  0%| F|  |TAMS 0x0000000088700000, 0x0000000088700000| Untracked 
| 106|0x0000000088800000, 0x0000000088800000, 0x0000000088900000|  0%| F|  |TAMS 0x0000000088800000, 0x0000000088800000| Untracked 
| 107|0x0000000088900000, 0x0000000088900000, 0x0000000088a00000|  0%| F|  |TAMS 0x0000000088900000, 0x0000000088900000| Untracked 
| 108|0x0000000088a00000, 0x0000000088a00000, 0x0000000088b00000|  0%| F|  |TAMS 0x0000000088a00000, 0x0000000088a00000| Untracked 
| 109|0x0000000088b00000, 0x0000000088c00000, 0x0000000088c00000|100%| E|  |TAMS 0x0000000088b00000, 0x0000000088b00000| Complete 
| 110|0x0000000088c00000, 0x0000000088d00000, 0x0000000088d00000|100%| E|CS|TAMS 0x0000000088c00000, 0x0000000088c00000| Complete 
| 111|0x0000000088d00000, 0x0000000088e00000, 0x0000000088e00000|100%| E|CS|TAMS 0x0000000088d00000, 0x0000000088d00000| Complete 
| 112|0x0000000088e00000, 0x0000000088f00000, 0x0000000088f00000|100%| E|CS|TAMS 0x0000000088e00000, 0x0000000088e00000| Complete 
| 113|0x0000000088f00000, 0x0000000089000000, 0x0000000089000000|100%| E|CS|TAMS 0x0000000088f00000, 0x0000000088f00000| Complete 
| 114|0x0000000089000000, 0x0000000089100000, 0x0000000089100000|100%| E|CS|TAMS 0x0000000089000000, 0x0000000089000000| Complete 
| 115|0x0000000089100000, 0x0000000089200000, 0x0000000089200000|100%| E|CS|TAMS 0x0000000089100000, 0x0000000089100000| Complete 
| 116|0x0000000089200000, 0x0000000089300000, 0x0000000089300000|100%| E|CS|TAMS 0x0000000089200000, 0x0000000089200000| Complete 
| 117|0x0000000089300000, 0x0000000089400000, 0x0000000089400000|100%| E|CS|TAMS 0x0000000089300000, 0x0000000089300000| Complete 
| 118|0x0000000089400000, 0x0000000089500000, 0x0000000089500000|100%| E|CS|TAMS 0x0000000089400000, 0x0000000089400000| Complete 
| 119|0x0000000089500000, 0x0000000089600000, 0x0000000089600000|100%| E|CS|TAMS 0x0000000089500000, 0x0000000089500000| Complete 
| 120|0x0000000089600000, 0x0000000089700000, 0x0000000089700000|100%| E|CS|TAMS 0x0000000089600000, 0x0000000089600000| Complete 
| 121|0x0000000089700000, 0x0000000089800000, 0x0000000089800000|100%| E|CS|TAMS 0x0000000089700000, 0x0000000089700000| Complete 
| 122|0x0000000089800000, 0x0000000089900000, 0x0000000089900000|100%| E|CS|TAMS 0x0000000089800000, 0x0000000089800000| Complete 
| 123|0x0000000089900000, 0x0000000089a00000, 0x0000000089a00000|100%| E|CS|TAMS 0x0000000089900000, 0x0000000089900000| Complete 
| 124|0x0000000089a00000, 0x0000000089b00000, 0x0000000089b00000|100%| E|CS|TAMS 0x0000000089a00000, 0x0000000089a00000| Complete 
| 125|0x0000000089b00000, 0x0000000089c00000, 0x0000000089c00000|100%| E|CS|TAMS 0x0000000089b00000, 0x0000000089b00000| Complete 
| 126|0x0000000089c00000, 0x0000000089d00000, 0x0000000089d00000|100%| E|CS|TAMS 0x0000000089c00000, 0x0000000089c00000| Complete 
| 127|0x0000000089d00000, 0x0000000089e00000, 0x0000000089e00000|100%| E|CS|TAMS 0x0000000089d00000, 0x0000000089d00000| Complete 

Card table byte_map: [0x000002277f8a0000,0x000002277fca0000] _byte_map_base: 0x000002277f491000

Marking Bits (Prev, Next): (CMBitMap*) 0x0000022768a2afd0, (CMBitMap*) 0x0000022768a2b010
 Prev Bits: [0x0000022700400000, 0x0000022702388000)
 Next Bits: [0x0000022702390000, 0x0000022704318000)

Polling page: 0x0000022766970000

Metaspace:

Usage:
  Non-class:      9.43 MB used.
      Class:      1.26 MB used.
       Both:     10.69 MB used.

Virtual space:
  Non-class space:       16.00 MB reserved,       9.50 MB ( 59%) committed,  2 nodes.
      Class space:        1.00 GB reserved,       1.38 MB ( <1%) committed,  1 nodes.
              Both:        1.02 GB reserved,      10.88 MB (  1%) committed. 

Chunk freelists:
   Non-Class:  2.45 MB
       Class:  2.59 MB
        Both:  5.05 MB

MaxMetaspaceSize: 17179869184.00 GB
CompressedClassSpaceSize: 1.00 GB
 - commit_granule_bytes: 65536.
 - commit_granule_words: 8192.
 - virtual_space_node_default_size: 1048576.
 - enlarge_chunks_in_place: 1.
 - new_chunks_are_fully_committed: 0.
 - uncommit_free_chunks: 1.
 - use_allocation_guard: 0.
 - handle_deallocations: 1.


Internal statistics:

num_allocs_failed_limit: 0.
num_arena_births: 136.
num_arena_deaths: 0.
num_vsnodes_births: 3.
num_vsnodes_deaths: 0.
num_space_committed: 174.
num_space_uncommitted: 0.
num_chunks_returned_to_freelist: 0.
num_chunks_taken_from_freelist: 183.
num_chunk_merges: 0.
num_chunk_splits: 113.
num_chunks_enlarged: 62.
num_purges: 0.

CodeHeap 'non-profiled nmethods': size=120000Kb used=490Kb max_used=490Kb free=119509Kb
 bounds [0x0000022777c40000, 0x0000022777eb0000, 0x000002277f170000]
CodeHeap 'profiled nmethods': size=120000Kb used=2765Kb max_used=2765Kb free=117234Kb
 bounds [0x0000022770710000, 0x00000227709d0000, 0x0000022777c40000]
CodeHeap 'non-nmethods': size=5760Kb used=1323Kb max_used=1361Kb free=4436Kb
 bounds [0x0000022770170000, 0x00000227703e0000, 0x0000022770710000]
 total_blobs=2268 nmethods=1610 adapters=571
 compilation: enabled
              stopped_count=0, restarted_count=0
 full_count=0

Compilation events (20 events):
Event: 9319.105 Thread 0x0000022706a1fa30 1601       3       java.lang.ref.ReferenceQueue::reallyPoll (65 bytes)
Event: 9319.120 Thread 0x0000022706a1fa30 nmethod 1601 0x00000227709bf090 code [0x00000227709bf260, 0x00000227709bf798]
Event: 14476.642 Thread 0x00000227069fe4d0 1602       4       java.lang.String::hashCode (60 bytes)
Event: 14476.743 Thread 0x00000227069fe4d0 nmethod 1602 0x0000022777cb9990 code [0x0000022777cb9b20, 0x0000022777cb9ed8]
Event: 14499.592 Thread 0x0000022706a1fa30 1604   !   3       java.awt.Toolkit::setDesktopProperty (81 bytes)
Event: 14499.596 Thread 0x0000022706a1fa30 nmethod 1604 0x00000227709bf890 code [0x00000227709bfaa0, 0x00000227709c0308]
Event: 15963.491 Thread 0x0000022706a1fa30 1605       3       sun.awt.Win32GraphicsConfig::getDefaultTransform (24 bytes)
Event: 15963.500 Thread 0x0000022706a1fa30 nmethod 1605 0x00000227709c0590 code [0x00000227709c0740, 0x00000227709c09c8]
Event: 15963.563 Thread 0x00000227069fe4d0 1606  s    4       sun.java2d.loops.GraphicsPrimitive::makeUniqueID (26 bytes)
Event: 15963.565 Thread 0x00000227069fe4d0 nmethod 1606 0x0000022777cba490 code [0x0000022777cba620, 0x0000022777cba818]
Event: 15972.741 Thread 0x0000022706a1fa30 1607       3       java.awt.Toolkit::getEventQueue (7 bytes)
Event: 15972.741 Thread 0x0000022706a1fa30 nmethod 1607 0x00000227709c0a90 code [0x00000227709c0c40, 0x00000227709c0e18]
Event: 15972.741 Thread 0x0000022706a1fa30 1608       3       sun.awt.SunToolkit::getSystemEventQueueImpl (4 bytes)
Event: 15972.743 Thread 0x0000022706a1fa30 nmethod 1608 0x00000227709c0f10 code [0x00000227709c10e0, 0x00000227709c1418]
Event: 15972.743 Thread 0x0000022706a1fa30 1609       3       sun.awt.SunToolkit::getSystemEventQueueImplPP (7 bytes)
Event: 15972.744 Thread 0x0000022706a1fa30 nmethod 1609 0x00000227709c1590 code [0x00000227709c1760, 0x00000227709c1a18]
Event: 15975.012 Thread 0x0000022706a1fa30 1611  s    3       sun.java2d.loops.GraphicsPrimitiveMgr::locatePrim (95 bytes)
Event: 15975.012 Thread 0x00000227069fe4d0 1610       4       sun.java2d.loops.GraphicsPrimitiveMgr::locate (104 bytes)
Event: 15975.015 Thread 0x0000022706a1fa30 nmethod 1611 0x00000227709c1b10 code [0x00000227709c1d20, 0x00000227709c2588]
Event: 15975.015 Thread 0x0000022706a1fa30 1612       3       sun.swing.SwingUtilities2::isScaleChanged (74 bytes)

GC Heap History (0 events):
No events

Deoptimization events (20 events):
Event: 0.659 Thread 0x00000227689e8f80 Uncommon trap: trap_request=0xffffff45 fr.pc=0x0000022777c70964 relative=0x0000000000000224
Event: 0.659 Thread 0x00000227689e8f80 Uncommon trap: reason=unstable_if action=reinterpret pc=0x0000022777c70964 method=java.util.StringTokenizer.scanToken(I)I @ 42 c2
Event: 0.659 Thread 0x00000227689e8f80 DEOPT PACKING pc=0x0000022777c70964 sp=0x000000f35fbfcfe0
Event: 0.659 Thread 0x00000227689e8f80 DEOPT UNPACKING pc=0x00000227701bd72e sp=0x000000f35fbfcf70 mode 2
Event: 1.391 Thread 0x00000227087880d0 Uncommon trap: trap_request=0xffffff45 fr.pc=0x0000022777c4b4dc relative=0x000000000000023c
Event: 1.391 Thread 0x00000227087880d0 Uncommon trap: reason=unstable_if action=reinterpret pc=0x0000022777c4b4dc method=java.lang.String.hashCode()I @ 20 c2
Event: 1.391 Thread 0x00000227087880d0 DEOPT PACKING pc=0x0000022777c4b4dc sp=0x000000f3612fca40
Event: 1.391 Thread 0x00000227087880d0 DEOPT UNPACKING pc=0x00000227701bd72e sp=0x000000f3612fc9d0 mode 2
Event: 1.423 Thread 0x00000227087880d0 Uncommon trap: trap_request=0xffffff45 fr.pc=0x0000022777ca4ee0 relative=0x0000000000000420
Event: 1.423 Thread 0x00000227087880d0 Uncommon trap: reason=unstable_if action=reinterpret pc=0x0000022777ca4ee0 method=java.lang.Character.isSurrogate(C)Z @ 3 c2
Event: 1.423 Thread 0x00000227087880d0 DEOPT PACKING pc=0x0000022777ca4ee0 sp=0x000000f3612fc720
Event: 1.423 Thread 0x00000227087880d0 DEOPT UNPACKING pc=0x00000227701bd72e sp=0x000000f3612fc638 mode 2
Event: 1.487 Thread 0x00000227087880d0 Uncommon trap: trap_request=0xffffff45 fr.pc=0x0000022777c9a6cc relative=0x000000000000050c
Event: 1.487 Thread 0x00000227087880d0 Uncommon trap: reason=unstable_if action=reinterpret pc=0x0000022777c9a6cc method=java.lang.StringLatin1.toLowerCase(Ljava/lang/String;[BLjava/util/Locale;)Ljava/lang/String; @ 43 c2
Event: 1.487 Thread 0x00000227087880d0 DEOPT PACKING pc=0x0000022777c9a6cc sp=0x000000f3612fcbe0
Event: 1.487 Thread 0x00000227087880d0 DEOPT UNPACKING pc=0x00000227701bd72e sp=0x000000f3612fcb50 mode 2
Event: 1.513 Thread 0x00000227087880d0 Uncommon trap: trap_request=0xffffff45 fr.pc=0x0000022777ca278c relative=0x00000000000000ec
Event: 1.513 Thread 0x00000227087880d0 Uncommon trap: reason=unstable_if action=reinterpret pc=0x0000022777ca278c method=java.lang.ThreadLocal$ThreadLocalMap.getEntry(Ljava/lang/ThreadLocal;)Ljava/lang/ThreadLocal$ThreadLocalMap$Entry; @ 21 c2
Event: 1.513 Thread 0x00000227087880d0 DEOPT PACKING pc=0x0000022777ca278c sp=0x000000f3612fcfc0
Event: 1.513 Thread 0x00000227087880d0 DEOPT UNPACKING pc=0x00000227701bd72e sp=0x000000f3612fced8 mode 2

Classes unloaded (0 events):
No events

Classes redefined (0 events):
No events

Internal exceptions (19 events):
Event: 0.132 Thread 0x00000227689e8f80 Exception <a 'sun/nio/fs/WindowsException'{0x0000000089c40890}> (0x0000000089c40890) 
thrown [t:\workspace\open\src\hotspot\share\prims\jni.cpp, line 579]
Event: 0.133 Thread 0x00000227689e8f80 Exception <a 'sun/nio/fs/WindowsException'{0x0000000089c40e08}> (0x0000000089c40e08) 
thrown [t:\workspace\open\src\hotspot\share\prims\jni.cpp, line 579]
Event: 0.137 Thread 0x00000227689e8f80 Exception <a 'sun/nio/fs/WindowsException'{0x0000000089c43218}> (0x0000000089c43218) 
thrown [t:\workspace\open\src\hotspot\share\prims\jni.cpp, line 579]
Event: 0.137 Thread 0x00000227689e8f80 Exception <a 'sun/nio/fs/WindowsException'{0x0000000089c43d18}> (0x0000000089c43d18) 
thrown [t:\workspace\open\src\hotspot\share\prims\jni.cpp, line 579]
Event: 0.211 Thread 0x00000227689e8f80 Exception <a 'java/lang/NoSuchMethodError'{0x0000000089b14f78}: 'void java.lang.invoke.DirectMethodHandle$Holder.invokeSpecial(java.lang.Object, java.lang.Object, java.lang.Object)'> (0x0000000089b14f78) 
thrown [t:\workspace\open\src\hotspot\share\interpreter\linkResolver.cpp, line 790]
Event: 0.227 Thread 0x00000227689e8f80 Exception <a 'java/lang/ClassNotFoundException'{0x0000000089b2be60}: sun/awt/resources/spi/awtProvider> (0x0000000089b2be60) 
thrown [t:\workspace\open\src\hotspot\share\classfile\systemDictionary.cpp, line 256]
Event: 0.265 Thread 0x00000227689e8f80 Exception <a 'java/io/FileNotFoundException'{0x0000000089b808f0}> (0x0000000089b808f0) 
thrown [t:\workspace\open\src\hotspot\share\prims\jni.cpp, line 579]
Event: 0.300 Thread 0x00000227689e8f80 Exception <a 'java/io/FileNotFoundException'{0x0000000089baf1d0}> (0x0000000089baf1d0) 
thrown [t:\workspace\open\src\hotspot\share\prims\jni.cpp, line 579]
Event: 0.301 Thread 0x00000227689e8f80 Exception <a 'java/lang/NoSuchMethodError'{0x0000000089bb02c8}: 'java.lang.Object java.lang.invoke.DirectMethodHandle$Holder.invokeStatic(java.lang.Object)'> (0x0000000089bb02c8) 
thrown [t:\workspace\open\src\hotspot\share\interpreter\linkResolver.cpp, line 790]
Event: 0.357 Thread 0x00000227689e8f80 Exception <a 'java/lang/NoSuchMethodError'{0x0000000089bffa58}: 'java.lang.Object java.lang.invoke.DirectMethodHandle$Holder.invokeStaticInit(java.lang.Object)'> (0x0000000089bffa58) 
thrown [t:\workspace\open\src\hotspot\share\interpreter\linkResolver.cpp, line 790]
Event: 0.414 Thread 0x00000227689e8f80 Exception <a 'java/lang/NoSuchMethodError'{0x0000000089a70ee8}: 'java.lang.Object java.lang.invoke.DirectMethodHandle$Holder.newInvokeSpecial(java.lang.Object, java.lang.Object, java.lang.Object, java.lang.Object, java.lang.Object)'> (0x0000000089a70ee8) 
thrown [t:\workspace\open\src\hotspot\share\interpreter\linkResolver.cpp, line 790]
Event: 0.417 Thread 0x00000227689e8f80 Exception <a 'java/lang/NoSuchMethodError'{0x0000000089af2870}: 'java.lang.Object java.lang.invoke.DirectMethodHandle$Holder.invokeStatic(java.lang.Object, int, java.lang.Object, java.lang.Object, java.lang.Object, java.lang.Object)'> (0x0000000089af2870) 
thrown [t:\workspace\open\src\hotspot\share\interpreter\linkResolver.cpp, line 790]
Event: 0.423 Thread 0x00000227689e8f80 Exception <a 'java/lang/NoSuchMethodError'{0x0000000089918ef8}: 'java.lang.Object java.lang.invoke.DirectMethodHandle$Holder.invokeStatic(java.lang.Object, int, java.lang.Object)'> (0x0000000089918ef8) 
thrown [t:\workspace\open\src\hotspot\share\interpreter\linkResolver.cpp, line 790]
Event: 0.460 Thread 0x00000227689e8f80 Exception <a 'java/lang/ClassNotFoundException'{0x00000000899d1390}: com/sun/swing/internal/plaf/metal/resources/spi/metalProvider> (0x00000000899d1390) 
thrown [t:\workspace\open\src\hotspot\share\classfile\systemDictionary.cpp, line 256]
Event: 0.461 Thread 0x00000227689e8f80 Exception <a 'java/lang/ClassNotFoundException'{0x00000000899d5638}: com/sun/swing/internal/plaf/basic/resources/spi/basicProvider> (0x00000000899d5638) 
thrown [t:\workspace\open\src\hotspot\share\classfile\systemDictionary.cpp, line 256]
Event: 0.851 Thread 0x0000022708708710 Exception <a 'java/lang/NoSuchMethodError'{0x000000008948b540}: 'java.lang.Object java.lang.invoke.DirectMethodHandle$Holder.newInvokeSpecial(java.lang.Object, java.lang.Object, java.lang.Object, int, int, int, int, int)'> (0x000000008948b540) 
thrown [t:\workspace\open\src\hotspot\share\interpreter\linkResolver.cpp, line 790]
Event: 0.886 Thread 0x000002270770a290 Exception <a 'java/lang/NoSuchMethodError'{0x0000000089a86030}: 'void java.lang.invoke.DirectMethodHandle$Holder.invokeVirtual(java.lang.Object, java.lang.Object)'> (0x0000000089a86030) 
thrown [t:\workspace\open\src\hotspot\share\interpreter\linkResolver.cpp, line 790]
Event: 0.902 Thread 0x00000227689e8f80 Exception <a 'java/lang/NoSuchMethodError'{0x0000000089449148}: 'void java.lang.invoke.DirectMethodHandle$Holder.invokeStaticInit(java.lang.Object)'> (0x0000000089449148) 
thrown [t:\workspace\open\src\hotspot\share\interpreter\linkResolver.cpp, line 790]
Event: 1.513 Thread 0x00000227087880d0 Implicit null exception at 0x0000022777ca2703 to 0x0000022777ca2774

Events (20 events):
Event: 4.313 Executing  VM operation: Cleanup done
Event: 5.864 Thread 0x0000022708708710 Thread exited: 0x0000022708708710
Event: 675.478 loading class java/awt/desktop/SystemSleepListener
Event: 675.478 loading class java/awt/desktop/SystemEventListener
Event: 675.479 loading class java/awt/desktop/SystemEventListener done
Event: 675.479 loading class java/awt/desktop/SystemSleepListener done
Event: 14476.834 Executing  VM operation: Cleanup
Event: 14476.927 Executing  VM operation: Cleanup done
Event: 14477.930 Executing  VM operation: Cleanup
Event: 14477.931 Executing  VM operation: Cleanup done
Event: 15963.399 loading class java/util/WeakHashMap$KeyIterator
Event: 15963.410 loading class java/util/WeakHashMap$HashIterator
Event: 15963.421 loading class java/util/WeakHashMap$HashIterator done
Event: 15963.423 loading class java/util/WeakHashMap$KeyIterator done
Event: 15963.494 loading class javax/swing/RepaintManager$DisplayChangedRunnable
Event: 15963.499 loading class javax/swing/RepaintManager$DisplayChangedRunnable done
Event: 15963.524 Executing  VM operation: Cleanup
Event: 15963.525 Executing  VM operation: Cleanup done
Event: 15964.540 Executing  VM operation: Cleanup
Event: 15964.540 Executing  VM operation: Cleanup done


Dynamic libraries:
0x00007ff707040000 - 0x00007ff707050000 	C:\Program Files\Java\jdk-16.0.2\bin\java.exe
0x00007fff62ff0000 - 0x00007fff631e7000 	C:\Windows\SYSTEM32\ntdll.dll
0x00007fff629c0000 - 0x00007fff62a7d000 	C:\Windows\System32\KERNEL32.DLL
0x00007fff60850000 - 0x00007fff60b1d000 	C:\Windows\System32\KERNELBASE.dll
0x00007fff60b20000 - 0x00007fff60c20000 	C:\Windows\System32\ucrtbase.dll
0x00007fff590d0000 - 0x00007fff590e8000 	C:\Program Files\Java\jdk-16.0.2\bin\jli.dll
0x00007fff58dc0000 - 0x00007fff58dd9000 	C:\Program Files\Java\jdk-16.0.2\bin\VCRUNTIME140.dll
0x00007fff61cc0000 - 0x00007fff61d6e000 	C:\Windows\System32\ADVAPI32.dll
0x00007fff61a60000 - 0x00007fff61afe000 	C:\Windows\System32\msvcrt.dll
0x00007fff61bb0000 - 0x00007fff61c4c000 	C:\Windows\System32\sechost.dll
0x00007fff61930000 - 0x00007fff61a55000 	C:\Windows\System32\RPCRT4.dll
0x00007fff612d0000 - 0x00007fff61470000 	C:\Windows\System32\USER32.dll
0x00007fff60820000 - 0x00007fff60842000 	C:\Windows\System32\win32u.dll
0x00007fff62980000 - 0x00007fff629aa000 	C:\Windows\System32\GDI32.dll
0x00007fff60f10000 - 0x00007fff6101b000 	C:\Windows\System32\gdi32full.dll
0x00007fff3ffc0000 - 0x00007fff4025a000 	C:\Windows\WinSxS\amd64_microsoft.windows.common-controls_6595b64144ccf1df_6.0.19041.1110_none_60b5254171f9507e\COMCTL32.dll
0x00007fff60710000 - 0x00007fff607ad000 	C:\Windows\System32\msvcp_win.dll
0x00007fff593d0000 - 0x00007fff593da000 	C:\Windows\SYSTEM32\VERSION.dll
0x00007fff61d70000 - 0x00007fff61da0000 	C:\Windows\System32\IMM32.DLL
0x00007fff5c150000 - 0x00007fff5c15c000 	C:\Program Files\Java\jdk-16.0.2\bin\vcruntime140_1.dll
0x00007fff33830000 - 0x00007fff338c1000 	C:\Program Files\Java\jdk-16.0.2\bin\msvcp140.dll
0x00007ffeef900000 - 0x00007ffef04ab000 	C:\Program Files\Java\jdk-16.0.2\bin\server\jvm.dll
0x00007fff621c0000 - 0x00007fff621c8000 	C:\Windows\System32\PSAPI.DLL
0x00007fff42050000 - 0x00007fff42059000 	C:\Windows\SYSTEM32\WSOCK32.dll
0x00007fff4adb0000 - 0x00007fff4add7000 	C:\Windows\SYSTEM32\WINMM.dll
0x00007fff61c50000 - 0x00007fff61cbb000 	C:\Windows\System32\WS2_32.dll
0x00007fff5efa0000 - 0x00007fff5efb2000 	C:\Windows\SYSTEM32\kernel.appcore.dll
0x00007fff58ac0000 - 0x00007fff58aca000 	C:\Program Files\Java\jdk-16.0.2\bin\jimage.dll
0x00007fff5e510000 - 0x00007fff5e6f4000 	C:\Windows\SYSTEM32\DBGHELP.DLL
0x00007fff4b2f0000 - 0x00007fff4b31c000 	C:\Windows\SYSTEM32\dbgcore.DLL
0x00007fff60c20000 - 0x00007fff60ca2000 	C:\Windows\System32\bcryptPrimitives.dll
0x00007fff343e0000 - 0x00007fff34405000 	C:\Program Files\Java\jdk-16.0.2\bin\java.dll
0x00007fff62230000 - 0x00007fff62974000 	C:\Windows\System32\SHELL32.dll
0x00007fff5e7f0000 - 0x00007fff5ef84000 	C:\Windows\SYSTEM32\windows.storage.dll
0x00007fff61500000 - 0x00007fff61854000 	C:\Windows\System32\combase.dll
0x00007fff600a0000 - 0x00007fff600cc000 	C:\Windows\SYSTEM32\Wldp.dll
0x00007fff61b00000 - 0x00007fff61bad000 	C:\Windows\System32\SHCORE.dll
0x00007fff62a80000 - 0x00007fff62ad5000 	C:\Windows\System32\shlwapi.dll
0x00007fff60650000 - 0x00007fff6066f000 	C:\Windows\SYSTEM32\profapi.dll
0x00007fff4ce40000 - 0x00007fff4ce59000 	C:\Program Files\Java\jdk-16.0.2\bin\net.dll
0x00007fff563c0000 - 0x00007fff564ca000 	C:\Windows\SYSTEM32\WINHTTP.dll
0x00007fff5fe00000 - 0x00007fff5fe6a000 	C:\Windows\system32\mswsock.dll
0x00007fff392c0000 - 0x00007fff392d3000 	C:\Program Files\Java\jdk-16.0.2\bin\nio.dll
0x00007fff37310000 - 0x00007fff37328000 	C:\Program Files\Java\jdk-16.0.2\bin\zip.dll
0x00007fff16e20000 - 0x00007fff16fa0000 	C:\Program Files\Java\jdk-16.0.2\bin\awt.dll
0x00007fff61050000 - 0x00007fff6111d000 	C:\Windows\System32\OLEAUT32.dll
0x00007fff5dce0000 - 0x00007fff5dd70000 	C:\Windows\SYSTEM32\apphelp.dll
0x00007fff5df80000 - 0x00007fff5dfaf000 	C:\Windows\system32\DWMAPI.DLL
0x00007fff5dd90000 - 0x00007fff5de2e000 	C:\Windows\system32\uxtheme.dll
0x00007fff394a0000 - 0x00007fff395c6000 	C:\Windows\system32\opengl32.dll
0x00007fff4cc50000 - 0x00007fff4cc7c000 	C:\Windows\SYSTEM32\GLU32.dll
0x00007fff61da0000 - 0x00007fff61eb5000 	C:\Windows\System32\MSCTF.dll
0x00007fff62090000 - 0x00007fff621ba000 	C:\Windows\System32\ole32.dll
0x00007fff4cc10000 - 0x00007fff4cc20000 	C:\Program Files\Java\jdk-16.0.2\bin\verify.dll
0x00007fff337a0000 - 0x00007fff33829000 	C:\Program Files\Java\jdk-16.0.2\bin\freetype.dll
0x00007fff16d20000 - 0x00007fff16e16000 	C:\Program Files\Java\jdk-16.0.2\bin\harfbuzz.dll
0x00007fff33780000 - 0x00007fff33792000 	C:\Program Files\Java\jdk-16.0.2\bin\fontmanager.dll
0x00007fff61880000 - 0x00007fff61929000 	C:\Windows\System32\clbcatq.dll
0x00007fff564f0000 - 0x00007fff566a4000 	C:\Windows\SYSTEM32\WindowsCodecs.dll
0x00007fff61020000 - 0x00007fff61047000 	C:\Windows\System32\bcrypt.dll
0x00007fff38460000 - 0x00007fff3849e000 	C:\Windows\system32\dataexchange.dll
0x00007fff5cf80000 - 0x00007fff5d164000 	C:\Windows\system32\dcomp.dll
0x00007fff5cd10000 - 0x00007fff5cf73000 	C:\Windows\system32\d3d11.dll
0x00007fff5f010000 - 0x00007fff5f103000 	C:\Windows\system32\dxgi.dll
0x00007fff58740000 - 0x00007fff58940000 	C:\Windows\system32\twinapi.appcore.dll
0x00007fff59460000 - 0x00007fff59559000 	C:\Windows\SYSTEM32\textinputframework.dll
0x00007fff5d730000 - 0x00007fff5da8e000 	C:\Windows\System32\CoreUIComponents.dll
0x00007fff5db90000 - 0x00007fff5dc82000 	C:\Windows\System32\CoreMessaging.dll
0x00007fff5f410000 - 0x00007fff5f443000 	C:\Windows\SYSTEM32\ntmarta.dll
0x00007fff5d5d0000 - 0x00007fff5d724000 	C:\Windows\SYSTEM32\wintypes.dll

dbghelp: loaded successfully - version: 4.0.5 - missing functions: none
symbol engine: initialized successfully - sym options: 0x614 - pdb path: .;C:\Program Files\Java\jdk-16.0.2\bin;C:\Windows\SYSTEM32;C:\Windows\WinSxS\amd64_microsoft.windows.common-controls_6595b64144ccf1df_6.0.19041.1110_none_60b5254171f9507e;C:\Program Files\Java\jdk-16.0.2\bin\server

VM Arguments:
jvm_args: -Dfile.encoding=UTF-8 --module-path=C:\Users\admin\Documents\NetBeansProjects\bank management system\build\classes 
java_command: bank.management.system.Signup1
java_class_path (initial): C:\Users\admin\Downloads\jcalendar-1.1.4.jar;C:\Users\admin\Downloads\jcalendar-tz-1.3.3-4.jar\jcalendar-tz-1.3.3-4.jar;E:\JAR File\mysql-connector-java-8.0.17\mysql-connector-java-8.0.17.jar;C:\Users\admin\Documents\NetBeansProjects\bank management system\build\classes
Launcher Type: SUN_STANDARD

[Global flags]
     intx CICompilerCount                          = 4                                         {product} {ergonomic}
     uint ConcGCThreads                            = 2                                         {product} {ergonomic}
     uint G1ConcRefinementThreads                  = 8                                         {product} {ergonomic}
   size_t G1HeapRegionSize                         = 1048576                                   {product} {ergonomic}
    uintx GCDrainStackTargetSize                   = 64                                        {product} {ergonomic}
   size_t InitialHeapSize                          = 134217728                                 {product} {ergonomic}
   size_t MarkStackSize                            = 4194304                                   {product} {ergonomic}
   size_t MaxHeapSize                              = 2116026368                                {product} {ergonomic}
   size_t MaxNewSize                               = 1268776960                                {product} {ergonomic}
   size_t MinHeapDeltaBytes                        = 1048576                                   {product} {ergonomic}
   size_t MinHeapSize                              = 8388608                                   {product} {ergonomic}
    uintx NonNMethodCodeHeapSize                   = 5839372                                {pd product} {ergonomic}
    uintx NonProfiledCodeHeapSize                  = 122909434                              {pd product} {ergonomic}
    uintx ProfiledCodeHeapSize                     = 122909434                              {pd product} {ergonomic}
    uintx ReservedCodeCacheSize                    = 251658240                              {pd product} {ergonomic}
     bool SegmentedCodeCache                       = true                                      {product} {ergonomic}
   size_t SoftMaxHeapSize                          = 2116026368                             {manageable} {ergonomic}
     bool UseCompressedClassPointers               = true                           {product lp64_product} {ergonomic}
     bool UseCompressedOops                        = true                           {product lp64_product} {ergonomic}
     bool UseG1GC                                  = true                                      {product} {ergonomic}
     bool UseLargePagesIndividualAllocation        = false                                  {pd product} {ergonomic}

Logging:
Log output configuration:
 #0: stdout all=warning uptime,level,tags
 #1: stderr all=off uptime,level,tags

Environment Variables:
PATH=C:\Program Files\Common Files\Oracle\Java\javapath;C:\Users\admin\Downloads\WINDOWS.X64_193000_db_home\bin;C:\Program Files (x86)\Microchip\mplabc18\v3.45\mpasm;C:\Program Files (x86)\Microchip\mplabc18\v3.45\bin;C:\Program Files\Java\jdk-16.0.2\bin;C:\Program Files\Java\jdk-16.0.2;C:\Windows\system32;C:\Windows;C:\Windows\System32\Wbem;C:\Windows\System32\WindowsPowerShell\v1.0\;C:\Windows\System32\OpenSSH\;C:\Program Files (x86)\Microchip\MPLAB C32 Suite\bin;C:\Program Files\Pragma\Clients;C:\Program Files\Git\cmd;C:\Program Files (x86)\Microsoft SQL Server\100\Tools\Binn\;C:\Program Files\Microsoft SQL Server\100\Tools\Binn\;C:\Program Files\Microsoft SQL Server\100\DTS\Binn\;"C:\Windows\system32;C:\Windows;C:\Windows\System32\Wbem";C:\Users\admin\AppData\Local\Programs\Python\Python310\Scripts\;C:\Users\admin\AppData\Local\Programs\Python\Python310\;C:\Program Files (x86)\Microchip\mplabc18\v3.45\mpasm;C:\Program Files (x86)\Microchip\mplabc18\v3.45\bin;C:\Program Files\MySQL\MySQL Shell 8.0\bin\;C:\Users\admin\AppData\Local\Microsoft\WindowsApps;C:\Users\admin\AppData\Local\atom\bin;C:\Program Files\heroku\bin;C:\Users\admin\AppData\Local\Programs\Microsoft VS Code\bin;C:\Program Files\Git\bin;;C:\Program Files\JetBrains\PyCharm Community Edition 2021.3.1\bin;
USERNAME=admin
OS=Windows_NT
PROCESSOR_IDENTIFIER=Intel64 Family 6 Model 142 Stepping 12, GenuineIntel



---------------  S Y S T E M  ---------------

OS:
 Windows 10 , 64 bit Build 19041 (10.0.19041.1741)
OS uptime: 2 days 8:22 hours

CPU: total 8 (initial active 8) (4 cores per cpu, 2 threads per core) family 6 model 142 stepping 12 microcode 0xb8, cx8, cmov, fxsr, ht, mmx, 3dnowpref, sse, sse2, sse3, ssse3, sse4.1, sse4.2, popcnt, lzcnt, tsc, tscinvbit, avx, avx2, aes, erms, clmul, bmi1, bmi2, adx, fma, vzeroupper, clflush, clflushopt

Memory: 4k page, system-wide physical 8071M (559M free)
TotalPageFile size 32647M (AvailPageFile size 70M)
current process WorkingSet (physical memory assigned to process): 20M, peak: 91M
current process commit charge ("private bytes"): 232M, peak: 239M

vm_info: Java HotSpot(TM) 64-Bit Server VM (16.0.2+7-67) for windows-amd64 JRE (16.0.2+7-67), built on Jun  8 2021 23:24:19 by "mach5one" with MS VC++ 16.7 (VS2019)

END.
