#
# There is insufficient memory for the Java Runtime Environment to continue.
# Native memory allocation (malloc) failed to allocate 32744 bytes for ChunkPool::allocate
# Possible reasons:
#   The system is out of physical RAM or swap space
#   The process is running with CompressedOops enabled, and the Java Heap may be blocking the growth of the native heap
# Possible solutions:
#   Reduce memory load on the system
#   Increase physical memory or swap space
#   Check if swap backing store is full
#   Decrease Java heap size (-Xmx/-Xms)
#   Decrease number of Java threads
#   Decrease Java thread stack sizes (-Xss)
#   Set larger code cache with -XX:ReservedCodeCacheSize=
#   JVM is running with Unscaled Compressed Oops mode in which the Java heap is
#     placed in the first 4GB address space. The Java Heap base address is the
#     maximum limit for the native heap growth. Please use -XX:HeapBaseMinAddress
#     to set the Java Heap base and to place the Java Heap above 4GB virtual address.
# This output file may be truncated or incomplete.
#
#  Out of Memory Error (arena.cpp:79), pid=47852, tid=46044
#
# JRE version: Java(TM) SE Runtime Environment (16.0.2+7) (build 16.0.2+7-67)
# Java VM: Java HotSpot(TM) 64-Bit Server VM (16.0.2+7-67, mixed mode, sharing, tiered, compressed oops, compressed class ptrs, g1 gc, windows-amd64)
# No core dump will be written. Minidumps are not enabled by default on client versions of Windows
#

---------------  S U M M A R Y ------------

Command Line: -Dfile.encoding=UTF-8 --module-path=C:\Users\admin\Documents\NetBeansProjects\bank management system\build\classes bank.management.system.Signup1

Host: Intel(R) Core(TM) i5-8265U CPU @ 1.60GHz, 8 cores, 7G,  Windows 10 , 64 bit Build 19041 (10.0.19041.1741)
Time: Sat Jul 16 19:55:18 2022 India Standard Time elapsed time: 28569.858754 seconds (0d 7h 56m 9s)

---------------  T H R E A D  ---------------

Current thread (0x0000012ece844b80):  JavaThread "C1 CompilerThread0" daemon [_thread_in_native, id=46044, stack(0x0000000101400000,0x0000000101500000)]


Current CompileTask:
C1:28569858 1945       3       javax.swing.text.DefaultCaret$Handler::propertyChange (273 bytes)

Stack: [0x0000000101400000,0x0000000101500000]
Native frames: (J=compiled Java code, j=interpreted, Vv=VM code, C=native code)
V  [jvm.dll+0x6681ca]
V  [jvm.dll+0x7c9e69]
V  [jvm.dll+0x7cb61e]
V  [jvm.dll+0x7cbc73]
V  [jvm.dll+0x242c55]
V  [jvm.dll+0xae10f]
V  [jvm.dll+0xae45c]
V  [jvm.dll+0xb9cc1]
V  [jvm.dll+0x17593f]
V  [jvm.dll+0x17d8df]
V  [jvm.dll+0x175130]
V  [jvm.dll+0x174617]
V  [jvm.dll+0x17e38b]
V  [jvm.dll+0x175735]
V  [jvm.dll+0x17960f]
V  [jvm.dll+0x1331c3]
V  [jvm.dll+0x132a5f]
V  [jvm.dll+0x132c99]
V  [jvm.dll+0x1320ff]
V  [jvm.dll+0x133ec1]
V  [jvm.dll+0x225158]
V  [jvm.dll+0x22319c]
V  [jvm.dll+0x77fa62]
V  [jvm.dll+0x7795aa]
V  [jvm.dll+0x667066]
C  [ucrtbase.dll+0x21bb2]
C  [KERNEL32.DLL+0x17034]
C  [ntdll.dll+0x52651]


---------------  P R O C E S S  ---------------

Threads class SMR info:
_java_thread_list=0x0000012ed03ff440, length=17, elements={
0x0000012ece833fb0, 0x0000012ece835410, 0x0000012ece83f0b0, 0x0000012ece840ac0,
0x0000012ece8414c0, 0x0000012ece841ec0, 0x0000012ece843390, 0x0000012ece844b80,
0x0000012ece8479e0, 0x0000012ece80f2e0, 0x0000012ecf4f8ce0, 0x0000012ecf5dfe00,
0x0000012ecf5dee10, 0x0000012ecf5e1340, 0x0000012ecf5df8b0, 0x0000012ecf5dde20,
0x0000012ecf5e08a0
}

Java Threads: ( => current thread )
  0x0000012ece833fb0 JavaThread "Reference Handler" daemon [_thread_blocked, id=41960, stack(0x0000000100d00000,0x0000000100e00000)]
  0x0000012ece835410 JavaThread "Finalizer" daemon [_thread_blocked, id=31436, stack(0x0000000100e00000,0x0000000100f00000)]
  0x0000012ece83f0b0 JavaThread "Signal Dispatcher" daemon [_thread_blocked, id=47484, stack(0x0000000100f00000,0x0000000101000000)]
  0x0000012ece840ac0 JavaThread "Attach Listener" daemon [_thread_blocked, id=48992, stack(0x0000000101000000,0x0000000101100000)]
  0x0000012ece8414c0 JavaThread "Service Thread" daemon [_thread_blocked, id=40288, stack(0x0000000101100000,0x0000000101200000)]
  0x0000012ece841ec0 JavaThread "Monitor Deflation Thread" daemon [_thread_blocked, id=24332, stack(0x0000000101200000,0x0000000101300000)]
  0x0000012ece843390 JavaThread "C2 CompilerThread0" daemon [_thread_blocked, id=32212, stack(0x0000000101300000,0x0000000101400000)]
=>0x0000012ece844b80 JavaThread "C1 CompilerThread0" daemon [_thread_in_native, id=46044, stack(0x0000000101400000,0x0000000101500000)]
  0x0000012ece8479e0 JavaThread "Sweeper thread" daemon [_thread_blocked, id=40808, stack(0x0000000101500000,0x0000000101600000)]
  0x0000012ece80f2e0 JavaThread "Common-Cleaner" daemon [_thread_blocked, id=46072, stack(0x0000000101600000,0x0000000101700000)]
  0x0000012ecf4f8ce0 JavaThread "Notification Thread" daemon [_thread_blocked, id=50276, stack(0x0000000101700000,0x0000000101800000)]
  0x0000012ecf5dfe00 JavaThread "Java2D Disposer" daemon [_thread_blocked, id=38884, stack(0x0000000101900000,0x0000000101a00000)]
  0x0000012ecf5dee10 JavaThread "AWT-Shutdown" [_thread_blocked, id=46840, stack(0x0000000101a00000,0x0000000101b00000)]
  0x0000012ecf5e1340 JavaThread "AWT-Windows" daemon [_thread_in_native, id=42224, stack(0x0000000101b00000,0x0000000101c00000)]
  0x0000012ecf5df8b0 JavaThread "AWT-EventQueue-0" [_thread_blocked, id=46976, stack(0x0000000101d00000,0x0000000101e00000)]
  0x0000012ecf5dde20 JavaThread "DestroyJavaVM" [_thread_blocked, id=28716, stack(0x0000000100600000,0x0000000100700000)]
  0x0000012ecf5e08a0 JavaThread "TimerQueue" daemon [_thread_blocked, id=43740, stack(0x0000000102200000,0x0000000102300000)]

Other Threads:
  0x0000012ece82cdc0 VMThread "VM Thread" [stack: 0x0000000100c00000,0x0000000100d00000] [id=42208]
  0x0000012ecf540fb0 WatcherThread [stack: 0x0000000101800000,0x0000000101900000] [id=43612]
  0x0000012eb08bc880 GCTaskThread "GC Thread#0" [stack: 0x0000000100700000,0x0000000100800000] [id=39920]
  0x0000012eb08cd500 ConcurrentGCThread "G1 Main Marker" [stack: 0x0000000100800000,0x0000000100900000] [id=49984]
  0x0000012eb08cee80 ConcurrentGCThread "G1 Conc#0" [stack: 0x0000000100900000,0x0000000100a00000] [id=45984]
  0x0000012eb095c5d0 ConcurrentGCThread "G1 Refine#0" [stack: 0x0000000100a00000,0x0000000100b00000] [id=48492]
  0x0000012eb095cf50 ConcurrentGCThread "G1 Service" [stack: 0x0000000100b00000,0x0000000100c00000] [id=50348]

Threads with active compile tasks:
C1 CompilerThread0  28569886 1945       3       javax.swing.text.DefaultCaret$Handler::propertyChange (273 bytes)

VM state: not at safepoint (normal execution)

VM Mutex/Monitor currently owned by a thread: None

Heap address: 0x0000000081e00000, size: 2018 MB, Compressed Oops mode: 32-bit

CDS archive(s) mapped at: [0x0000000800000000-0x0000000800bb0000-0x0000000800bb0000), size 12255232, SharedBaseAddress: 0x0000000800000000, ArchiveRelocationMode: 0.
Compressed class space mapped at: 0x0000000800c00000-0x0000000840c00000, reserved size: 1073741824
Narrow klass base: 0x0000000800000000, Narrow klass shift: 3, Narrow klass range: 0x100000000

GC Precious Log:
 CPUs: 8 total, 8 available
 Memory: 8071M
 Large Page Support: Disabled
 NUMA Support: Disabled
 Compressed Oops: Enabled (32-bit)
 Heap Region Size: 1M
 Heap Min Capacity: 8M
 Heap Initial Capacity: 128M
 Heap Max Capacity: 2018M
 Pre-touch: Disabled
 Parallel Workers: 8
 Concurrent Workers: 2
 Concurrent Refinement Workers: 8
 Periodic GC: Disabled

Heap:
 garbage-first heap   total 131072K, used 24576K [0x0000000081e00000, 0x0000000100000000)
  region size 1024K, 21 young (21504K), 0 survivors (0K)
 Metaspace       used 11244K, committed 11456K, reserved 1064960K
  class space    used 1288K, committed 1408K, reserved 1048576K

Heap Regions: E=young(eden), S=young(survivor), O=old, HS=humongous(starts), HC=humongous(continues), CS=collection set, F=free, OA=open archive, CA=closed archive, TAMS=top-at-mark-start (previous, next)
|   0|0x0000000081e00000, 0x0000000081f00000, 0x0000000081f00000|100%|HS|  |TAMS 0x0000000081e00000, 0x0000000081e00000| Complete 
|   1|0x0000000081f00000, 0x0000000082000000, 0x0000000082000000|100%|HC|  |TAMS 0x0000000081f00000, 0x0000000081f00000| Complete 
|   2|0x0000000082000000, 0x0000000082100000, 0x0000000082100000|100%|HC|  |TAMS 0x0000000082000000, 0x0000000082000000| Complete 
|   3|0x0000000082100000, 0x0000000082200000, 0x0000000082200000|100%|HC|  |TAMS 0x0000000082100000, 0x0000000082100000| Complete 
|   4|0x0000000082200000, 0x0000000082200000, 0x0000000082300000|  0%| F|  |TAMS 0x0000000082200000, 0x0000000082200000| Untracked 
|   5|0x0000000082300000, 0x0000000082300000, 0x0000000082400000|  0%| F|  |TAMS 0x0000000082300000, 0x0000000082300000| Untracked 
|   6|0x0000000082400000, 0x0000000082400000, 0x0000000082500000|  0%| F|  |TAMS 0x0000000082400000, 0x0000000082400000| Untracked 
|   7|0x0000000082500000, 0x0000000082500000, 0x0000000082600000|  0%| F|  |TAMS 0x0000000082500000, 0x0000000082500000| Untracked 
|   8|0x0000000082600000, 0x0000000082600000, 0x0000000082700000|  0%| F|  |TAMS 0x0000000082600000, 0x0000000082600000| Untracked 
|   9|0x0000000082700000, 0x0000000082700000, 0x0000000082800000|  0%| F|  |TAMS 0x0000000082700000, 0x0000000082700000| Untracked 
|  10|0x0000000082800000, 0x0000000082800000, 0x0000000082900000|  0%| F|  |TAMS 0x0000000082800000, 0x0000000082800000| Untracked 
|  11|0x0000000082900000, 0x0000000082900000, 0x0000000082a00000|  0%| F|  |TAMS 0x0000000082900000, 0x0000000082900000| Untracked 
|  12|0x0000000082a00000, 0x0000000082a00000, 0x0000000082b00000|  0%| F|  |TAMS 0x0000000082a00000, 0x0000000082a00000| Untracked 
|  13|0x0000000082b00000, 0x0000000082b00000, 0x0000000082c00000|  0%| F|  |TAMS 0x0000000082b00000, 0x0000000082b00000| Untracked 
|  14|0x0000000082c00000, 0x0000000082c00000, 0x0000000082d00000|  0%| F|  |TAMS 0x0000000082c00000, 0x0000000082c00000| Untracked 
|  15|0x0000000082d00000, 0x0000000082d00000, 0x0000000082e00000|  0%| F|  |TAMS 0x0000000082d00000, 0x0000000082d00000| Untracked 
|  16|0x0000000082e00000, 0x0000000082e00000, 0x0000000082f00000|  0%| F|  |TAMS 0x0000000082e00000, 0x0000000082e00000| Untracked 
|  17|0x0000000082f00000, 0x0000000082f00000, 0x0000000083000000|  0%| F|  |TAMS 0x0000000082f00000, 0x0000000082f00000| Untracked 
|  18|0x0000000083000000, 0x0000000083000000, 0x0000000083100000|  0%| F|  |TAMS 0x0000000083000000, 0x0000000083000000| Untracked 
|  19|0x0000000083100000, 0x0000000083100000, 0x0000000083200000|  0%| F|  |TAMS 0x0000000083100000, 0x0000000083100000| Untracked 
|  20|0x0000000083200000, 0x0000000083200000, 0x0000000083300000|  0%| F|  |TAMS 0x0000000083200000, 0x0000000083200000| Untracked 
|  21|0x0000000083300000, 0x0000000083300000, 0x0000000083400000|  0%| F|  |TAMS 0x0000000083300000, 0x0000000083300000| Untracked 
|  22|0x0000000083400000, 0x0000000083400000, 0x0000000083500000|  0%| F|  |TAMS 0x0000000083400000, 0x0000000083400000| Untracked 
|  23|0x0000000083500000, 0x0000000083500000, 0x0000000083600000|  0%| F|  |TAMS 0x0000000083500000, 0x0000000083500000| Untracked 
|  24|0x0000000083600000, 0x0000000083600000, 0x0000000083700000|  0%| F|  |TAMS 0x0000000083600000, 0x0000000083600000| Untracked 
|  25|0x0000000083700000, 0x0000000083700000, 0x0000000083800000|  0%| F|  |TAMS 0x0000000083700000, 0x0000000083700000| Untracked 
|  26|0x0000000083800000, 0x0000000083800000, 0x0000000083900000|  0%| F|  |TAMS 0x0000000083800000, 0x0000000083800000| Untracked 
|  27|0x0000000083900000, 0x0000000083900000, 0x0000000083a00000|  0%| F|  |TAMS 0x0000000083900000, 0x0000000083900000| Untracked 
|  28|0x0000000083a00000, 0x0000000083a00000, 0x0000000083b00000|  0%| F|  |TAMS 0x0000000083a00000, 0x0000000083a00000| Untracked 
|  29|0x0000000083b00000, 0x0000000083b00000, 0x0000000083c00000|  0%| F|  |TAMS 0x0000000083b00000, 0x0000000083b00000| Untracked 
|  30|0x0000000083c00000, 0x0000000083c00000, 0x0000000083d00000|  0%| F|  |TAMS 0x0000000083c00000, 0x0000000083c00000| Untracked 
|  31|0x0000000083d00000, 0x0000000083d00000, 0x0000000083e00000|  0%| F|  |TAMS 0x0000000083d00000, 0x0000000083d00000| Untracked 
|  32|0x0000000083e00000, 0x0000000083e00000, 0x0000000083f00000|  0%| F|  |TAMS 0x0000000083e00000, 0x0000000083e00000| Untracked 
|  33|0x0000000083f00000, 0x0000000083f00000, 0x0000000084000000|  0%| F|  |TAMS 0x0000000083f00000, 0x0000000083f00000| Untracked 
|  34|0x0000000084000000, 0x0000000084000000, 0x0000000084100000|  0%| F|  |TAMS 0x0000000084000000, 0x0000000084000000| Untracked 
|  35|0x0000000084100000, 0x0000000084100000, 0x0000000084200000|  0%| F|  |TAMS 0x0000000084100000, 0x0000000084100000| Untracked 
|  36|0x0000000084200000, 0x0000000084200000, 0x0000000084300000|  0%| F|  |TAMS 0x0000000084200000, 0x0000000084200000| Untracked 
|  37|0x0000000084300000, 0x0000000084300000, 0x0000000084400000|  0%| F|  |TAMS 0x0000000084300000, 0x0000000084300000| Untracked 
|  38|0x0000000084400000, 0x0000000084400000, 0x0000000084500000|  0%| F|  |TAMS 0x0000000084400000, 0x0000000084400000| Untracked 
|  39|0x0000000084500000, 0x0000000084500000, 0x0000000084600000|  0%| F|  |TAMS 0x0000000084500000, 0x0000000084500000| Untracked 
|  40|0x0000000084600000, 0x0000000084600000, 0x0000000084700000|  0%| F|  |TAMS 0x0000000084600000, 0x0000000084600000| Untracked 
|  41|0x0000000084700000, 0x0000000084700000, 0x0000000084800000|  0%| F|  |TAMS 0x0000000084700000, 0x0000000084700000| Untracked 
|  42|0x0000000084800000, 0x0000000084800000, 0x0000000084900000|  0%| F|  |TAMS 0x0000000084800000, 0x0000000084800000| Untracked 
|  43|0x0000000084900000, 0x0000000084900000, 0x0000000084a00000|  0%| F|  |TAMS 0x0000000084900000, 0x0000000084900000| Untracked 
|  44|0x0000000084a00000, 0x0000000084a00000, 0x0000000084b00000|  0%| F|  |TAMS 0x0000000084a00000, 0x0000000084a00000| Untracked 
|  45|0x0000000084b00000, 0x0000000084b00000, 0x0000000084c00000|  0%| F|  |TAMS 0x0000000084b00000, 0x0000000084b00000| Untracked 
|  46|0x0000000084c00000, 0x0000000084c00000, 0x0000000084d00000|  0%| F|  |TAMS 0x0000000084c00000, 0x0000000084c00000| Untracked 
|  47|0x0000000084d00000, 0x0000000084d00000, 0x0000000084e00000|  0%| F|  |TAMS 0x0000000084d00000, 0x0000000084d00000| Untracked 
|  48|0x0000000084e00000, 0x0000000084e00000, 0x0000000084f00000|  0%| F|  |TAMS 0x0000000084e00000, 0x0000000084e00000| Untracked 
|  49|0x0000000084f00000, 0x0000000084f00000, 0x0000000085000000|  0%| F|  |TAMS 0x0000000084f00000, 0x0000000084f00000| Untracked 
|  50|0x0000000085000000, 0x0000000085000000, 0x0000000085100000|  0%| F|  |TAMS 0x0000000085000000, 0x0000000085000000| Untracked 
|  51|0x0000000085100000, 0x0000000085100000, 0x0000000085200000|  0%| F|  |TAMS 0x0000000085100000, 0x0000000085100000| Untracked 
|  52|0x0000000085200000, 0x0000000085200000, 0x0000000085300000|  0%| F|  |TAMS 0x0000000085200000, 0x0000000085200000| Untracked 
|  53|0x0000000085300000, 0x0000000085300000, 0x0000000085400000|  0%| F|  |TAMS 0x0000000085300000, 0x0000000085300000| Untracked 
|  54|0x0000000085400000, 0x0000000085400000, 0x0000000085500000|  0%| F|  |TAMS 0x0000000085400000, 0x0000000085400000| Untracked 
|  55|0x0000000085500000, 0x0000000085500000, 0x0000000085600000|  0%| F|  |TAMS 0x0000000085500000, 0x0000000085500000| Untracked 
|  56|0x0000000085600000, 0x0000000085600000, 0x0000000085700000|  0%| F|  |TAMS 0x0000000085600000, 0x0000000085600000| Untracked 
|  57|0x0000000085700000, 0x0000000085700000, 0x0000000085800000|  0%| F|  |TAMS 0x0000000085700000, 0x0000000085700000| Untracked 
|  58|0x0000000085800000, 0x0000000085800000, 0x0000000085900000|  0%| F|  |TAMS 0x0000000085800000, 0x0000000085800000| Untracked 
|  59|0x0000000085900000, 0x0000000085900000, 0x0000000085a00000|  0%| F|  |TAMS 0x0000000085900000, 0x0000000085900000| Untracked 
|  60|0x0000000085a00000, 0x0000000085a00000, 0x0000000085b00000|  0%| F|  |TAMS 0x0000000085a00000, 0x0000000085a00000| Untracked 
|  61|0x0000000085b00000, 0x0000000085b00000, 0x0000000085c00000|  0%| F|  |TAMS 0x0000000085b00000, 0x0000000085b00000| Untracked 
|  62|0x0000000085c00000, 0x0000000085c00000, 0x0000000085d00000|  0%| F|  |TAMS 0x0000000085c00000, 0x0000000085c00000| Untracked 
|  63|0x0000000085d00000, 0x0000000085d00000, 0x0000000085e00000|  0%| F|  |TAMS 0x0000000085d00000, 0x0000000085d00000| Untracked 
|  64|0x0000000085e00000, 0x0000000085e00000, 0x0000000085f00000|  0%| F|  |TAMS 0x0000000085e00000, 0x0000000085e00000| Untracked 
|  65|0x0000000085f00000, 0x0000000085f00000, 0x0000000086000000|  0%| F|  |TAMS 0x0000000085f00000, 0x0000000085f00000| Untracked 
|  66|0x0000000086000000, 0x0000000086000000, 0x0000000086100000|  0%| F|  |TAMS 0x0000000086000000, 0x0000000086000000| Untracked 
|  67|0x0000000086100000, 0x0000000086100000, 0x0000000086200000|  0%| F|  |TAMS 0x0000000086100000, 0x0000000086100000| Untracked 
|  68|0x0000000086200000, 0x0000000086200000, 0x0000000086300000|  0%| F|  |TAMS 0x0000000086200000, 0x0000000086200000| Untracked 
|  69|0x0000000086300000, 0x0000000086300000, 0x0000000086400000|  0%| F|  |TAMS 0x0000000086300000, 0x0000000086300000| Untracked 
|  70|0x0000000086400000, 0x0000000086400000, 0x0000000086500000|  0%| F|  |TAMS 0x0000000086400000, 0x0000000086400000| Untracked 
|  71|0x0000000086500000, 0x0000000086500000, 0x0000000086600000|  0%| F|  |TAMS 0x0000000086500000, 0x0000000086500000| Untracked 
|  72|0x0000000086600000, 0x0000000086600000, 0x0000000086700000|  0%| F|  |TAMS 0x0000000086600000, 0x0000000086600000| Untracked 
|  73|0x0000000086700000, 0x0000000086700000, 0x0000000086800000|  0%| F|  |TAMS 0x0000000086700000, 0x0000000086700000| Untracked 
|  74|0x0000000086800000, 0x0000000086800000, 0x0000000086900000|  0%| F|  |TAMS 0x0000000086800000, 0x0000000086800000| Untracked 
|  75|0x0000000086900000, 0x0000000086900000, 0x0000000086a00000|  0%| F|  |TAMS 0x0000000086900000, 0x0000000086900000| Untracked 
|  76|0x0000000086a00000, 0x0000000086a00000, 0x0000000086b00000|  0%| F|  |TAMS 0x0000000086a00000, 0x0000000086a00000| Untracked 
|  77|0x0000000086b00000, 0x0000000086b00000, 0x0000000086c00000|  0%| F|  |TAMS 0x0000000086b00000, 0x0000000086b00000| Untracked 
|  78|0x0000000086c00000, 0x0000000086c00000, 0x0000000086d00000|  0%| F|  |TAMS 0x0000000086c00000, 0x0000000086c00000| Untracked 
|  79|0x0000000086d00000, 0x0000000086d00000, 0x0000000086e00000|  0%| F|  |TAMS 0x0000000086d00000, 0x0000000086d00000| Untracked 
|  80|0x0000000086e00000, 0x0000000086e00000, 0x0000000086f00000|  0%| F|  |TAMS 0x0000000086e00000, 0x0000000086e00000| Untracked 
|  81|0x0000000086f00000, 0x0000000086f00000, 0x0000000087000000|  0%| F|  |TAMS 0x0000000086f00000, 0x0000000086f00000| Untracked 
|  82|0x0000000087000000, 0x0000000087000000, 0x0000000087100000|  0%| F|  |TAMS 0x0000000087000000, 0x0000000087000000| Untracked 
|  83|0x0000000087100000, 0x0000000087100000, 0x0000000087200000|  0%| F|  |TAMS 0x0000000087100000, 0x0000000087100000| Untracked 
|  84|0x0000000087200000, 0x0000000087200000, 0x0000000087300000|  0%| F|  |TAMS 0x0000000087200000, 0x0000000087200000| Untracked 
|  85|0x0000000087300000, 0x0000000087300000, 0x0000000087400000|  0%| F|  |TAMS 0x0000000087300000, 0x0000000087300000| Untracked 
|  86|0x0000000087400000, 0x0000000087400000, 0x0000000087500000|  0%| F|  |TAMS 0x0000000087400000, 0x0000000087400000| Untracked 
|  87|0x0000000087500000, 0x0000000087500000, 0x0000000087600000|  0%| F|  |TAMS 0x0000000087500000, 0x0000000087500000| Untracked 
|  88|0x0000000087600000, 0x0000000087600000, 0x0000000087700000|  0%| F|  |TAMS 0x0000000087600000, 0x0000000087600000| Untracked 
|  89|0x0000000087700000, 0x0000000087700000, 0x0000000087800000|  0%| F|  |TAMS 0x0000000087700000, 0x0000000087700000| Untracked 
|  90|0x0000000087800000, 0x0000000087800000, 0x0000000087900000|  0%| F|  |TAMS 0x0000000087800000, 0x0000000087800000| Untracked 
|  91|0x0000000087900000, 0x0000000087900000, 0x0000000087a00000|  0%| F|  |TAMS 0x0000000087900000, 0x0000000087900000| Untracked 
|  92|0x0000000087a00000, 0x0000000087a00000, 0x0000000087b00000|  0%| F|  |TAMS 0x0000000087a00000, 0x0000000087a00000| Untracked 
|  93|0x0000000087b00000, 0x0000000087b00000, 0x0000000087c00000|  0%| F|  |TAMS 0x0000000087b00000, 0x0000000087b00000| Untracked 
|  94|0x0000000087c00000, 0x0000000087c00000, 0x0000000087d00000|  0%| F|  |TAMS 0x0000000087c00000, 0x0000000087c00000| Untracked 
|  95|0x0000000087d00000, 0x0000000087d00000, 0x0000000087e00000|  0%| F|  |TAMS 0x0000000087d00000, 0x0000000087d00000| Untracked 
|  96|0x0000000087e00000, 0x0000000087e00000, 0x0000000087f00000|  0%| F|  |TAMS 0x0000000087e00000, 0x0000000087e00000| Untracked 
|  97|0x0000000087f00000, 0x0000000087f00000, 0x0000000088000000|  0%| F|  |TAMS 0x0000000087f00000, 0x0000000087f00000| Untracked 
|  98|0x0000000088000000, 0x0000000088000000, 0x0000000088100000|  0%| F|  |TAMS 0x0000000088000000, 0x0000000088000000| Untracked 
|  99|0x0000000088100000, 0x0000000088100000, 0x0000000088200000|  0%| F|  |TAMS 0x0000000088100000, 0x0000000088100000| Untracked 
| 100|0x0000000088200000, 0x0000000088200000, 0x0000000088300000|  0%| F|  |TAMS 0x0000000088200000, 0x0000000088200000| Untracked 
| 101|0x0000000088300000, 0x0000000088300000, 0x0000000088400000|  0%| F|  |TAMS 0x0000000088300000, 0x0000000088300000| Untracked 
| 102|0x0000000088400000, 0x0000000088400000, 0x0000000088500000|  0%| F|  |TAMS 0x0000000088400000, 0x0000000088400000| Untracked 
| 103|0x0000000088500000, 0x0000000088500000, 0x0000000088600000|  0%| F|  |TAMS 0x0000000088500000, 0x0000000088500000| Untracked 
| 104|0x0000000088600000, 0x0000000088600000, 0x0000000088700000|  0%| F|  |TAMS 0x0000000088600000, 0x0000000088600000| Untracked 
| 105|0x0000000088700000, 0x0000000088700000, 0x0000000088800000|  0%| F|  |TAMS 0x0000000088700000, 0x0000000088700000| Untracked 
| 106|0x0000000088800000, 0x0000000088800000, 0x0000000088900000|  0%| F|  |TAMS 0x0000000088800000, 0x0000000088800000| Untracked 
| 107|0x0000000088900000, 0x00000000889ec0b8, 0x0000000088a00000| 92%| E|  |TAMS 0x0000000088900000, 0x0000000088900000| Complete 
| 108|0x0000000088a00000, 0x0000000088b00000, 0x0000000088b00000|100%| E|CS|TAMS 0x0000000088a00000, 0x0000000088a00000| Complete 
| 109|0x0000000088b00000, 0x0000000088c00000, 0x0000000088c00000|100%| E|CS|TAMS 0x0000000088b00000, 0x0000000088b00000| Complete 
| 110|0x0000000088c00000, 0x0000000088d00000, 0x0000000088d00000|100%| E|CS|TAMS 0x0000000088c00000, 0x0000000088c00000| Complete 
| 111|0x0000000088d00000, 0x0000000088e00000, 0x0000000088e00000|100%| E|CS|TAMS 0x0000000088d00000, 0x0000000088d00000| Complete 
| 112|0x0000000088e00000, 0x0000000088f00000, 0x0000000088f00000|100%| E|CS|TAMS 0x0000000088e00000, 0x0000000088e00000| Complete 
| 113|0x0000000088f00000, 0x0000000089000000, 0x0000000089000000|100%| E|CS|TAMS 0x0000000088f00000, 0x0000000088f00000| Complete 
| 114|0x0000000089000000, 0x0000000089100000, 0x0000000089100000|100%| E|CS|TAMS 0x0000000089000000, 0x0000000089000000| Complete 
| 115|0x0000000089100000, 0x0000000089200000, 0x0000000089200000|100%| E|CS|TAMS 0x0000000089100000, 0x0000000089100000| Complete 
| 116|0x0000000089200000, 0x0000000089300000, 0x0000000089300000|100%| E|CS|TAMS 0x0000000089200000, 0x0000000089200000| Complete 
| 117|0x0000000089300000, 0x0000000089400000, 0x0000000089400000|100%| E|CS|TAMS 0x0000000089300000, 0x0000000089300000| Complete 
| 118|0x0000000089400000, 0x0000000089500000, 0x0000000089500000|100%| E|CS|TAMS 0x0000000089400000, 0x0000000089400000| Complete 
| 119|0x0000000089500000, 0x0000000089600000, 0x0000000089600000|100%| E|CS|TAMS 0x0000000089500000, 0x0000000089500000| Complete 
| 120|0x0000000089600000, 0x0000000089700000, 0x0000000089700000|100%| E|CS|TAMS 0x0000000089600000, 0x0000000089600000| Complete 
| 121|0x0000000089700000, 0x0000000089800000, 0x0000000089800000|100%| E|CS|TAMS 0x0000000089700000, 0x0000000089700000| Complete 
| 122|0x0000000089800000, 0x0000000089900000, 0x0000000089900000|100%| E|CS|TAMS 0x0000000089800000, 0x0000000089800000| Complete 
| 123|0x0000000089900000, 0x0000000089a00000, 0x0000000089a00000|100%| E|CS|TAMS 0x0000000089900000, 0x0000000089900000| Complete 
| 124|0x0000000089a00000, 0x0000000089b00000, 0x0000000089b00000|100%| E|CS|TAMS 0x0000000089a00000, 0x0000000089a00000| Complete 
| 125|0x0000000089b00000, 0x0000000089c00000, 0x0000000089c00000|100%| E|CS|TAMS 0x0000000089b00000, 0x0000000089b00000| Complete 
| 126|0x0000000089c00000, 0x0000000089d00000, 0x0000000089d00000|100%| E|CS|TAMS 0x0000000089c00000, 0x0000000089c00000| Complete 
| 127|0x0000000089d00000, 0x0000000089e00000, 0x0000000089e00000|100%| E|CS|TAMS 0x0000000089d00000, 0x0000000089d00000| Complete 

Card table byte_map: [0x0000012ec7730000,0x0000012ec7b30000] _byte_map_base: 0x0000012ec7321000

Marking Bits (Prev, Next): (CMBitMap*) 0x0000012eb08bce70, (CMBitMap*) 0x0000012eb08bceb0
 Prev Bits: [0x0000012ec7f30000, 0x0000012ec9eb8000)
 Next Bits: [0x0000012ec9ec0000, 0x0000012ecbe48000)

Polling page: 0x0000012eb0060000

Metaspace:

Usage:
  Non-class:      9.72 MB used.
      Class:      1.26 MB used.
       Both:     10.98 MB used.

Virtual space:
  Non-class space:       16.00 MB reserved,       9.81 MB ( 61%) committed,  2 nodes.
      Class space:        1.00 GB reserved,       1.38 MB ( <1%) committed,  1 nodes.
              Both:        1.02 GB reserved,      11.19 MB (  1%) committed. 

Chunk freelists:
   Non-Class:  2.21 MB
       Class:  2.59 MB
        Both:  4.80 MB

MaxMetaspaceSize: 17179869184.00 GB
CompressedClassSpaceSize: 1.00 GB
 - commit_granule_bytes: 65536.
 - commit_granule_words: 8192.
 - virtual_space_node_default_size: 1048576.
 - enlarge_chunks_in_place: 1.
 - new_chunks_are_fully_committed: 0.
 - uncommit_free_chunks: 1.
 - use_allocation_guard: 0.
 - handle_deallocations: 1.


Internal statistics:

num_allocs_failed_limit: 0.
num_arena_births: 136.
num_arena_deaths: 0.
num_vsnodes_births: 3.
num_vsnodes_deaths: 0.
num_space_committed: 179.
num_space_uncommitted: 0.
num_chunks_returned_to_freelist: 0.
num_chunks_taken_from_freelist: 182.
num_chunk_merges: 0.
num_chunk_splits: 112.
num_chunks_enlarged: 62.
num_purges: 0.

CodeHeap 'non-profiled nmethods': size=120000Kb used=621Kb max_used=621Kb free=119378Kb
 bounds [0x0000012ebfad0000, 0x0000012ebfd40000, 0x0000012ec7000000]
CodeHeap 'profiled nmethods': size=120000Kb used=3592Kb max_used=3592Kb free=116408Kb
 bounds [0x0000012eb85a0000, 0x0000012eb8930000, 0x0000012ebfad0000]
CodeHeap 'non-nmethods': size=5760Kb used=1333Kb max_used=1371Kb free=4426Kb
 bounds [0x0000012eb8000000, 0x0000012eb8270000, 0x0000012eb85a0000]
 total_blobs=2609 nmethods=1944 adapters=577
 compilation: enabled
              stopped_count=0, restarted_count=0
 full_count=0

Compilation events (20 events):
Event: 14.018 Thread 0x0000012ece844b80 nmethod 1932 0x0000012eb8918890 code [0x0000012eb8918dc0, 0x0000012eb891c1d8]
Event: 14.068 Thread 0x0000012ece844b80 1933       3       sun.awt.windows.WComponentPeer::handleJavaMouseEvent (75 bytes)
Event: 14.070 Thread 0x0000012ece844b80 nmethod 1933 0x0000012eb891d110 code [0x0000012eb891d3c0, 0x0000012eb891e338]
Event: 10230.367 Thread 0x0000012ece844b80 1936       3       java.lang.ref.ReferenceQueue::reallyPoll (65 bytes)
Event: 10230.387 Thread 0x0000012ece844b80 nmethod 1936 0x0000012eb891e810 code [0x0000012eb891e9e0, 0x0000012eb891ef18]
Event: 19489.341 Thread 0x0000012ece844b80 1937   !   3       java.lang.ref.ReferenceQueue::remove (125 bytes)
Event: 19489.368 Thread 0x0000012ece844b80 nmethod 1937 0x0000012eb891f010 code [0x0000012eb891f240, 0x0000012eb891f9d8]
Event: 19609.351 Thread 0x0000012ece844b80 1938   !   3       jdk.internal.ref.PhantomCleanable::isListEmpty (34 bytes)
Event: 19609.354 Thread 0x0000012ece844b80 nmethod 1938 0x0000012eb891fd10 code [0x0000012eb891fec0, 0x0000012eb8920118]
Event: 19609.355 Thread 0x0000012ece844b80 1939       3       jdk.internal.misc.InnocuousThread::eraseThreadLocals (23 bytes)
Event: 19609.359 Thread 0x0000012ece844b80 nmethod 1939 0x0000012eb8920210 code [0x0000012eb89203c0, 0x0000012eb89205b8]
Event: 27074.853 Thread 0x0000012ece843390 1941       4       sun.util.logging.PlatformLogger::isLoggable (23 bytes)
Event: 27074.936 Thread 0x0000012ece843390 nmethod 1941 0x0000012ebfb69990 code [0x0000012ebfb69b60, 0x0000012ebfb6a510]
Event: 27074.936 Thread 0x0000012ece843390 1942       4       jdk.internal.logger.AbstractLoggerWrapper::isLoggable (26 bytes)
Event: 27074.965 Thread 0x0000012ece843390 nmethod 1942 0x0000012ebfb6a910 code [0x0000012ebfb6aae0, 0x0000012ebfb6b3f0]
Event: 27096.602 Thread 0x0000012ece844b80 1943   !   3       java.awt.Toolkit::setDesktopProperty (81 bytes)
Event: 27096.605 Thread 0x0000012ece844b80 nmethod 1943 0x0000012eb8920690 code [0x0000012eb89208a0, 0x0000012eb8921108]
Event: 28569.832 Thread 0x0000012ece844b80 1944       3       sun.swing.SwingUtilities2::isScaleChanged (74 bytes)
Event: 28569.839 Thread 0x0000012ece844b80 nmethod 1944 0x0000012eb8921390 code [0x0000012eb89215a0, 0x0000012eb8921e38]
Event: 28569.839 Thread 0x0000012ece844b80 1945       3       javax.swing.text.DefaultCaret$Handler::propertyChange (273 bytes)

GC Heap History (0 events):
No events

Deoptimization events (20 events):
Event: 0.666 Thread 0x0000012ecf5df8b0 Uncommon trap: trap_request=0xffffff45 fr.pc=0x0000012ebfadb4dc relative=0x000000000000023c
Event: 0.666 Thread 0x0000012ecf5df8b0 Uncommon trap: reason=unstable_if action=reinterpret pc=0x0000012ebfadb4dc method=java.lang.String.hashCode()I @ 20 c2
Event: 0.666 Thread 0x0000012ecf5df8b0 DEOPT PACKING pc=0x0000012ebfadb4dc sp=0x0000000101dfd100
Event: 0.666 Thread 0x0000012ecf5df8b0 DEOPT UNPACKING pc=0x0000012eb804d72e sp=0x0000000101dfd090 mode 2
Event: 0.685 Thread 0x0000012ecf5df8b0 Uncommon trap: trap_request=0xffffff45 fr.pc=0x0000012ebfb33f6c relative=0x000000000000042c
Event: 0.685 Thread 0x0000012ecf5df8b0 Uncommon trap: reason=unstable_if action=reinterpret pc=0x0000012ebfb33f6c method=java.lang.Character.isSurrogate(C)Z @ 3 c2
Event: 0.685 Thread 0x0000012ecf5df8b0 DEOPT PACKING pc=0x0000012ebfb33f6c sp=0x0000000101dfcdd0
Event: 0.685 Thread 0x0000012ecf5df8b0 DEOPT UNPACKING pc=0x0000012eb804d72e sp=0x0000000101dfccf8 mode 2
Event: 0.720 Thread 0x0000012ecf5df8b0 Uncommon trap: trap_request=0xffffff45 fr.pc=0x0000012ebfb2874c relative=0x000000000000050c
Event: 0.720 Thread 0x0000012ecf5df8b0 Uncommon trap: reason=unstable_if action=reinterpret pc=0x0000012ebfb2874c method=java.lang.StringLatin1.toLowerCase(Ljava/lang/String;[BLjava/util/Locale;)Ljava/lang/String; @ 43 c2
Event: 0.720 Thread 0x0000012ecf5df8b0 DEOPT PACKING pc=0x0000012ebfb2874c sp=0x0000000101dfd2a0
Event: 0.720 Thread 0x0000012ecf5df8b0 DEOPT UNPACKING pc=0x0000012eb804d72e sp=0x0000000101dfd210 mode 2
Event: 0.736 Thread 0x0000012ecf5df8b0 Uncommon trap: trap_request=0xffffff45 fr.pc=0x0000012ebfb3088c relative=0x00000000000000ec
Event: 0.736 Thread 0x0000012ecf5df8b0 Uncommon trap: reason=unstable_if action=reinterpret pc=0x0000012ebfb3088c method=java.lang.ThreadLocal$ThreadLocalMap.getEntry(Ljava/lang/ThreadLocal;)Ljava/lang/ThreadLocal$ThreadLocalMap$Entry; @ 21 c2
Event: 0.736 Thread 0x0000012ecf5df8b0 DEOPT PACKING pc=0x0000012ebfb3088c sp=0x0000000101dfd810
Event: 0.736 Thread 0x0000012ecf5df8b0 DEOPT UNPACKING pc=0x0000012eb804d72e sp=0x0000000101dfd728 mode 2
Event: 3.090 Thread 0x0000012ecf5df8b0 Uncommon trap: trap_request=0xffffffde fr.pc=0x0000012ebfae1ac4 relative=0x00000000000001a4
Event: 3.090 Thread 0x0000012ecf5df8b0 Uncommon trap: reason=class_check action=maybe_recompile pc=0x0000012ebfae1ac4 method=java.lang.String.equals(Ljava/lang/Object;)Z @ 8 c2
Event: 3.090 Thread 0x0000012ecf5df8b0 DEOPT PACKING pc=0x0000012ebfae1ac4 sp=0x0000000101dfe170
Event: 3.090 Thread 0x0000012ecf5df8b0 DEOPT UNPACKING pc=0x0000012eb804d72e sp=0x0000000101dfe108 mode 2

Classes unloaded (0 events):
No events

Classes redefined (0 events):
No events

Internal exceptions (19 events):
Event: 0.067 Thread 0x0000012eb087bb50 Exception <a 'sun/nio/fs/WindowsException'{0x0000000089c40378}> (0x0000000089c40378) 
thrown [t:\workspace\open\src\hotspot\share\prims\jni.cpp, line 579]
Event: 0.067 Thread 0x0000012eb087bb50 Exception <a 'sun/nio/fs/WindowsException'{0x0000000089c408f0}> (0x0000000089c408f0) 
thrown [t:\workspace\open\src\hotspot\share\prims\jni.cpp, line 579]
Event: 0.068 Thread 0x0000012eb087bb50 Exception <a 'sun/nio/fs/WindowsException'{0x0000000089c42d00}> (0x0000000089c42d00) 
thrown [t:\workspace\open\src\hotspot\share\prims\jni.cpp, line 579]
Event: 0.068 Thread 0x0000012eb087bb50 Exception <a 'sun/nio/fs/WindowsException'{0x0000000089c43800}> (0x0000000089c43800) 
thrown [t:\workspace\open\src\hotspot\share\prims\jni.cpp, line 579]
Event: 0.093 Thread 0x0000012eb087bb50 Exception <a 'java/lang/NoSuchMethodError'{0x0000000089ce84a8}: 'void java.lang.invoke.DirectMethodHandle$Holder.invokeSpecial(java.lang.Object, java.lang.Object, java.lang.Object)'> (0x0000000089ce84a8) 
thrown [t:\workspace\open\src\hotspot\share\interpreter\linkResolver.cpp, line 790]
Event: 0.101 Thread 0x0000012eb087bb50 Exception <a 'java/lang/ClassNotFoundException'{0x0000000089cff710}: sun/awt/resources/spi/awtProvider> (0x0000000089cff710) 
thrown [t:\workspace\open\src\hotspot\share\classfile\systemDictionary.cpp, line 256]
Event: 0.118 Thread 0x0000012eb087bb50 Exception <a 'java/io/FileNotFoundException'{0x0000000089b541f8}> (0x0000000089b541f8) 
thrown [t:\workspace\open\src\hotspot\share\prims\jni.cpp, line 579]
Event: 0.124 Thread 0x0000012eb087bb50 Exception <a 'java/io/FileNotFoundException'{0x0000000089b82ce0}> (0x0000000089b82ce0) 
thrown [t:\workspace\open\src\hotspot\share\prims\jni.cpp, line 579]
Event: 0.124 Thread 0x0000012eb087bb50 Exception <a 'java/lang/NoSuchMethodError'{0x0000000089b83dd8}: 'java.lang.Object java.lang.invoke.DirectMethodHandle$Holder.invokeStatic(java.lang.Object)'> (0x0000000089b83dd8) 
thrown [t:\workspace\open\src\hotspot\share\interpreter\linkResolver.cpp, line 790]
Event: 0.153 Thread 0x0000012eb087bb50 Exception <a 'java/lang/NoSuchMethodError'{0x0000000089bd3510}: 'java.lang.Object java.lang.invoke.DirectMethodHandle$Holder.invokeStaticInit(java.lang.Object)'> (0x0000000089bd3510) 
thrown [t:\workspace\open\src\hotspot\share\interpreter\linkResolver.cpp, line 790]
Event: 0.181 Thread 0x0000012eb087bb50 Exception <a 'java/lang/NoSuchMethodError'{0x0000000089a58738}: 'java.lang.Object java.lang.invoke.DirectMethodHandle$Holder.newInvokeSpecial(java.lang.Object, java.lang.Object, java.lang.Object, java.lang.Object, java.lang.Object)'> (0x0000000089a58738) 
thrown [t:\workspace\open\src\hotspot\share\interpreter\linkResolver.cpp, line 790]
Event: 0.183 Thread 0x0000012eb087bb50 Exception <a 'java/lang/NoSuchMethodError'{0x0000000089a64220}: 'java.lang.Object java.lang.invoke.DirectMethodHandle$Holder.invokeStatic(java.lang.Object, int, java.lang.Object, java.lang.Object, java.lang.Object, java.lang.Object)'> (0x0000000089a64220) 
thrown [t:\workspace\open\src\hotspot\share\interpreter\linkResolver.cpp, line 790]
Event: 0.186 Thread 0x0000012eb087bb50 Exception <a 'java/lang/NoSuchMethodError'{0x0000000089a8a528}: 'java.lang.Object java.lang.invoke.DirectMethodHandle$Holder.invokeStatic(java.lang.Object, int, java.lang.Object)'> (0x0000000089a8a528) 
thrown [t:\workspace\open\src\hotspot\share\interpreter\linkResolver.cpp, line 790]
Event: 0.206 Thread 0x0000012eb087bb50 Exception <a 'java/lang/ClassNotFoundException'{0x0000000089943058}: com/sun/swing/internal/plaf/metal/resources/spi/metalProvider> (0x0000000089943058) 
thrown [t:\workspace\open\src\hotspot\share\classfile\systemDictionary.cpp, line 256]
Event: 0.207 Thread 0x0000012eb087bb50 Exception <a 'java/lang/ClassNotFoundException'{0x0000000089947300}: com/sun/swing/internal/plaf/basic/resources/spi/basicProvider> (0x0000000089947300) 
thrown [t:\workspace\open\src\hotspot\share\classfile\systemDictionary.cpp, line 256]
Event: 0.416 Thread 0x0000012ecf5de8c0 Exception <a 'java/lang/NoSuchMethodError'{0x000000008958bc50}: 'java.lang.Object java.lang.invoke.DirectMethodHandle$Holder.newInvokeSpecial(java.lang.Object, java.lang.Object, java.lang.Object, int, int, int, int, int)'> (0x000000008958bc50) 
thrown [t:\workspace\open\src\hotspot\share\interpreter\linkResolver.cpp, line 790]
Event: 0.431 Thread 0x0000012ecf5e1340 Exception <a 'java/lang/NoSuchMethodError'{0x0000000089bfb8b8}: 'void java.lang.invoke.DirectMethodHandle$Holder.invokeVirtual(java.lang.Object, java.lang.Object)'> (0x0000000089bfb8b8) 
thrown [t:\workspace\open\src\hotspot\share\interpreter\linkResolver.cpp, line 790]
Event: 0.441 Thread 0x0000012eb087bb50 Exception <a 'java/lang/NoSuchMethodError'{0x0000000089493de8}: 'void java.lang.invoke.DirectMethodHandle$Holder.invokeStaticInit(java.lang.Object)'> (0x0000000089493de8) 
thrown [t:\workspace\open\src\hotspot\share\interpreter\linkResolver.cpp, line 790]
Event: 0.736 Thread 0x0000012ecf5df8b0 Implicit null exception at 0x0000012ebfb30803 to 0x0000012ebfb30874

Events (20 events):
Event: 14.617 loading class sun/awt/SunToolkit$1
Event: 14.618 loading class sun/awt/SunToolkit$1 done
Event: 15.582 Executing  VM operation: Cleanup
Event: 15.582 Executing  VM operation: Cleanup done
Event: 2121.323 loading class java/awt/desktop/SystemSleepListener
Event: 2121.330 loading class java/awt/desktop/SystemEventListener
Event: 2121.334 loading class java/awt/desktop/SystemEventListener done
Event: 2121.335 loading class java/awt/desktop/SystemSleepListener done
Event: 27074.963 Executing  VM operation: Cleanup
Event: 27074.982 Executing  VM operation: Cleanup done
Event: 27097.170 Executing  VM operation: Cleanup
Event: 27097.170 Executing  VM operation: Cleanup done
Event: 28560.624 loading class java/util/WeakHashMap$KeyIterator
Event: 28560.630 loading class java/util/WeakHashMap$HashIterator
Event: 28560.633 loading class java/util/WeakHashMap$HashIterator done
Event: 28560.633 loading class java/util/WeakHashMap$KeyIterator done
Event: 28560.679 loading class javax/swing/RepaintManager$DisplayChangedRunnable
Event: 28560.682 loading class javax/swing/RepaintManager$DisplayChangedRunnable done
Event: 28561.558 Executing  VM operation: Cleanup
Event: 28561.558 Executing  VM operation: Cleanup done


Dynamic libraries:
0x00007ff707040000 - 0x00007ff707050000 	C:\Program Files\Java\jdk-16.0.2\bin\java.exe
0x00007fff62ff0000 - 0x00007fff631e7000 	C:\Windows\SYSTEM32\ntdll.dll
0x00007fff629c0000 - 0x00007fff62a7d000 	C:\Windows\System32\KERNEL32.DLL
0x00007fff60850000 - 0x00007fff60b1d000 	C:\Windows\System32\KERNELBASE.dll
0x00007fff60b20000 - 0x00007fff60c20000 	C:\Windows\System32\ucrtbase.dll
0x00007fff58dc0000 - 0x00007fff58dd9000 	C:\Program Files\Java\jdk-16.0.2\bin\VCRUNTIME140.dll
0x00007fff590d0000 - 0x00007fff590e8000 	C:\Program Files\Java\jdk-16.0.2\bin\jli.dll
0x00007fff61cc0000 - 0x00007fff61d6e000 	C:\Windows\System32\ADVAPI32.dll
0x00007fff61a60000 - 0x00007fff61afe000 	C:\Windows\System32\msvcrt.dll
0x00007fff61bb0000 - 0x00007fff61c4c000 	C:\Windows\System32\sechost.dll
0x00007fff61930000 - 0x00007fff61a55000 	C:\Windows\System32\RPCRT4.dll
0x00007fff612d0000 - 0x00007fff61470000 	C:\Windows\System32\USER32.dll
0x00007fff60820000 - 0x00007fff60842000 	C:\Windows\System32\win32u.dll
0x00007fff62980000 - 0x00007fff629aa000 	C:\Windows\System32\GDI32.dll
0x00007fff60f10000 - 0x00007fff6101b000 	C:\Windows\System32\gdi32full.dll
0x00007fff3ffc0000 - 0x00007fff4025a000 	C:\Windows\WinSxS\amd64_microsoft.windows.common-controls_6595b64144ccf1df_6.0.19041.1110_none_60b5254171f9507e\COMCTL32.dll
0x00007fff60710000 - 0x00007fff607ad000 	C:\Windows\System32\msvcp_win.dll
0x00007fff593d0000 - 0x00007fff593da000 	C:\Windows\SYSTEM32\VERSION.dll
0x00007fff61d70000 - 0x00007fff61da0000 	C:\Windows\System32\IMM32.DLL
0x00007fff5c150000 - 0x00007fff5c15c000 	C:\Program Files\Java\jdk-16.0.2\bin\vcruntime140_1.dll
0x00007fff33830000 - 0x00007fff338c1000 	C:\Program Files\Java\jdk-16.0.2\bin\msvcp140.dll
0x00007ffeef900000 - 0x00007ffef04ab000 	C:\Program Files\Java\jdk-16.0.2\bin\server\jvm.dll
0x00007fff621c0000 - 0x00007fff621c8000 	C:\Windows\System32\PSAPI.DLL
0x00007fff42050000 - 0x00007fff42059000 	C:\Windows\SYSTEM32\WSOCK32.dll
0x00007fff4adb0000 - 0x00007fff4add7000 	C:\Windows\SYSTEM32\WINMM.dll
0x00007fff61c50000 - 0x00007fff61cbb000 	C:\Windows\System32\WS2_32.dll
0x00007fff5efa0000 - 0x00007fff5efb2000 	C:\Windows\SYSTEM32\kernel.appcore.dll
0x00007fff58ac0000 - 0x00007fff58aca000 	C:\Program Files\Java\jdk-16.0.2\bin\jimage.dll
0x00007fff5e510000 - 0x00007fff5e6f4000 	C:\Windows\SYSTEM32\DBGHELP.DLL
0x00007fff4b2f0000 - 0x00007fff4b31c000 	C:\Windows\SYSTEM32\dbgcore.DLL
0x00007fff60c20000 - 0x00007fff60ca2000 	C:\Windows\System32\bcryptPrimitives.dll
0x00007fff343e0000 - 0x00007fff34405000 	C:\Program Files\Java\jdk-16.0.2\bin\java.dll
0x00007fff62230000 - 0x00007fff62974000 	C:\Windows\System32\SHELL32.dll
0x00007fff5e7f0000 - 0x00007fff5ef84000 	C:\Windows\SYSTEM32\windows.storage.dll
0x00007fff61500000 - 0x00007fff61854000 	C:\Windows\System32\combase.dll
0x00007fff600a0000 - 0x00007fff600cc000 	C:\Windows\SYSTEM32\Wldp.dll
0x00007fff61b00000 - 0x00007fff61bad000 	C:\Windows\System32\SHCORE.dll
0x00007fff62a80000 - 0x00007fff62ad5000 	C:\Windows\System32\shlwapi.dll
0x00007fff60650000 - 0x00007fff6066f000 	C:\Windows\SYSTEM32\profapi.dll
0x00007fff4ce40000 - 0x00007fff4ce59000 	C:\Program Files\Java\jdk-16.0.2\bin\net.dll
0x00007fff563c0000 - 0x00007fff564ca000 	C:\Windows\SYSTEM32\WINHTTP.dll
0x00007fff5fe00000 - 0x00007fff5fe6a000 	C:\Windows\system32\mswsock.dll
0x00007fff392c0000 - 0x00007fff392d3000 	C:\Program Files\Java\jdk-16.0.2\bin\nio.dll
0x00007fff37310000 - 0x00007fff37328000 	C:\Program Files\Java\jdk-16.0.2\bin\zip.dll
0x00007fff16e20000 - 0x00007fff16fa0000 	C:\Program Files\Java\jdk-16.0.2\bin\awt.dll
0x00007fff61050000 - 0x00007fff6111d000 	C:\Windows\System32\OLEAUT32.dll
0x00007fff5dce0000 - 0x00007fff5dd70000 	C:\Windows\SYSTEM32\apphelp.dll
0x00007fff5df80000 - 0x00007fff5dfaf000 	C:\Windows\system32\DWMAPI.DLL
0x00007fff5dd90000 - 0x00007fff5de2e000 	C:\Windows\system32\uxtheme.dll
0x00007fff394a0000 - 0x00007fff395c6000 	C:\Windows\system32\opengl32.dll
0x00007fff4cc50000 - 0x00007fff4cc7c000 	C:\Windows\SYSTEM32\GLU32.dll
0x00007fff61da0000 - 0x00007fff61eb5000 	C:\Windows\System32\MSCTF.dll
0x00007fff62090000 - 0x00007fff621ba000 	C:\Windows\System32\ole32.dll
0x00007fff4cc10000 - 0x00007fff4cc20000 	C:\Program Files\Java\jdk-16.0.2\bin\verify.dll
0x00007fff337a0000 - 0x00007fff33829000 	C:\Program Files\Java\jdk-16.0.2\bin\freetype.dll
0x00007fff16d20000 - 0x00007fff16e16000 	C:\Program Files\Java\jdk-16.0.2\bin\harfbuzz.dll
0x00007fff33780000 - 0x00007fff33792000 	C:\Program Files\Java\jdk-16.0.2\bin\fontmanager.dll
0x00007fff61880000 - 0x00007fff61929000 	C:\Windows\System32\clbcatq.dll
0x00007fff564f0000 - 0x00007fff566a4000 	C:\Windows\SYSTEM32\WindowsCodecs.dll
0x00007fff61020000 - 0x00007fff61047000 	C:\Windows\System32\bcrypt.dll
0x00007fff38460000 - 0x00007fff3849e000 	C:\Windows\system32\dataexchange.dll
0x00007fff5cd10000 - 0x00007fff5cf73000 	C:\Windows\system32\d3d11.dll
0x00007fff5cf80000 - 0x00007fff5d164000 	C:\Windows\system32\dcomp.dll
0x00007fff5f010000 - 0x00007fff5f103000 	C:\Windows\system32\dxgi.dll
0x00007fff58740000 - 0x00007fff58940000 	C:\Windows\system32\twinapi.appcore.dll
0x00007fff59460000 - 0x00007fff59559000 	C:\Windows\SYSTEM32\textinputframework.dll
0x00007fff5db90000 - 0x00007fff5dc82000 	C:\Windows\System32\CoreMessaging.dll
0x00007fff5d730000 - 0x00007fff5da8e000 	C:\Windows\System32\CoreUIComponents.dll
0x00007fff5f410000 - 0x00007fff5f443000 	C:\Windows\SYSTEM32\ntmarta.dll
0x00007fff5d5d0000 - 0x00007fff5d724000 	C:\Windows\SYSTEM32\wintypes.dll

dbghelp: loaded successfully - version: 4.0.5 - missing functions: none
symbol engine: initialized successfully - sym options: 0x614 - pdb path: .;C:\Program Files\Java\jdk-16.0.2\bin;C:\Windows\SYSTEM32;C:\Windows\WinSxS\amd64_microsoft.windows.common-controls_6595b64144ccf1df_6.0.19041.1110_none_60b5254171f9507e;C:\Program Files\Java\jdk-16.0.2\bin\server

VM Arguments:
jvm_args: -Dfile.encoding=UTF-8 --module-path=C:\Users\admin\Documents\NetBeansProjects\bank management system\build\classes 
java_command: bank.management.system.Signup1
java_class_path (initial): C:\Users\admin\Downloads\jcalendar-1.1.4.jar;C:\Users\admin\Downloads\jcalendar-tz-1.3.3-4.jar\jcalendar-tz-1.3.3-4.jar;C:\Users\admin\Documents\NetBeansProjects\bank management system\build\classes
Launcher Type: SUN_STANDARD

[Global flags]
     intx CICompilerCount                          = 4                                         {product} {ergonomic}
     uint ConcGCThreads                            = 2                                         {product} {ergonomic}
     uint G1ConcRefinementThreads                  = 8                                         {product} {ergonomic}
   size_t G1HeapRegionSize                         = 1048576                                   {product} {ergonomic}
    uintx GCDrainStackTargetSize                   = 64                                        {product} {ergonomic}
   size_t InitialHeapSize                          = 134217728                                 {product} {ergonomic}
   size_t MarkStackSize                            = 4194304                                   {product} {ergonomic}
   size_t MaxHeapSize                              = 2116026368                                {product} {ergonomic}
   size_t MaxNewSize                               = 1268776960                                {product} {ergonomic}
   size_t MinHeapDeltaBytes                        = 1048576                                   {product} {ergonomic}
   size_t MinHeapSize                              = 8388608                                   {product} {ergonomic}
    uintx NonNMethodCodeHeapSize                   = 5839372                                {pd product} {ergonomic}
    uintx NonProfiledCodeHeapSize                  = 122909434                              {pd product} {ergonomic}
    uintx ProfiledCodeHeapSize                     = 122909434                              {pd product} {ergonomic}
    uintx ReservedCodeCacheSize                    = 251658240                              {pd product} {ergonomic}
     bool SegmentedCodeCache                       = true                                      {product} {ergonomic}
   size_t SoftMaxHeapSize                          = 2116026368                             {manageable} {ergonomic}
     bool UseCompressedClassPointers               = true                           {product lp64_product} {ergonomic}
     bool UseCompressedOops                        = true                           {product lp64_product} {ergonomic}
     bool UseG1GC                                  = true                                      {product} {ergonomic}
     bool UseLargePagesIndividualAllocation        = false                                  {pd product} {ergonomic}

Logging:
Log output configuration:
 #0: stdout all=warning uptime,level,tags
 #1: stderr all=off uptime,level,tags

Environment Variables:
PATH=C:\Program Files\Common Files\Oracle\Java\javapath;C:\Users\admin\Downloads\WINDOWS.X64_193000_db_home\bin;C:\Program Files (x86)\Microchip\mplabc18\v3.45\mpasm;C:\Program Files (x86)\Microchip\mplabc18\v3.45\bin;C:\Program Files\Java\jdk-16.0.2\bin;C:\Program Files\Java\jdk-16.0.2;C:\Windows\system32;C:\Windows;C:\Windows\System32\Wbem;C:\Windows\System32\WindowsPowerShell\v1.0\;C:\Windows\System32\OpenSSH\;C:\Program Files (x86)\Microchip\MPLAB C32 Suite\bin;C:\Program Files\Pragma\Clients;C:\Program Files\Git\cmd;C:\Program Files (x86)\Microsoft SQL Server\100\Tools\Binn\;C:\Program Files\Microsoft SQL Server\100\Tools\Binn\;C:\Program Files\Microsoft SQL Server\100\DTS\Binn\;"C:\Windows\system32;C:\Windows;C:\Windows\System32\Wbem";C:\Users\admin\AppData\Local\Programs\Python\Python310\Scripts\;C:\Users\admin\AppData\Local\Programs\Python\Python310\;C:\Program Files (x86)\Microchip\mplabc18\v3.45\mpasm;C:\Program Files (x86)\Microchip\mplabc18\v3.45\bin;C:\Program Files\MySQL\MySQL Shell 8.0\bin\;C:\Users\admin\AppData\Local\Microsoft\WindowsApps;C:\Users\admin\AppData\Local\atom\bin;C:\Program Files\heroku\bin;C:\Users\admin\AppData\Local\Programs\Microsoft VS Code\bin;C:\Program Files\Git\bin;;C:\Program Files\JetBrains\PyCharm Community Edition 2021.3.1\bin;
USERNAME=admin
OS=Windows_NT
PROCESSOR_IDENTIFIER=Intel64 Family 6 Model 142 Stepping 12, GenuineIntel



---------------  S Y S T E M  ---------------

OS:
 Windows 10 , 64 bit Build 19041 (10.0.19041.1741)
OS uptime: 2 days 8:22 hours

CPU: total 8 (initial active 8) (4 cores per cpu, 2 threads per core) family 6 model 142 stepping 12 microcode 0xb8, cx8, cmov, fxsr, ht, mmx, 3dnowpref, sse, sse2, sse3, ssse3, sse4.1, sse4.2, popcnt, lzcnt, tsc, tscinvbit, avx, avx2, aes, erms, clmul, bmi1, bmi2, adx, fma, vzeroupper, clflush, clflushopt

Memory: 4k page, system-wide physical 8071M (566M free)
TotalPageFile size 32647M (AvailPageFile size 0M)
current process WorkingSet (physical memory assigned to process): 20M, peak: 95M
current process commit charge ("private bytes"): 233M, peak: 241M

vm_info: Java HotSpot(TM) 64-Bit Server VM (16.0.2+7-67) for windows-amd64 JRE (16.0.2+7-67), built on Jun  8 2021 23:24:19 by "mach5one" with MS VC++ 16.7 (VS2019)

END.
