#
# There is insufficient memory for the Java Runtime Environment to continue.
# Native memory allocation (malloc) failed to allocate 32744 bytes for ChunkPool::allocate
# Possible reasons:
#   The system is out of physical RAM or swap space
#   The process is running with CompressedOops enabled, and the Java Heap may be blocking the growth of the native heap
# Possible solutions:
#   Reduce memory load on the system
#   Increase physical memory or swap space
#   Check if swap backing store is full
#   Decrease Java heap size (-Xmx/-Xms)
#   Decrease number of Java threads
#   Decrease Java thread stack sizes (-Xss)
#   Set larger code cache with -XX:ReservedCodeCacheSize=
#   JVM is running with Unscaled Compressed Oops mode in which the Java heap is
#     placed in the first 4GB address space. The Java Heap base address is the
#     maximum limit for the native heap growth. Please use -XX:HeapBaseMinAddress
#     to set the Java Heap base and to place the Java Heap above 4GB virtual address.
# This output file may be truncated or incomplete.
#
#  Out of Memory Error (arena.cpp:79), pid=66832, tid=66392
#
# JRE version: Java(TM) SE Runtime Environment (16.0.2+7) (build 16.0.2+7-67)
# Java VM: Java HotSpot(TM) 64-Bit Server VM (16.0.2+7-67, mixed mode, sharing, tiered, compressed oops, compressed class ptrs, g1 gc, windows-amd64)
# No core dump will be written. Minidumps are not enabled by default on client versions of Windows
#

---------------  S U M M A R Y ------------

Command Line: -Dfile.encoding=UTF-8 --module-path=C:\Users\admin\Documents\NetBeansProjects\bank management system\build\classes bank.management.system.Signup3

Host: Intel(R) Core(TM) i5-8265U CPU @ 1.60GHz, 8 cores, 7G,  Windows 10 , 64 bit Build 19041 (10.0.19041.1741)
Time: Sat Jul 16 20:19:54 2022 India Standard Time elapsed time: 4577.607618 seconds (0d 1h 16m 17s)

---------------  T H R E A D  ---------------

Current thread (0x0000020bdf318ba0):  JavaThread "C2 CompilerThread0" daemon [_thread_in_native, id=66392, stack(0x0000001808600000,0x0000001808700000)]


Current CompileTask:
C2:4577607 1159       4       sun.java2d.loops.GraphicsPrimitiveMgr::locate (104 bytes)

Stack: [0x0000001808600000,0x0000001808700000]
Native frames: (J=compiled Java code, j=interpreted, Vv=VM code, C=native code)
V  [jvm.dll+0x6681ca]
V  [jvm.dll+0x7c9e69]
V  [jvm.dll+0x7cb61e]
V  [jvm.dll+0x7cbc73]
V  [jvm.dll+0x242c55]
V  [jvm.dll+0xae10f]
V  [jvm.dll+0xae45c]
V  [jvm.dll+0x2a4d35]
V  [jvm.dll+0x573c29]
V  [jvm.dll+0x21e905]
V  [jvm.dll+0x217c01]
V  [jvm.dll+0x214ffc]
V  [jvm.dll+0x1a1beb]
V  [jvm.dll+0x225158]
V  [jvm.dll+0x22319c]
V  [jvm.dll+0x77fa62]
V  [jvm.dll+0x7795aa]
V  [jvm.dll+0x667066]
C  [ucrtbase.dll+0x21bb2]
C  [KERNEL32.DLL+0x17034]
C  [ntdll.dll+0x52651]


---------------  P R O C E S S  ---------------

Threads class SMR info:
_java_thread_list=0x0000020be0fd9550, length=16, elements={
0x0000020bdf302e00, 0x0000020bdf303bd0, 0x0000020bdf30df00, 0x0000020bdf311830,
0x0000020bdf314150, 0x0000020bdf314a60, 0x0000020bdf318ba0, 0x0000020bdf3419d0,
0x0000020bdf344330, 0x0000020bdf2de830, 0x0000020bdfe21f40, 0x0000020bdffe6640,
0x0000020bdffe6f60, 0x0000020bdffe7780, 0x0000020be0081c50, 0x0000020bc1349010
}

Java Threads: ( => current thread )
  0x0000020bdf302e00 JavaThread "Reference Handler" daemon [_thread_blocked, id=62132, stack(0x0000001808000000,0x0000001808100000)]
  0x0000020bdf303bd0 JavaThread "Finalizer" daemon [_thread_blocked, id=62680, stack(0x0000001808100000,0x0000001808200000)]
  0x0000020bdf30df00 JavaThread "Signal Dispatcher" daemon [_thread_blocked, id=43832, stack(0x0000001808200000,0x0000001808300000)]
  0x0000020bdf311830 JavaThread "Attach Listener" daemon [_thread_blocked, id=64772, stack(0x0000001808300000,0x0000001808400000)]
  0x0000020bdf314150 JavaThread "Service Thread" daemon [_thread_blocked, id=63256, stack(0x0000001808400000,0x0000001808500000)]
  0x0000020bdf314a60 JavaThread "Monitor Deflation Thread" daemon [_thread_blocked, id=65424, stack(0x0000001808500000,0x0000001808600000)]
=>0x0000020bdf318ba0 JavaThread "C2 CompilerThread0" daemon [_thread_in_native, id=66392, stack(0x0000001808600000,0x0000001808700000)]
  0x0000020bdf3419d0 JavaThread "C1 CompilerThread0" daemon [_thread_in_native, id=65672, stack(0x0000001808700000,0x0000001808800000)]
  0x0000020bdf344330 JavaThread "Sweeper thread" daemon [_thread_blocked, id=66196, stack(0x0000001808800000,0x0000001808900000)]
  0x0000020bdf2de830 JavaThread "Common-Cleaner" daemon [_thread_blocked, id=62200, stack(0x0000001808900000,0x0000001808a00000)]
  0x0000020bdfe21f40 JavaThread "Notification Thread" daemon [_thread_blocked, id=67340, stack(0x0000001808a00000,0x0000001808b00000)]
  0x0000020bdffe6640 JavaThread "Java2D Disposer" daemon [_thread_blocked, id=63292, stack(0x0000001808c00000,0x0000001808d00000)]
  0x0000020bdffe6f60 JavaThread "AWT-Shutdown" [_thread_blocked, id=64712, stack(0x0000001808d00000,0x0000001808e00000)]
  0x0000020bdffe7780 JavaThread "AWT-Windows" daemon [_thread_in_native, id=66096, stack(0x0000001808e00000,0x0000001808f00000)]
  0x0000020be0081c50 JavaThread "AWT-EventQueue-0" [_thread_in_Java, id=67420, stack(0x0000001808f00000,0x0000001809000000)]
  0x0000020bc1349010 JavaThread "DestroyJavaVM" [_thread_blocked, id=58016, stack(0x0000001807900000,0x0000001807a00000)]

Other Threads:
  0x0000020bdf2fc4c0 VMThread "VM Thread" [stack: 0x0000001807f00000,0x0000001808000000] [id=62904]
  0x0000020bc134a010 WatcherThread [stack: 0x0000001808b00000,0x0000001808c00000] [id=64296]
  0x0000020bc1389d40 GCTaskThread "GC Thread#0" [stack: 0x0000001807a00000,0x0000001807b00000] [id=63848]
  0x0000020bc139ccf0 ConcurrentGCThread "G1 Main Marker" [stack: 0x0000001807b00000,0x0000001807c00000] [id=67300]
  0x0000020bc139de10 ConcurrentGCThread "G1 Conc#0" [stack: 0x0000001807c00000,0x0000001807d00000] [id=65604]
  0x0000020bc1429db0 ConcurrentGCThread "G1 Refine#0" [stack: 0x0000001807d00000,0x0000001807e00000] [id=47324]
  0x0000020bc142a740 ConcurrentGCThread "G1 Service" [stack: 0x0000001807e00000,0x0000001807f00000] [id=59852]

Threads with active compile tasks:
C2 CompilerThread0  4577661 1159       4       sun.java2d.loops.GraphicsPrimitiveMgr::locate (104 bytes)
C1 CompilerThread0  4577661 1161  s    3       sun.java2d.loops.GraphicsPrimitiveMgr::locatePrim (95 bytes)

VM state: not at safepoint (normal execution)

VM Mutex/Monitor currently owned by a thread: None

Heap address: 0x0000000081e00000, size: 2018 MB, Compressed Oops mode: 32-bit

CDS archive(s) mapped at: [0x0000000800000000-0x0000000800bb0000-0x0000000800bb0000), size 12255232, SharedBaseAddress: 0x0000000800000000, ArchiveRelocationMode: 0.
Compressed class space mapped at: 0x0000000800c00000-0x0000000840c00000, reserved size: 1073741824
Narrow klass base: 0x0000000800000000, Narrow klass shift: 3, Narrow klass range: 0x100000000

GC Precious Log:
 CPUs: 8 total, 8 available
 Memory: 8071M
 Large Page Support: Disabled
 NUMA Support: Disabled
 Compressed Oops: Enabled (32-bit)
 Heap Region Size: 1M
 Heap Min Capacity: 8M
 Heap Initial Capacity: 128M
 Heap Max Capacity: 2018M
 Pre-touch: Disabled
 Parallel Workers: 8
 Concurrent Workers: 2
 Concurrent Refinement Workers: 8
 Periodic GC: Disabled

Heap:
 garbage-first heap   total 131072K, used 19456K [0x0000000081e00000, 0x0000000100000000)
  region size 1024K, 16 young (16384K), 0 survivors (0K)
 Metaspace       used 7438K, committed 7616K, reserved 1056768K
  class space    used 772K, committed 896K, reserved 1048576K

Heap Regions: E=young(eden), S=young(survivor), O=old, HS=humongous(starts), HC=humongous(continues), CS=collection set, F=free, OA=open archive, CA=closed archive, TAMS=top-at-mark-start (previous, next)
|   0|0x0000000081e00000, 0x0000000081f00000, 0x0000000081f00000|100%|HS|  |TAMS 0x0000000081e00000, 0x0000000081e00000| Complete 
|   1|0x0000000081f00000, 0x0000000082000000, 0x0000000082000000|100%|HC|  |TAMS 0x0000000081f00000, 0x0000000081f00000| Complete 
|   2|0x0000000082000000, 0x0000000082100000, 0x0000000082100000|100%|HC|  |TAMS 0x0000000082000000, 0x0000000082000000| Complete 
|   3|0x0000000082100000, 0x0000000082200000, 0x0000000082200000|100%|HC|  |TAMS 0x0000000082100000, 0x0000000082100000| Complete 
|   4|0x0000000082200000, 0x0000000082200000, 0x0000000082300000|  0%| F|  |TAMS 0x0000000082200000, 0x0000000082200000| Untracked 
|   5|0x0000000082300000, 0x0000000082300000, 0x0000000082400000|  0%| F|  |TAMS 0x0000000082300000, 0x0000000082300000| Untracked 
|   6|0x0000000082400000, 0x0000000082400000, 0x0000000082500000|  0%| F|  |TAMS 0x0000000082400000, 0x0000000082400000| Untracked 
|   7|0x0000000082500000, 0x0000000082500000, 0x0000000082600000|  0%| F|  |TAMS 0x0000000082500000, 0x0000000082500000| Untracked 
|   8|0x0000000082600000, 0x0000000082600000, 0x0000000082700000|  0%| F|  |TAMS 0x0000000082600000, 0x0000000082600000| Untracked 
|   9|0x0000000082700000, 0x0000000082700000, 0x0000000082800000|  0%| F|  |TAMS 0x0000000082700000, 0x0000000082700000| Untracked 
|  10|0x0000000082800000, 0x0000000082800000, 0x0000000082900000|  0%| F|  |TAMS 0x0000000082800000, 0x0000000082800000| Untracked 
|  11|0x0000000082900000, 0x0000000082900000, 0x0000000082a00000|  0%| F|  |TAMS 0x0000000082900000, 0x0000000082900000| Untracked 
|  12|0x0000000082a00000, 0x0000000082a00000, 0x0000000082b00000|  0%| F|  |TAMS 0x0000000082a00000, 0x0000000082a00000| Untracked 
|  13|0x0000000082b00000, 0x0000000082b00000, 0x0000000082c00000|  0%| F|  |TAMS 0x0000000082b00000, 0x0000000082b00000| Untracked 
|  14|0x0000000082c00000, 0x0000000082c00000, 0x0000000082d00000|  0%| F|  |TAMS 0x0000000082c00000, 0x0000000082c00000| Untracked 
|  15|0x0000000082d00000, 0x0000000082d00000, 0x0000000082e00000|  0%| F|  |TAMS 0x0000000082d00000, 0x0000000082d00000| Untracked 
|  16|0x0000000082e00000, 0x0000000082e00000, 0x0000000082f00000|  0%| F|  |TAMS 0x0000000082e00000, 0x0000000082e00000| Untracked 
|  17|0x0000000082f00000, 0x0000000082f00000, 0x0000000083000000|  0%| F|  |TAMS 0x0000000082f00000, 0x0000000082f00000| Untracked 
|  18|0x0000000083000000, 0x0000000083000000, 0x0000000083100000|  0%| F|  |TAMS 0x0000000083000000, 0x0000000083000000| Untracked 
|  19|0x0000000083100000, 0x0000000083100000, 0x0000000083200000|  0%| F|  |TAMS 0x0000000083100000, 0x0000000083100000| Untracked 
|  20|0x0000000083200000, 0x0000000083200000, 0x0000000083300000|  0%| F|  |TAMS 0x0000000083200000, 0x0000000083200000| Untracked 
|  21|0x0000000083300000, 0x0000000083300000, 0x0000000083400000|  0%| F|  |TAMS 0x0000000083300000, 0x0000000083300000| Untracked 
|  22|0x0000000083400000, 0x0000000083400000, 0x0000000083500000|  0%| F|  |TAMS 0x0000000083400000, 0x0000000083400000| Untracked 
|  23|0x0000000083500000, 0x0000000083500000, 0x0000000083600000|  0%| F|  |TAMS 0x0000000083500000, 0x0000000083500000| Untracked 
|  24|0x0000000083600000, 0x0000000083600000, 0x0000000083700000|  0%| F|  |TAMS 0x0000000083600000, 0x0000000083600000| Untracked 
|  25|0x0000000083700000, 0x0000000083700000, 0x0000000083800000|  0%| F|  |TAMS 0x0000000083700000, 0x0000000083700000| Untracked 
|  26|0x0000000083800000, 0x0000000083800000, 0x0000000083900000|  0%| F|  |TAMS 0x0000000083800000, 0x0000000083800000| Untracked 
|  27|0x0000000083900000, 0x0000000083900000, 0x0000000083a00000|  0%| F|  |TAMS 0x0000000083900000, 0x0000000083900000| Untracked 
|  28|0x0000000083a00000, 0x0000000083a00000, 0x0000000083b00000|  0%| F|  |TAMS 0x0000000083a00000, 0x0000000083a00000| Untracked 
|  29|0x0000000083b00000, 0x0000000083b00000, 0x0000000083c00000|  0%| F|  |TAMS 0x0000000083b00000, 0x0000000083b00000| Untracked 
|  30|0x0000000083c00000, 0x0000000083c00000, 0x0000000083d00000|  0%| F|  |TAMS 0x0000000083c00000, 0x0000000083c00000| Untracked 
|  31|0x0000000083d00000, 0x0000000083d00000, 0x0000000083e00000|  0%| F|  |TAMS 0x0000000083d00000, 0x0000000083d00000| Untracked 
|  32|0x0000000083e00000, 0x0000000083e00000, 0x0000000083f00000|  0%| F|  |TAMS 0x0000000083e00000, 0x0000000083e00000| Untracked 
|  33|0x0000000083f00000, 0x0000000083f00000, 0x0000000084000000|  0%| F|  |TAMS 0x0000000083f00000, 0x0000000083f00000| Untracked 
|  34|0x0000000084000000, 0x0000000084000000, 0x0000000084100000|  0%| F|  |TAMS 0x0000000084000000, 0x0000000084000000| Untracked 
|  35|0x0000000084100000, 0x0000000084100000, 0x0000000084200000|  0%| F|  |TAMS 0x0000000084100000, 0x0000000084100000| Untracked 
|  36|0x0000000084200000, 0x0000000084200000, 0x0000000084300000|  0%| F|  |TAMS 0x0000000084200000, 0x0000000084200000| Untracked 
|  37|0x0000000084300000, 0x0000000084300000, 0x0000000084400000|  0%| F|  |TAMS 0x0000000084300000, 0x0000000084300000| Untracked 
|  38|0x0000000084400000, 0x0000000084400000, 0x0000000084500000|  0%| F|  |TAMS 0x0000000084400000, 0x0000000084400000| Untracked 
|  39|0x0000000084500000, 0x0000000084500000, 0x0000000084600000|  0%| F|  |TAMS 0x0000000084500000, 0x0000000084500000| Untracked 
|  40|0x0000000084600000, 0x0000000084600000, 0x0000000084700000|  0%| F|  |TAMS 0x0000000084600000, 0x0000000084600000| Untracked 
|  41|0x0000000084700000, 0x0000000084700000, 0x0000000084800000|  0%| F|  |TAMS 0x0000000084700000, 0x0000000084700000| Untracked 
|  42|0x0000000084800000, 0x0000000084800000, 0x0000000084900000|  0%| F|  |TAMS 0x0000000084800000, 0x0000000084800000| Untracked 
|  43|0x0000000084900000, 0x0000000084900000, 0x0000000084a00000|  0%| F|  |TAMS 0x0000000084900000, 0x0000000084900000| Untracked 
|  44|0x0000000084a00000, 0x0000000084a00000, 0x0000000084b00000|  0%| F|  |TAMS 0x0000000084a00000, 0x0000000084a00000| Untracked 
|  45|0x0000000084b00000, 0x0000000084b00000, 0x0000000084c00000|  0%| F|  |TAMS 0x0000000084b00000, 0x0000000084b00000| Untracked 
|  46|0x0000000084c00000, 0x0000000084c00000, 0x0000000084d00000|  0%| F|  |TAMS 0x0000000084c00000, 0x0000000084c00000| Untracked 
|  47|0x0000000084d00000, 0x0000000084d00000, 0x0000000084e00000|  0%| F|  |TAMS 0x0000000084d00000, 0x0000000084d00000| Untracked 
|  48|0x0000000084e00000, 0x0000000084e00000, 0x0000000084f00000|  0%| F|  |TAMS 0x0000000084e00000, 0x0000000084e00000| Untracked 
|  49|0x0000000084f00000, 0x0000000084f00000, 0x0000000085000000|  0%| F|  |TAMS 0x0000000084f00000, 0x0000000084f00000| Untracked 
|  50|0x0000000085000000, 0x0000000085000000, 0x0000000085100000|  0%| F|  |TAMS 0x0000000085000000, 0x0000000085000000| Untracked 
|  51|0x0000000085100000, 0x0000000085100000, 0x0000000085200000|  0%| F|  |TAMS 0x0000000085100000, 0x0000000085100000| Untracked 
|  52|0x0000000085200000, 0x0000000085200000, 0x0000000085300000|  0%| F|  |TAMS 0x0000000085200000, 0x0000000085200000| Untracked 
|  53|0x0000000085300000, 0x0000000085300000, 0x0000000085400000|  0%| F|  |TAMS 0x0000000085300000, 0x0000000085300000| Untracked 
|  54|0x0000000085400000, 0x0000000085400000, 0x0000000085500000|  0%| F|  |TAMS 0x0000000085400000, 0x0000000085400000| Untracked 
|  55|0x0000000085500000, 0x0000000085500000, 0x0000000085600000|  0%| F|  |TAMS 0x0000000085500000, 0x0000000085500000| Untracked 
|  56|0x0000000085600000, 0x0000000085600000, 0x0000000085700000|  0%| F|  |TAMS 0x0000000085600000, 0x0000000085600000| Untracked 
|  57|0x0000000085700000, 0x0000000085700000, 0x0000000085800000|  0%| F|  |TAMS 0x0000000085700000, 0x0000000085700000| Untracked 
|  58|0x0000000085800000, 0x0000000085800000, 0x0000000085900000|  0%| F|  |TAMS 0x0000000085800000, 0x0000000085800000| Untracked 
|  59|0x0000000085900000, 0x0000000085900000, 0x0000000085a00000|  0%| F|  |TAMS 0x0000000085900000, 0x0000000085900000| Untracked 
|  60|0x0000000085a00000, 0x0000000085a00000, 0x0000000085b00000|  0%| F|  |TAMS 0x0000000085a00000, 0x0000000085a00000| Untracked 
|  61|0x0000000085b00000, 0x0000000085b00000, 0x0000000085c00000|  0%| F|  |TAMS 0x0000000085b00000, 0x0000000085b00000| Untracked 
|  62|0x0000000085c00000, 0x0000000085c00000, 0x0000000085d00000|  0%| F|  |TAMS 0x0000000085c00000, 0x0000000085c00000| Untracked 
|  63|0x0000000085d00000, 0x0000000085d00000, 0x0000000085e00000|  0%| F|  |TAMS 0x0000000085d00000, 0x0000000085d00000| Untracked 
|  64|0x0000000085e00000, 0x0000000085e00000, 0x0000000085f00000|  0%| F|  |TAMS 0x0000000085e00000, 0x0000000085e00000| Untracked 
|  65|0x0000000085f00000, 0x0000000085f00000, 0x0000000086000000|  0%| F|  |TAMS 0x0000000085f00000, 0x0000000085f00000| Untracked 
|  66|0x0000000086000000, 0x0000000086000000, 0x0000000086100000|  0%| F|  |TAMS 0x0000000086000000, 0x0000000086000000| Untracked 
|  67|0x0000000086100000, 0x0000000086100000, 0x0000000086200000|  0%| F|  |TAMS 0x0000000086100000, 0x0000000086100000| Untracked 
|  68|0x0000000086200000, 0x0000000086200000, 0x0000000086300000|  0%| F|  |TAMS 0x0000000086200000, 0x0000000086200000| Untracked 
|  69|0x0000000086300000, 0x0000000086300000, 0x0000000086400000|  0%| F|  |TAMS 0x0000000086300000, 0x0000000086300000| Untracked 
|  70|0x0000000086400000, 0x0000000086400000, 0x0000000086500000|  0%| F|  |TAMS 0x0000000086400000, 0x0000000086400000| Untracked 
|  71|0x0000000086500000, 0x0000000086500000, 0x0000000086600000|  0%| F|  |TAMS 0x0000000086500000, 0x0000000086500000| Untracked 
|  72|0x0000000086600000, 0x0000000086600000, 0x0000000086700000|  0%| F|  |TAMS 0x0000000086600000, 0x0000000086600000| Untracked 
|  73|0x0000000086700000, 0x0000000086700000, 0x0000000086800000|  0%| F|  |TAMS 0x0000000086700000, 0x0000000086700000| Untracked 
|  74|0x0000000086800000, 0x0000000086800000, 0x0000000086900000|  0%| F|  |TAMS 0x0000000086800000, 0x0000000086800000| Untracked 
|  75|0x0000000086900000, 0x0000000086900000, 0x0000000086a00000|  0%| F|  |TAMS 0x0000000086900000, 0x0000000086900000| Untracked 
|  76|0x0000000086a00000, 0x0000000086a00000, 0x0000000086b00000|  0%| F|  |TAMS 0x0000000086a00000, 0x0000000086a00000| Untracked 
|  77|0x0000000086b00000, 0x0000000086b00000, 0x0000000086c00000|  0%| F|  |TAMS 0x0000000086b00000, 0x0000000086b00000| Untracked 
|  78|0x0000000086c00000, 0x0000000086c00000, 0x0000000086d00000|  0%| F|  |TAMS 0x0000000086c00000, 0x0000000086c00000| Untracked 
|  79|0x0000000086d00000, 0x0000000086d00000, 0x0000000086e00000|  0%| F|  |TAMS 0x0000000086d00000, 0x0000000086d00000| Untracked 
|  80|0x0000000086e00000, 0x0000000086e00000, 0x0000000086f00000|  0%| F|  |TAMS 0x0000000086e00000, 0x0000000086e00000| Untracked 
|  81|0x0000000086f00000, 0x0000000086f00000, 0x0000000087000000|  0%| F|  |TAMS 0x0000000086f00000, 0x0000000086f00000| Untracked 
|  82|0x0000000087000000, 0x0000000087000000, 0x0000000087100000|  0%| F|  |TAMS 0x0000000087000000, 0x0000000087000000| Untracked 
|  83|0x0000000087100000, 0x0000000087100000, 0x0000000087200000|  0%| F|  |TAMS 0x0000000087100000, 0x0000000087100000| Untracked 
|  84|0x0000000087200000, 0x0000000087200000, 0x0000000087300000|  0%| F|  |TAMS 0x0000000087200000, 0x0000000087200000| Untracked 
|  85|0x0000000087300000, 0x0000000087300000, 0x0000000087400000|  0%| F|  |TAMS 0x0000000087300000, 0x0000000087300000| Untracked 
|  86|0x0000000087400000, 0x0000000087400000, 0x0000000087500000|  0%| F|  |TAMS 0x0000000087400000, 0x0000000087400000| Untracked 
|  87|0x0000000087500000, 0x0000000087500000, 0x0000000087600000|  0%| F|  |TAMS 0x0000000087500000, 0x0000000087500000| Untracked 
|  88|0x0000000087600000, 0x0000000087600000, 0x0000000087700000|  0%| F|  |TAMS 0x0000000087600000, 0x0000000087600000| Untracked 
|  89|0x0000000087700000, 0x0000000087700000, 0x0000000087800000|  0%| F|  |TAMS 0x0000000087700000, 0x0000000087700000| Untracked 
|  90|0x0000000087800000, 0x0000000087800000, 0x0000000087900000|  0%| F|  |TAMS 0x0000000087800000, 0x0000000087800000| Untracked 
|  91|0x0000000087900000, 0x0000000087900000, 0x0000000087a00000|  0%| F|  |TAMS 0x0000000087900000, 0x0000000087900000| Untracked 
|  92|0x0000000087a00000, 0x0000000087a00000, 0x0000000087b00000|  0%| F|  |TAMS 0x0000000087a00000, 0x0000000087a00000| Untracked 
|  93|0x0000000087b00000, 0x0000000087b00000, 0x0000000087c00000|  0%| F|  |TAMS 0x0000000087b00000, 0x0000000087b00000| Untracked 
|  94|0x0000000087c00000, 0x0000000087c00000, 0x0000000087d00000|  0%| F|  |TAMS 0x0000000087c00000, 0x0000000087c00000| Untracked 
|  95|0x0000000087d00000, 0x0000000087d00000, 0x0000000087e00000|  0%| F|  |TAMS 0x0000000087d00000, 0x0000000087d00000| Untracked 
|  96|0x0000000087e00000, 0x0000000087e00000, 0x0000000087f00000|  0%| F|  |TAMS 0x0000000087e00000, 0x0000000087e00000| Untracked 
|  97|0x0000000087f00000, 0x0000000087f00000, 0x0000000088000000|  0%| F|  |TAMS 0x0000000087f00000, 0x0000000087f00000| Untracked 
|  98|0x0000000088000000, 0x0000000088000000, 0x0000000088100000|  0%| F|  |TAMS 0x0000000088000000, 0x0000000088000000| Untracked 
|  99|0x0000000088100000, 0x0000000088100000, 0x0000000088200000|  0%| F|  |TAMS 0x0000000088100000, 0x0000000088100000| Untracked 
| 100|0x0000000088200000, 0x0000000088200000, 0x0000000088300000|  0%| F|  |TAMS 0x0000000088200000, 0x0000000088200000| Untracked 
| 101|0x0000000088300000, 0x0000000088300000, 0x0000000088400000|  0%| F|  |TAMS 0x0000000088300000, 0x0000000088300000| Untracked 
| 102|0x0000000088400000, 0x0000000088400000, 0x0000000088500000|  0%| F|  |TAMS 0x0000000088400000, 0x0000000088400000| Untracked 
| 103|0x0000000088500000, 0x0000000088500000, 0x0000000088600000|  0%| F|  |TAMS 0x0000000088500000, 0x0000000088500000| Untracked 
| 104|0x0000000088600000, 0x0000000088600000, 0x0000000088700000|  0%| F|  |TAMS 0x0000000088600000, 0x0000000088600000| Untracked 
| 105|0x0000000088700000, 0x0000000088700000, 0x0000000088800000|  0%| F|  |TAMS 0x0000000088700000, 0x0000000088700000| Untracked 
| 106|0x0000000088800000, 0x0000000088800000, 0x0000000088900000|  0%| F|  |TAMS 0x0000000088800000, 0x0000000088800000| Untracked 
| 107|0x0000000088900000, 0x0000000088900000, 0x0000000088a00000|  0%| F|  |TAMS 0x0000000088900000, 0x0000000088900000| Untracked 
| 108|0x0000000088a00000, 0x0000000088a00000, 0x0000000088b00000|  0%| F|  |TAMS 0x0000000088a00000, 0x0000000088a00000| Untracked 
| 109|0x0000000088b00000, 0x0000000088b00000, 0x0000000088c00000|  0%| F|  |TAMS 0x0000000088b00000, 0x0000000088b00000| Untracked 
| 110|0x0000000088c00000, 0x0000000088c00000, 0x0000000088d00000|  0%| F|  |TAMS 0x0000000088c00000, 0x0000000088c00000| Untracked 
| 111|0x0000000088d00000, 0x0000000088d00000, 0x0000000088e00000|  0%| F|  |TAMS 0x0000000088d00000, 0x0000000088d00000| Untracked 
| 112|0x0000000088e00000, 0x0000000088e76458, 0x0000000088f00000| 46%| E|  |TAMS 0x0000000088e00000, 0x0000000088e00000| Complete 
| 113|0x0000000088f00000, 0x0000000089000000, 0x0000000089000000|100%| E|CS|TAMS 0x0000000088f00000, 0x0000000088f00000| Complete 
| 114|0x0000000089000000, 0x0000000089100000, 0x0000000089100000|100%| E|CS|TAMS 0x0000000089000000, 0x0000000089000000| Complete 
| 115|0x0000000089100000, 0x0000000089200000, 0x0000000089200000|100%| E|CS|TAMS 0x0000000089100000, 0x0000000089100000| Complete 
| 116|0x0000000089200000, 0x0000000089300000, 0x0000000089300000|100%| E|CS|TAMS 0x0000000089200000, 0x0000000089200000| Complete 
| 117|0x0000000089300000, 0x0000000089400000, 0x0000000089400000|100%| E|CS|TAMS 0x0000000089300000, 0x0000000089300000| Complete 
| 118|0x0000000089400000, 0x0000000089500000, 0x0000000089500000|100%| E|CS|TAMS 0x0000000089400000, 0x0000000089400000| Complete 
| 119|0x0000000089500000, 0x0000000089600000, 0x0000000089600000|100%| E|CS|TAMS 0x0000000089500000, 0x0000000089500000| Complete 
| 120|0x0000000089600000, 0x0000000089700000, 0x0000000089700000|100%| E|CS|TAMS 0x0000000089600000, 0x0000000089600000| Complete 
| 121|0x0000000089700000, 0x0000000089800000, 0x0000000089800000|100%| E|CS|TAMS 0x0000000089700000, 0x0000000089700000| Complete 
| 122|0x0000000089800000, 0x0000000089900000, 0x0000000089900000|100%| E|CS|TAMS 0x0000000089800000, 0x0000000089800000| Complete 
| 123|0x0000000089900000, 0x0000000089a00000, 0x0000000089a00000|100%| E|CS|TAMS 0x0000000089900000, 0x0000000089900000| Complete 
| 124|0x0000000089a00000, 0x0000000089b00000, 0x0000000089b00000|100%| E|CS|TAMS 0x0000000089a00000, 0x0000000089a00000| Complete 
| 125|0x0000000089b00000, 0x0000000089c00000, 0x0000000089c00000|100%| E|CS|TAMS 0x0000000089b00000, 0x0000000089b00000| Complete 
| 126|0x0000000089c00000, 0x0000000089d00000, 0x0000000089d00000|100%| E|CS|TAMS 0x0000000089c00000, 0x0000000089c00000| Complete 
| 127|0x0000000089d00000, 0x0000000089e00000, 0x0000000089e00000|100%| E|CS|TAMS 0x0000000089d00000, 0x0000000089d00000| Complete 

Card table byte_map: [0x0000020bd8210000,0x0000020bd8610000] _byte_map_base: 0x0000020bd7e01000

Marking Bits (Prev, Next): (CMBitMap*) 0x0000020bc138c6e0, (CMBitMap*) 0x0000020bc138c720
 Prev Bits: [0x0000020bd8a10000, 0x0000020bda998000)
 Next Bits: [0x0000020bda9a0000, 0x0000020bdc928000)

Polling page: 0x0000020bc0b30000

Metaspace:

Usage:
  Non-class:      6.51 MB used.
      Class:    772.52 KB used.
       Both:      7.26 MB used.

Virtual space:
  Non-class space:        8.00 MB reserved,       6.56 MB ( 82%) committed,  1 nodes.
      Class space:        1.00 GB reserved,     896.00 KB ( <1%) committed,  1 nodes.
              Both:        1.01 GB reserved,       7.44 MB ( <1%) committed. 

Chunk freelists:
   Non-Class:  1.00 MB
       Class:  3.12 MB
        Both:  4.12 MB

MaxMetaspaceSize: 17179869184.00 GB
CompressedClassSpaceSize: 1.00 GB
 - commit_granule_bytes: 65536.
 - commit_granule_words: 8192.
 - virtual_space_node_default_size: 1048576.
 - enlarge_chunks_in_place: 1.
 - new_chunks_are_fully_committed: 0.
 - uncommit_free_chunks: 1.
 - use_allocation_guard: 0.
 - handle_deallocations: 1.


Internal statistics:

num_allocs_failed_limit: 0.
num_arena_births: 108.
num_arena_deaths: 0.
num_vsnodes_births: 2.
num_vsnodes_deaths: 0.
num_space_committed: 119.
num_space_uncommitted: 0.
num_chunks_returned_to_freelist: 0.
num_chunks_taken_from_freelist: 132.
num_chunk_merges: 0.
num_chunk_splits: 83.
num_chunks_enlarged: 44.
num_purges: 0.

CodeHeap 'non-profiled nmethods': size=120000Kb used=355Kb max_used=355Kb free=119645Kb
 bounds [0x0000020bd05a0000, 0x0000020bd0810000, 0x0000020bd7ad0000]
CodeHeap 'profiled nmethods': size=120000Kb used=1892Kb max_used=1892Kb free=118107Kb
 bounds [0x0000020bc9070000, 0x0000020bc92e0000, 0x0000020bd05a0000]
CodeHeap 'non-nmethods': size=5760Kb used=1279Kb max_used=1318Kb free=4480Kb
 bounds [0x0000020bc8ad0000, 0x0000020bc8d40000, 0x0000020bc9070000]
 total_blobs=1757 nmethods=1157 adapters=513
 compilation: enabled
              stopped_count=0, restarted_count=0
 full_count=0

Compilation events (20 events):
Event: 3091.561 Thread 0x0000020bdf3419d0 nmethod 1149 0x0000020bc9242410 code [0x0000020bc9242600, 0x0000020bc92428d8]
Event: 3091.561 Thread 0x0000020bdf3419d0 1150       3       java.awt.EventQueue::dispatchEventImpl (136 bytes)
Event: 3091.565 Thread 0x0000020bdf3419d0 nmethod 1150 0x0000020bc9242a90 code [0x0000020bc9242e80, 0x0000020bc9244ea8]
Event: 3100.994 Thread 0x0000020bdf3419d0 1151       3       java.lang.Float::isNaN (12 bytes)
Event: 3100.994 Thread 0x0000020bdf3419d0 nmethod 1151 0x0000020bc9245610 code [0x0000020bc92457a0, 0x0000020bc9245918]
Event: 3103.264 Thread 0x0000020bdf3419d0 1152   !   3       java.awt.EventDispatchThread::filterAndCheckEvent (108 bytes)
Event: 3103.265 Thread 0x0000020bdf3419d0 nmethod 1152 0x0000020bc9245990 code [0x0000020bc9245be0, 0x0000020bc92468f8]
Event: 3103.265 Thread 0x0000020bdf3419d0 1153       3       java.awt.EventDispatchThread$HierarchyEventFilter::acceptEvent (225 bytes)
Event: 3103.267 Thread 0x0000020bdf3419d0 nmethod 1153 0x0000020bc9246d90 code [0x0000020bc9247020, 0x0000020bc9248308]
Event: 3103.267 Thread 0x0000020bdf3419d0 1155       3       java.awt.Component::checkTreeLock (21 bytes)
Event: 3103.268 Thread 0x0000020bdf3419d0 nmethod 1155 0x0000020bc9248590 code [0x0000020bc9248760, 0x0000020bc92489f8]
Event: 3103.268 Thread 0x0000020bdf3419d0 1154       3       sun.awt.dnd.SunDragSourceContextPeer::checkEvent (29 bytes)
Event: 3103.268 Thread 0x0000020bdf3419d0 nmethod 1154 0x0000020bc9248b10 code [0x0000020bc9248ce0, 0x0000020bc92491d8]
Event: 3103.388 Thread 0x0000020bdf318ba0 1156  s    4       sun.java2d.loops.GraphicsPrimitive::makeUniqueID (26 bytes)
Event: 3103.392 Thread 0x0000020bdf318ba0 nmethod 1156 0x0000020bd05f8190 code [0x0000020bd05f8320, 0x0000020bd05f8518]
Event: 3103.442 Thread 0x0000020bdf3419d0 1157       1       sun.awt.Win32GraphicsDevice::getDefaultScaleX (5 bytes)
Event: 3103.442 Thread 0x0000020bdf3419d0 nmethod 1157 0x0000020bd05f8610 code [0x0000020bd05f87a0, 0x0000020bd05f8878]
Event: 3103.442 Thread 0x0000020bdf3419d0 1158       1       sun.awt.Win32GraphicsDevice::getDefaultScaleY (5 bytes)
Event: 3103.442 Thread 0x0000020bdf3419d0 nmethod 1158 0x0000020bd05f8910 code [0x0000020bd05f8aa0, 0x0000020bd05f8b78]
Event: 4577.599 Thread 0x0000020bdf318ba0 1159       4       sun.java2d.loops.GraphicsPrimitiveMgr::locate (104 bytes)

GC Heap History (0 events):
No events

Deoptimization events (20 events):
Event: 0.749 Thread 0x0000020be0081c50 Uncommon trap: trap_request=0xffffff45 fr.pc=0x0000020bd05d2118 relative=0x00000000000004d8
Event: 0.749 Thread 0x0000020be0081c50 Uncommon trap: reason=unstable_if action=reinterpret pc=0x0000020bd05d2118 method=java.lang.StringLatin1.toLowerCase(Ljava/lang/String;[BLjava/util/Locale;)Ljava/lang/String; @ 43 c2
Event: 0.749 Thread 0x0000020be0081c50 DEOPT PACKING pc=0x0000020bd05d2118 sp=0x0000001808ffd2e0
Event: 0.749 Thread 0x0000020be0081c50 DEOPT UNPACKING pc=0x0000020bc8b1d72e sp=0x0000001808ffd250 mode 2
Event: 0.957 Thread 0x0000020be0081c50 DEOPT PACKING pc=0x0000020bc909bd67 sp=0x0000001808ffcf90
Event: 0.957 Thread 0x0000020be0081c50 DEOPT UNPACKING pc=0x0000020bc8b1dece sp=0x0000001808ffc3b0 mode 0
Event: 1.112 Thread 0x0000020be0081c50 DEOPT PACKING pc=0x0000020bc9078351 sp=0x0000001808ffc920
Event: 1.112 Thread 0x0000020be0081c50 DEOPT UNPACKING pc=0x0000020bc8b1dece sp=0x0000001808ffbd98 mode 0
Event: 1.196 Thread 0x0000020be0081c50 Uncommon trap: trap_request=0xffffff45 fr.pc=0x0000020bd05aa2e4 relative=0x0000000000000244
Event: 1.196 Thread 0x0000020be0081c50 Uncommon trap: reason=unstable_if action=reinterpret pc=0x0000020bd05aa2e4 method=java.lang.String.hashCode()I @ 20 c2
Event: 1.196 Thread 0x0000020be0081c50 DEOPT PACKING pc=0x0000020bd05aa2e4 sp=0x0000001808ffd0f0
Event: 1.196 Thread 0x0000020be0081c50 DEOPT UNPACKING pc=0x0000020bc8b1d72e sp=0x0000001808ffd080 mode 2
Event: 1.235 Thread 0x0000020be0081c50 Uncommon trap: trap_request=0xffffff45 fr.pc=0x0000020bd05e1098 relative=0x00000000000003d8
Event: 1.235 Thread 0x0000020be0081c50 Uncommon trap: reason=unstable_if action=reinterpret pc=0x0000020bd05e1098 method=java.lang.Character.isSurrogate(C)Z @ 3 c2
Event: 1.235 Thread 0x0000020be0081c50 DEOPT PACKING pc=0x0000020bd05e1098 sp=0x0000001808ffcde0
Event: 1.235 Thread 0x0000020be0081c50 DEOPT UNPACKING pc=0x0000020bc8b1d72e sp=0x0000001808ffccf8 mode 2
Event: 1.328 Thread 0x0000020be0081c50 Uncommon trap: trap_request=0xffffff45 fr.pc=0x0000020bd05dda8c relative=0x00000000000000ec
Event: 1.328 Thread 0x0000020be0081c50 Uncommon trap: reason=unstable_if action=reinterpret pc=0x0000020bd05dda8c method=java.lang.ThreadLocal$ThreadLocalMap.getEntry(Ljava/lang/ThreadLocal;)Ljava/lang/ThreadLocal$ThreadLocalMap$Entry; @ 21 c2
Event: 1.328 Thread 0x0000020be0081c50 DEOPT PACKING pc=0x0000020bd05dda8c sp=0x0000001808ffd610
Event: 1.329 Thread 0x0000020be0081c50 DEOPT UNPACKING pc=0x0000020bc8b1d72e sp=0x0000001808ffd528 mode 2

Classes unloaded (0 events):
No events

Classes redefined (0 events):
No events

Internal exceptions (18 events):
Event: 0.096 Thread 0x0000020bc1349010 Exception <a 'sun/nio/fs/WindowsException'{0x0000000089c40890}> (0x0000000089c40890) 
thrown [t:\workspace\open\src\hotspot\share\prims\jni.cpp, line 579]
Event: 0.097 Thread 0x0000020bc1349010 Exception <a 'sun/nio/fs/WindowsException'{0x0000000089c40e08}> (0x0000000089c40e08) 
thrown [t:\workspace\open\src\hotspot\share\prims\jni.cpp, line 579]
Event: 0.099 Thread 0x0000020bc1349010 Exception <a 'sun/nio/fs/WindowsException'{0x0000000089c43218}> (0x0000000089c43218) 
thrown [t:\workspace\open\src\hotspot\share\prims\jni.cpp, line 579]
Event: 0.100 Thread 0x0000020bc1349010 Exception <a 'sun/nio/fs/WindowsException'{0x0000000089c43d18}> (0x0000000089c43d18) 
thrown [t:\workspace\open\src\hotspot\share\prims\jni.cpp, line 579]
Event: 0.167 Thread 0x0000020bc1349010 Exception <a 'java/lang/NoSuchMethodError'{0x0000000089b02030}: 'void java.lang.invoke.DirectMethodHandle$Holder.invokeSpecial(java.lang.Object, java.lang.Object, java.lang.Object)'> (0x0000000089b02030) 
thrown [t:\workspace\open\src\hotspot\share\interpreter\linkResolver.cpp, line 790]
Event: 0.206 Thread 0x0000020bc1349010 Exception <a 'java/lang/ClassNotFoundException'{0x0000000089b18ea8}: sun/awt/resources/spi/awtProvider> (0x0000000089b18ea8) 
thrown [t:\workspace\open\src\hotspot\share\classfile\systemDictionary.cpp, line 256]
Event: 0.258 Thread 0x0000020bc1349010 Exception <a 'java/io/FileNotFoundException'{0x0000000089b6d4d8}> (0x0000000089b6d4d8) 
thrown [t:\workspace\open\src\hotspot\share\prims\jni.cpp, line 579]
Event: 0.276 Thread 0x0000020bc1349010 Exception <a 'java/io/FileNotFoundException'{0x0000000089b9c028}> (0x0000000089b9c028) 
thrown [t:\workspace\open\src\hotspot\share\prims\jni.cpp, line 579]
Event: 0.277 Thread 0x0000020bc1349010 Exception <a 'java/lang/NoSuchMethodError'{0x0000000089b9d120}: 'java.lang.Object java.lang.invoke.DirectMethodHandle$Holder.invokeStatic(java.lang.Object)'> (0x0000000089b9d120) 
thrown [t:\workspace\open\src\hotspot\share\interpreter\linkResolver.cpp, line 790]
Event: 0.348 Thread 0x0000020bc1349010 Exception <a 'java/lang/NoSuchMethodError'{0x0000000089becb00}: 'java.lang.Object java.lang.invoke.DirectMethodHandle$Holder.invokeStaticInit(java.lang.Object)'> (0x0000000089becb00) 
thrown [t:\workspace\open\src\hotspot\share\interpreter\linkResolver.cpp, line 790]
Event: 0.429 Thread 0x0000020bc1349010 Exception <a 'java/lang/NoSuchMethodError'{0x0000000089ad44e0}: 'java.lang.Object java.lang.invoke.DirectMethodHandle$Holder.newInvokeSpecial(java.lang.Object, java.lang.Object, java.lang.Object, java.lang.Object, java.lang.Object)'> (0x0000000089ad44e0) 
thrown [t:\workspace\open\src\hotspot\share\interpreter\linkResolver.cpp, line 790]
Event: 0.432 Thread 0x0000020bc1349010 Exception <a 'java/lang/NoSuchMethodError'{0x0000000089adffc8}: 'java.lang.Object java.lang.invoke.DirectMethodHandle$Holder.invokeStatic(java.lang.Object, int, java.lang.Object, java.lang.Object, java.lang.Object, java.lang.Object)'> (0x0000000089adffc8) 
thrown [t:\workspace\open\src\hotspot\share\interpreter\linkResolver.cpp, line 790]
Event: 0.439 Thread 0x0000020bc1349010 Exception <a 'java/lang/NoSuchMethodError'{0x0000000089906a40}: 'java.lang.Object java.lang.invoke.DirectMethodHandle$Holder.invokeStatic(java.lang.Object, int, java.lang.Object)'> (0x0000000089906a40) 
thrown [t:\workspace\open\src\hotspot\share\interpreter\linkResolver.cpp, line 790]
Event: 0.524 Thread 0x0000020bc1349010 Exception <a 'java/lang/ClassNotFoundException'{0x00000000899befb0}: com/sun/swing/internal/plaf/metal/resources/spi/metalProvider> (0x00000000899befb0) 
thrown [t:\workspace\open\src\hotspot\share\classfile\systemDictionary.cpp, line 256]
Event: 0.525 Thread 0x0000020bc1349010 Exception <a 'java/lang/ClassNotFoundException'{0x00000000899c3258}: com/sun/swing/internal/plaf/basic/resources/spi/basicProvider> (0x00000000899c3258) 
thrown [t:\workspace\open\src\hotspot\share\classfile\systemDictionary.cpp, line 256]
Event: 0.557 Thread 0x0000020bdffe7780 Exception <a 'java/lang/NoSuchMethodError'{0x0000000089a101c8}: 'void java.lang.invoke.DirectMethodHandle$Holder.invokeVirtual(java.lang.Object, java.lang.Object)'> (0x0000000089a101c8) 
thrown [t:\workspace\open\src\hotspot\share\interpreter\linkResolver.cpp, line 790]
Event: 0.577 Thread 0x0000020bc1349010 Exception <a 'java/lang/NoSuchMethodError'{0x000000008981cd38}: 'void java.lang.invoke.DirectMethodHandle$Holder.invokeStaticInit(java.lang.Object)'> (0x000000008981cd38) 
thrown [t:\workspace\open\src\hotspot\share\interpreter\linkResolver.cpp, line 790]
Event: 1.328 Thread 0x0000020be0081c50 Implicit null exception at 0x0000020bd05dda03 to 0x0000020bd05dda74

Events (20 events):
Event: 5.640 loading class sun/awt/SunToolkit$1
Event: 5.640 loading class sun/awt/SunToolkit$1 done
Event: 6.338 Executing  VM operation: Cleanup
Event: 6.338 Executing  VM operation: Cleanup done
Event: 1604.079 Executing  VM operation: Cleanup
Event: 1604.081 Executing  VM operation: Cleanup done
Event: 1605.089 Executing  VM operation: Cleanup
Event: 1605.089 Executing  VM operation: Cleanup done
Event: 1628.253 Executing  VM operation: Cleanup
Event: 1628.253 Executing  VM operation: Cleanup done
Event: 3091.543 loading class java/util/WeakHashMap$KeyIterator
Event: 3091.544 loading class java/util/WeakHashMap$HashIterator
Event: 3091.544 loading class java/util/WeakHashMap$HashIterator done
Event: 3091.544 loading class java/util/WeakHashMap$KeyIterator done
Event: 3091.549 loading class javax/swing/RepaintManager$DisplayChangedRunnable
Event: 3091.549 loading class javax/swing/RepaintManager$DisplayChangedRunnable done
Event: 3091.781 Executing  VM operation: Cleanup
Event: 3091.781 Executing  VM operation: Cleanup done
Event: 3101.881 Executing  VM operation: Cleanup
Event: 3101.882 Executing  VM operation: Cleanup done


Dynamic libraries:
0x00007ff707040000 - 0x00007ff707050000 	C:\Program Files\Java\jdk-16.0.2\bin\java.exe
0x00007fff62ff0000 - 0x00007fff631e7000 	C:\Windows\SYSTEM32\ntdll.dll
0x00007fff629c0000 - 0x00007fff62a7d000 	C:\Windows\System32\KERNEL32.DLL
0x00007fff60850000 - 0x00007fff60b1d000 	C:\Windows\System32\KERNELBASE.dll
0x00007fff60b20000 - 0x00007fff60c20000 	C:\Windows\System32\ucrtbase.dll
0x00007fff58dc0000 - 0x00007fff58dd9000 	C:\Program Files\Java\jdk-16.0.2\bin\VCRUNTIME140.dll
0x00007fff590d0000 - 0x00007fff590e8000 	C:\Program Files\Java\jdk-16.0.2\bin\jli.dll
0x00007fff61cc0000 - 0x00007fff61d6e000 	C:\Windows\System32\ADVAPI32.dll
0x00007fff61a60000 - 0x00007fff61afe000 	C:\Windows\System32\msvcrt.dll
0x00007fff61bb0000 - 0x00007fff61c4c000 	C:\Windows\System32\sechost.dll
0x00007fff61930000 - 0x00007fff61a55000 	C:\Windows\System32\RPCRT4.dll
0x00007fff612d0000 - 0x00007fff61470000 	C:\Windows\System32\USER32.dll
0x00007fff60820000 - 0x00007fff60842000 	C:\Windows\System32\win32u.dll
0x00007fff62980000 - 0x00007fff629aa000 	C:\Windows\System32\GDI32.dll
0x00007fff60f10000 - 0x00007fff6101b000 	C:\Windows\System32\gdi32full.dll
0x00007fff3ffc0000 - 0x00007fff4025a000 	C:\Windows\WinSxS\amd64_microsoft.windows.common-controls_6595b64144ccf1df_6.0.19041.1110_none_60b5254171f9507e\COMCTL32.dll
0x00007fff60710000 - 0x00007fff607ad000 	C:\Windows\System32\msvcp_win.dll
0x00007fff593d0000 - 0x00007fff593da000 	C:\Windows\SYSTEM32\VERSION.dll
0x00007fff61d70000 - 0x00007fff61da0000 	C:\Windows\System32\IMM32.DLL
0x00007fff5c150000 - 0x00007fff5c15c000 	C:\Program Files\Java\jdk-16.0.2\bin\vcruntime140_1.dll
0x00007fff33830000 - 0x00007fff338c1000 	C:\Program Files\Java\jdk-16.0.2\bin\msvcp140.dll
0x00007ffeef900000 - 0x00007ffef04ab000 	C:\Program Files\Java\jdk-16.0.2\bin\server\jvm.dll
0x00007fff621c0000 - 0x00007fff621c8000 	C:\Windows\System32\PSAPI.DLL
0x00007fff42050000 - 0x00007fff42059000 	C:\Windows\SYSTEM32\WSOCK32.dll
0x00007fff4adb0000 - 0x00007fff4add7000 	C:\Windows\SYSTEM32\WINMM.dll
0x00007fff61c50000 - 0x00007fff61cbb000 	C:\Windows\System32\WS2_32.dll
0x00007fff5efa0000 - 0x00007fff5efb2000 	C:\Windows\SYSTEM32\kernel.appcore.dll
0x00007fff58ac0000 - 0x00007fff58aca000 	C:\Program Files\Java\jdk-16.0.2\bin\jimage.dll
0x00007fff5e510000 - 0x00007fff5e6f4000 	C:\Windows\SYSTEM32\DBGHELP.DLL
0x00007fff4b2f0000 - 0x00007fff4b31c000 	C:\Windows\SYSTEM32\dbgcore.DLL
0x00007fff60c20000 - 0x00007fff60ca2000 	C:\Windows\System32\bcryptPrimitives.dll
0x00007fff343e0000 - 0x00007fff34405000 	C:\Program Files\Java\jdk-16.0.2\bin\java.dll
0x00007fff62230000 - 0x00007fff62974000 	C:\Windows\System32\SHELL32.dll
0x00007fff5e7f0000 - 0x00007fff5ef84000 	C:\Windows\SYSTEM32\windows.storage.dll
0x00007fff61500000 - 0x00007fff61854000 	C:\Windows\System32\combase.dll
0x00007fff600a0000 - 0x00007fff600cc000 	C:\Windows\SYSTEM32\Wldp.dll
0x00007fff61b00000 - 0x00007fff61bad000 	C:\Windows\System32\SHCORE.dll
0x00007fff62a80000 - 0x00007fff62ad5000 	C:\Windows\System32\shlwapi.dll
0x00007fff60650000 - 0x00007fff6066f000 	C:\Windows\SYSTEM32\profapi.dll
0x00007fff4ce40000 - 0x00007fff4ce59000 	C:\Program Files\Java\jdk-16.0.2\bin\net.dll
0x00007fff563c0000 - 0x00007fff564ca000 	C:\Windows\SYSTEM32\WINHTTP.dll
0x00007fff5fe00000 - 0x00007fff5fe6a000 	C:\Windows\system32\mswsock.dll
0x00007fff392c0000 - 0x00007fff392d3000 	C:\Program Files\Java\jdk-16.0.2\bin\nio.dll
0x00007fff37310000 - 0x00007fff37328000 	C:\Program Files\Java\jdk-16.0.2\bin\zip.dll
0x00007fff16e20000 - 0x00007fff16fa0000 	C:\Program Files\Java\jdk-16.0.2\bin\awt.dll
0x00007fff61050000 - 0x00007fff6111d000 	C:\Windows\System32\OLEAUT32.dll
0x00007fff5dce0000 - 0x00007fff5dd70000 	C:\Windows\SYSTEM32\apphelp.dll
0x00007fff5df80000 - 0x00007fff5dfaf000 	C:\Windows\system32\DWMAPI.DLL
0x00007fff5dd90000 - 0x00007fff5de2e000 	C:\Windows\system32\uxtheme.dll
0x00007fff394a0000 - 0x00007fff395c6000 	C:\Windows\system32\opengl32.dll
0x00007fff4cc50000 - 0x00007fff4cc7c000 	C:\Windows\SYSTEM32\GLU32.dll
0x00007fff61da0000 - 0x00007fff61eb5000 	C:\Windows\System32\MSCTF.dll
0x00007fff62090000 - 0x00007fff621ba000 	C:\Windows\System32\ole32.dll
0x00007fff337a0000 - 0x00007fff33829000 	C:\Program Files\Java\jdk-16.0.2\bin\freetype.dll
0x00007fff16d20000 - 0x00007fff16e16000 	C:\Program Files\Java\jdk-16.0.2\bin\harfbuzz.dll
0x00007fff33780000 - 0x00007fff33792000 	C:\Program Files\Java\jdk-16.0.2\bin\fontmanager.dll
0x00007fff59460000 - 0x00007fff59559000 	C:\Windows\SYSTEM32\textinputframework.dll
0x00007fff5db90000 - 0x00007fff5dc82000 	C:\Windows\System32\CoreMessaging.dll
0x00007fff5d730000 - 0x00007fff5da8e000 	C:\Windows\System32\CoreUIComponents.dll
0x00007fff5f410000 - 0x00007fff5f443000 	C:\Windows\SYSTEM32\ntmarta.dll
0x00007fff5d5d0000 - 0x00007fff5d724000 	C:\Windows\SYSTEM32\wintypes.dll
0x00007fff33000000 - 0x00007fff330ac000 	C:\Windows\SYSTEM32\TextShaping.dll

dbghelp: loaded successfully - version: 4.0.5 - missing functions: none
symbol engine: initialized successfully - sym options: 0x614 - pdb path: .;C:\Program Files\Java\jdk-16.0.2\bin;C:\Windows\SYSTEM32;C:\Windows\WinSxS\amd64_microsoft.windows.common-controls_6595b64144ccf1df_6.0.19041.1110_none_60b5254171f9507e;C:\Program Files\Java\jdk-16.0.2\bin\server

VM Arguments:
jvm_args: -Dfile.encoding=UTF-8 --module-path=C:\Users\admin\Documents\NetBeansProjects\bank management system\build\classes 
java_command: bank.management.system.Signup3
java_class_path (initial): C:\Users\admin\Downloads\jcalendar-1.1.4.jar;C:\Users\admin\Downloads\jcalendar-tz-1.3.3-4.jar\jcalendar-tz-1.3.3-4.jar;E:\JAR File\mysql-connector-java-8.0.17\mysql-connector-java-8.0.17.jar;C:\Users\admin\Documents\NetBeansProjects\bank management system\build\classes
Launcher Type: SUN_STANDARD

[Global flags]
     intx CICompilerCount                          = 4                                         {product} {ergonomic}
     uint ConcGCThreads                            = 2                                         {product} {ergonomic}
     uint G1ConcRefinementThreads                  = 8                                         {product} {ergonomic}
   size_t G1HeapRegionSize                         = 1048576                                   {product} {ergonomic}
    uintx GCDrainStackTargetSize                   = 64                                        {product} {ergonomic}
   size_t InitialHeapSize                          = 134217728                                 {product} {ergonomic}
   size_t MarkStackSize                            = 4194304                                   {product} {ergonomic}
   size_t MaxHeapSize                              = 2116026368                                {product} {ergonomic}
   size_t MaxNewSize                               = 1268776960                                {product} {ergonomic}
   size_t MinHeapDeltaBytes                        = 1048576                                   {product} {ergonomic}
   size_t MinHeapSize                              = 8388608                                   {product} {ergonomic}
    uintx NonNMethodCodeHeapSize                   = 5839372                                {pd product} {ergonomic}
    uintx NonProfiledCodeHeapSize                  = 122909434                              {pd product} {ergonomic}
    uintx ProfiledCodeHeapSize                     = 122909434                              {pd product} {ergonomic}
    uintx ReservedCodeCacheSize                    = 251658240                              {pd product} {ergonomic}
     bool SegmentedCodeCache                       = true                                      {product} {ergonomic}
   size_t SoftMaxHeapSize                          = 2116026368                             {manageable} {ergonomic}
     bool UseCompressedClassPointers               = true                           {product lp64_product} {ergonomic}
     bool UseCompressedOops                        = true                           {product lp64_product} {ergonomic}
     bool UseG1GC                                  = true                                      {product} {ergonomic}
     bool UseLargePagesIndividualAllocation        = false                                  {pd product} {ergonomic}

Logging:
Log output configuration:
 #0: stdout all=warning uptime,level,tags
 #1: stderr all=off uptime,level,tags

Environment Variables:
PATH=C:\Program Files\Common Files\Oracle\Java\javapath;C:\Users\admin\Downloads\WINDOWS.X64_193000_db_home\bin;C:\Program Files (x86)\Microchip\mplabc18\v3.45\mpasm;C:\Program Files (x86)\Microchip\mplabc18\v3.45\bin;C:\Program Files\Java\jdk-16.0.2\bin;C:\Program Files\Java\jdk-16.0.2;C:\Windows\system32;C:\Windows;C:\Windows\System32\Wbem;C:\Windows\System32\WindowsPowerShell\v1.0\;C:\Windows\System32\OpenSSH\;C:\Program Files (x86)\Microchip\MPLAB C32 Suite\bin;C:\Program Files\Pragma\Clients;C:\Program Files\Git\cmd;C:\Program Files (x86)\Microsoft SQL Server\100\Tools\Binn\;C:\Program Files\Microsoft SQL Server\100\Tools\Binn\;C:\Program Files\Microsoft SQL Server\100\DTS\Binn\;"C:\Windows\system32;C:\Windows;C:\Windows\System32\Wbem";C:\Users\admin\AppData\Local\Programs\Python\Python310\Scripts\;C:\Users\admin\AppData\Local\Programs\Python\Python310\;C:\Program Files (x86)\Microchip\mplabc18\v3.45\mpasm;C:\Program Files (x86)\Microchip\mplabc18\v3.45\bin;C:\Program Files\MySQL\MySQL Shell 8.0\bin\;C:\Users\admin\AppData\Local\Microsoft\WindowsApps;C:\Users\admin\AppData\Local\atom\bin;C:\Program Files\heroku\bin;C:\Users\admin\AppData\Local\Programs\Microsoft VS Code\bin;C:\Program Files\Git\bin;;C:\Program Files\JetBrains\PyCharm Community Edition 2021.3.1\bin;
USERNAME=admin
OS=Windows_NT
PROCESSOR_IDENTIFIER=Intel64 Family 6 Model 142 Stepping 12, GenuineIntel



---------------  S Y S T E M  ---------------

OS:
 Windows 10 , 64 bit Build 19041 (10.0.19041.1741)
OS uptime: 2 days 8:47 hours

CPU: total 8 (initial active 8) (4 cores per cpu, 2 threads per core) family 6 model 142 stepping 12 microcode 0xb8, cx8, cmov, fxsr, ht, mmx, 3dnowpref, sse, sse2, sse3, ssse3, sse4.1, sse4.2, popcnt, lzcnt, tsc, tscinvbit, avx, avx2, aes, erms, clmul, bmi1, bmi2, adx, fma, vzeroupper, clflush, clflushopt

Memory: 4k page, system-wide physical 8071M (476M free)
TotalPageFile size 32647M (AvailPageFile size 0M)
current process WorkingSet (physical memory assigned to process): 16M, peak: 78M
current process commit charge ("private bytes"): 225M, peak: 232M

vm_info: Java HotSpot(TM) 64-Bit Server VM (16.0.2+7-67) for windows-amd64 JRE (16.0.2+7-67), built on Jun  8 2021 23:24:19 by "mach5one" with MS VC++ 16.7 (VS2019)

END.
